<?xml version="1.0" encoding="utf-8"?>
<TestRun id="6885ab4f-e7fa-4bdd-accd-b9169eb36388" name="Admin@ALVAGONZ 2026-06-25 08:59:29" runUser="ALVAGONZ\Admin" xmlns="http://microsoft.com/schemas/VisualStudio/TeamTest/2010">
  <Times creation="2026-06-25T08:59:29.3143570-04:00" queuing="2026-06-25T08:59:29.3143577-04:00" start="2026-06-25T08:59:25.6264334-04:00" finish="2026-06-25T08:59:31.2894407-04:00" />
  <TestSettings name="default" id="56a54df7-c719-42db-be40-5776484d2cec">
    <Deployment runDeploymentRoot="Admin_ALVAGONZ_2026-06-25_08_59_29" />
  </TestSettings>
  <Results>
    <UnitTestResult executionId="099a246e-2109-496d-9134-550dbfa4ba9f" testId="24e40770-b0f4-ed6b-18f2-d764d42d2e8a" testName="UnitTests.Application.Features.Sello.Commands.EmitirSelloCommandHandlerTests.Handle_ShouldSucceed_WhenAptoAndNoSelloVigente" computerName="ALVAGONZ" duration="00:00:01.0693322" startTime="2026-06-25T08:59:29.5181228-04:00" endTime="2026-06-25T08:59:29.5181229-04:00" testType="13cdc9d9-ddb5-4fa4-a97d-d965ccfc6d4b" outcome="Passed" testListId="8c84fa94-04c1-424b-9868-57a2d4851a1d" relativeResultsDirectory="099a246e-2109-496d-9134-550dbfa4ba9f" />
    <UnitTestResult executionId="98304048-001f-4e33-ad52-32b7df56e884" testId="860d5243-51d2-b4b9-d610-586a3def3b6b" testName="Tests.Unit.Domain.SubscriptionTierPolicyTests.CanConsult_ConsultorAtLimit_ReturnsFalse" computerName="ALVAGONZ" duration="00:00:00.0000833" startTime="2026-06-25T08:59:29.5190299-04:00" endTime="2026-06-25T08:59:29.5190300-04:00" testType="13cdc9d9-ddb5-4fa4-a97d-d965ccfc6d4b" outcome="Passed" testListId="8c84fa94-04c1-424b-9868-57a2d4851a1d" relativeResultsDirectory="98304048-001f-4e33-ad52-32b7df56e884" />
    <UnitTestResult executionId="d93fe1a3-6ab6-491c-af1e-2eb624c69ef9" testId="0358dcef-79fc-57a5-eee4-9bc033dd1468" testName="Tests.Unit.Application.RegisterUserTests.RegisterUser_SelfRegistered_GetsUserRoleNotAdmin" computerName="ALVAGONZ" duration="00:00:00.0387982" startTime="2026-06-25T08:59:29.5622126-04:00" endTime="2026-06-25T08:59:29.5622127-04:00" testType="13cdc9d9-ddb5-4fa4-a97d-d965ccfc6d4b" outcome="Passed" testListId="8c84fa94-04c1-424b-9868-57a2d4851a1d" relativeResultsDirectory="d93fe1a3-6ab6-491c-af1e-2eb624c69ef9" />
    <UnitTestResult executionId="c9fbc548-9653-4ada-9ccf-5b1ce15bff51" testId="ccb0aea6-9383-6ca6-b5f6-9ae8f52541f6" testName="Tests.Unit.Application.RegisterUserTests.RegisterUser_NoPlanInDb_UserCreatedWithoutPlan" computerName="ALVAGONZ" duration="00:00:00.0035172" startTime="2026-06-25T08:59:29.5719550-04:00" endTime="2026-06-25T08:59:29.5719552-04:00" testType="13cdc9d9-ddb5-4fa4-a97d-d965ccfc6d4b" outcome="Passed" testListId="8c84fa94-04c1-424b-9868-57a2d4851a1d" relativeResultsDirectory="c9fbc548-9653-4ada-9ccf-5b1ce15bff51" />
    <UnitTestResult executionId="e2a6ae19-804a-4ceb-9698-a970cd78c040" testId="3b3aa517-1a9d-2ca8-d283-52c7aa49548e" testName="UnitTests.Application.Features.Validation.Commands.ExecuteDgiiValidationCommandHandlerTests.Handle_ShouldReturnError_WhenRncIsMissing" computerName="ALVAGONZ" duration="00:00:00.0037382" startTime="2026-06-25T08:59:29.5374639-04:00" endTime="2026-06-25T08:59:29.5374641-04:00" testType="13cdc9d9-ddb5-4fa4-a97d-d965ccfc6d4b" outcome="Passed" testListId="8c84fa94-04c1-424b-9868-57a2d4851a1d" relativeResultsDirectory="e2a6ae19-804a-4ceb-9698-a970cd78c040" />
    <UnitTestResult executionId="1d254780-060d-48e2-a898-cb549d7f8a40" testId="165d2758-2b23-8d2a-b77f-ee00eedef13e" testName="UnitTests.Controllers.SettingsControllerTests.UpdateUserPlan_Should_Insert_Legacy_Pago_Record" computerName="ALVAGONZ" duration="00:00:00.1274026" startTime="2026-06-25T08:59:31.1212167-04:00" endTime="2026-06-25T08:59:31.1212174-04:00" testType="13cdc9d9-ddb5-4fa4-a97d-d965ccfc6d4b" outcome="Passed" testListId="8c84fa94-04c1-424b-9868-57a2d4851a1d" relativeResultsDirectory="1d254780-060d-48e2-a898-cb549d7f8a40" />
    <UnitTestResult executionId="0d2fc718-5bdc-42b6-b0ca-db5082f97e9f" testId="ffe8744d-c5e9-3e90-f8a9-6a9bb9a6f684" testName="UnitTests.Application.Features.Credit.Commands.ConsultarCreditoCommandHandlerTests.Handle_ShouldGenerateHallazgo_WhenRiesgoAlto" computerName="ALVAGONZ" duration="00:00:01.0695170" startTime="2026-06-25T08:59:29.5182456-04:00" endTime="2026-06-25T08:59:29.5182456-04:00" testType="13cdc9d9-ddb5-4fa4-a97d-d965ccfc6d4b" outcome="Passed" testListId="8c84fa94-04c1-424b-9868-57a2d4851a1d" relativeResultsDirectory="0d2fc718-5bdc-42b6-b0ca-db5082f97e9f" />
    <UnitTestResult executionId="22920fea-0c2d-4820-841e-29e4ea706420" testId="c1cab7b1-2fce-8fad-b3a4-89d32eb1a06f" testName="UnitTests.Application.Features.Audit.GetProjectAuditTrailQueryHandlerTests.HandleAsync_ShouldFilterByTipoEvento" computerName="ALVAGONZ" duration="00:00:00.0054620" startTime="2026-06-25T08:59:29.5241966-04:00" endTime="2026-06-25T08:59:29.5241967-04:00" testType="13cdc9d9-ddb5-4fa4-a97d-d965ccfc6d4b" outcome="Passed" testListId="8c84fa94-04c1-424b-9868-57a2d4851a1d" relativeResultsDirectory="22920fea-0c2d-4820-841e-29e4ea706420" />
    <UnitTestResult executionId="7bfa4d1d-5b2b-437b-8a8a-d72d8f7eb2f5" testId="29ef6cb3-0821-889c-783c-6c09cd919cf5" testName="UnitTests.Application.Features.Consentimiento.Queries.VerificarVigenciaTests.Handle_ShouldReturnFalse_WhenNoConsentIsVigente" computerName="ALVAGONZ" duration="00:00:00.2200100" startTime="2026-06-25T08:59:29.4889492-04:00" endTime="2026-06-25T08:59:29.4889493-04:00" testType="13cdc9d9-ddb5-4fa4-a97d-d965ccfc6d4b" outcome="Passed" testListId="8c84fa94-04c1-424b-9868-57a2d4851a1d" relativeResultsDirectory="7bfa4d1d-5b2b-437b-8a8a-d72d8f7eb2f5" />
    <UnitTestResult executionId="a2a8589b-b859-46f8-8c67-e5d1a209997c" testId="602e8b7c-a64c-8b9b-ad2a-d6fb6350955a" testName="Tests.Unit.Domain.SubscriptionTierPolicyTests.CanCreateProject_ProfesionalBelowLimit_ReturnsTrue" computerName="ALVAGONZ" duration="00:00:00.0000941" startTime="2026-06-25T08:59:29.5192725-04:00" endTime="2026-06-25T08:59:29.5192725-04:00" testType="13cdc9d9-ddb5-4fa4-a97d-d965ccfc6d4b" outcome="Passed" testListId="8c84fa94-04c1-424b-9868-57a2d4851a1d" relativeResultsDirectory="a2a8589b-b859-46f8-8c67-e5d1a209997c" />
    <UnitTestResult executionId="b9035fd7-4817-4d72-8e69-2863da6756f2" testId="2924168b-1cf0-90ff-a027-986bbe9dbc55" testName="UnitTests.Application.Features.Credit.Commands.ConsultarCreditoCommandHandlerTests.Handle_ShouldFail_WhenNoConsentimientoVigente" computerName="ALVAGONZ" duration="00:00:00.0054660" startTime="2026-06-25T08:59:29.5232283-04:00" endTime="2026-06-25T08:59:29.5232284-04:00" testType="13cdc9d9-ddb5-4fa4-a97d-d965ccfc6d4b" outcome="Passed" testListId="8c84fa94-04c1-424b-9868-57a2d4851a1d" relativeResultsDirectory="b9035fd7-4817-4d72-8e69-2863da6756f2" />
    <UnitTestResult executionId="9b9783fc-4096-4886-a85a-558fde764379" testId="bf66317b-a495-8b6f-f9ed-2c41bdede6da" testName="UnitTests.DocumentServiceTests.GetProjectDiagnosticAsync_ShouldCalculatePercentage" computerName="ALVAGONZ" duration="00:00:00.0102212" startTime="2026-06-25T08:59:29.5239835-04:00" endTime="2026-06-25T08:59:29.5239836-04:00" testType="13cdc9d9-ddb5-4fa4-a97d-d965ccfc6d4b" outcome="Passed" testListId="8c84fa94-04c1-424b-9868-57a2d4851a1d" relativeResultsDirectory="9b9783fc-4096-4886-a85a-558fde764379" />
    <UnitTestResult executionId="4c46d604-c3e0-4c7d-b0d0-22bee9ab2e40" testId="de832c40-f57a-a80e-8661-135fc3a14d2a" testName="UnitTests.Application.Features.Validation.Commands.ExecuteAyuntamientoValidationCommandHandlerTests.Handle_ShouldCallAyuntamientoServiceAndSaveResult" computerName="ALVAGONZ" duration="00:00:00.0245199" startTime="2026-06-25T08:59:29.5616974-04:00" endTime="2026-06-25T08:59:29.5616975-04:00" testType="13cdc9d9-ddb5-4fa4-a97d-d965ccfc6d4b" outcome="Passed" testListId="8c84fa94-04c1-424b-9868-57a2d4851a1d" relativeResultsDirectory="4c46d604-c3e0-4c7d-b0d0-22bee9ab2e40" />
    <UnitTestResult executionId="8f33e728-df35-4b7d-9266-143f5d94cf46" testId="707bbc9d-4e7e-690f-78f5-0c8cb84934e9" testName="UnitTests.ProjectServiceTests.GetProjectById_ShouldReturnNull_WhenNotExists" computerName="ALVAGONZ" duration="00:00:00.0014802" startTime="2026-06-25T08:59:29.5251122-04:00" endTime="2026-06-25T08:59:29.5251125-04:00" testType="13cdc9d9-ddb5-4fa4-a97d-d965ccfc6d4b" outcome="Passed" testListId="8c84fa94-04c1-424b-9868-57a2d4851a1d" relativeResultsDirectory="8f33e728-df35-4b7d-9266-143f5d94cf46" />
    <UnitTestResult executionId="69842576-1511-4537-a582-aac55ea70c60" testId="fc8c0ff0-2bb6-066b-c12c-1e5a69810861" testName="UnitTests.Application.Services.Validation.ProjectValidationOrchestratorTests.RunFullValidationAsync_ShouldConsolidateResults_WhenAllProvidersSucceed" computerName="ALVAGONZ" duration="00:00:00.0085439" startTime="2026-06-25T08:59:29.6537544-04:00" endTime="2026-06-25T08:59:29.6537547-04:00" testType="13cdc9d9-ddb5-4fa4-a97d-d965ccfc6d4b" outcome="Passed" testListId="8c84fa94-04c1-424b-9868-57a2d4851a1d" relativeResultsDirectory="69842576-1511-4537-a582-aac55ea70c60" />
    <UnitTestResult executionId="a54ab9c4-1c51-4589-b85c-06c6c1b62da3" testId="6b0e27f9-9833-01be-3e02-04705bd0d512" testName="UnitTests.Application.Features.Reports.Queries.GenerarReporteHallazgosQueryHandlerTests.Handle_ShouldReturnApto_WhenNoCriticalOrHighFindings" computerName="ALVAGONZ" duration="00:00:01.0534394" startTime="2026-06-25T08:59:29.5017119-04:00" endTime="2026-06-25T08:59:29.5017120-04:00" testType="13cdc9d9-ddb5-4fa4-a97d-d965ccfc6d4b" outcome="Passed" testListId="8c84fa94-04c1-424b-9868-57a2d4851a1d" relativeResultsDirectory="a54ab9c4-1c51-4589-b85c-06c6c1b62da3" />
    <UnitTestResult executionId="9e538216-8e7d-4f06-ba29-bb5ae6c821be" testId="3298d3c0-0194-2b13-f4ff-443ebab2d25e" testName="UnitTests.Application.Features.Reports.GetPublicProjectReportQueryHandlerTests.HandleAsync_ShouldReturnNull_WhenNoGeneratedReportExists" computerName="ALVAGONZ" duration="00:00:01.0429796" startTime="2026-06-25T08:59:29.4912517-04:00" endTime="2026-06-25T08:59:29.4912521-04:00" testType="13cdc9d9-ddb5-4fa4-a97d-d965ccfc6d4b" outcome="Passed" testListId="8c84fa94-04c1-424b-9868-57a2d4851a1d" relativeResultsDirectory="9e538216-8e7d-4f06-ba29-bb5ae6c821be" />
    <UnitTestResult executionId="cd4812eb-e28a-4b41-904b-439be950f096" testId="066a28db-4b63-3e43-c101-43deb646edfd" testName="UnitTests.ProjectServiceTests.CreateProject_ShouldReturnDto_WhenValid" computerName="ALVAGONZ" duration="00:00:00.0037448" startTime="2026-06-25T08:59:29.5240947-04:00" endTime="2026-06-25T08:59:29.5240948-04:00" testType="13cdc9d9-ddb5-4fa4-a97d-d965ccfc6d4b" outcome="Passed" testListId="8c84fa94-04c1-424b-9868-57a2d4851a1d" relativeResultsDirectory="cd4812eb-e28a-4b41-904b-439be950f096" />
    <UnitTestResult executionId="c0c8f38b-d1fc-4364-a26e-2e07df61d864" testId="b327825b-d842-1f45-3d29-a49adb07cd46" testName="UnitTests.Infrastructure.ExternalValidation.MockProvidersTests.ExternalProviderResolver_ShouldResolveCorrectProvider" computerName="ALVAGONZ" duration="00:00:00.0083770" startTime="2026-06-25T08:59:29.5463178-04:00" endTime="2026-06-25T08:59:29.5463180-04:00" testType="13cdc9d9-ddb5-4fa4-a97d-d965ccfc6d4b" outcome="Passed" testListId="8c84fa94-04c1-424b-9868-57a2d4851a1d" relativeResultsDirectory="c0c8f38b-d1fc-4364-a26e-2e07df61d864" />
    <UnitTestResult executionId="7a1e27f2-2b09-457a-baca-c32d79666362" testId="ca16ed5e-8f9d-be1f-b8f1-5e30cecdf8a4" testName="Tests.Unit.Domain.SubscriptionTierPolicyTests.CanConsult_AdminWithExhaustedPlan_StillReturnsTrue" computerName="ALVAGONZ" duration="00:00:00.0000905" startTime="2026-06-25T08:59:29.5183919-04:00" endTime="2026-06-25T08:59:29.5183920-04:00" testType="13cdc9d9-ddb5-4fa4-a97d-d965ccfc6d4b" outcome="Passed" testListId="8c84fa94-04c1-424b-9868-57a2d4851a1d" relativeResultsDirectory="7a1e27f2-2b09-457a-baca-c32d79666362" />
    <UnitTestResult executionId="1325b0bc-abb8-4173-a002-e221f87e684e" testId="73bb0e11-f458-3dc4-25a5-2157fc1dc5f6" testName="UnitTests.Application.Features.Validation.Commands.EvaluateDocumentFormalityCommandHandlerTests.Handle_ShouldEvaluateDocumentsAndReturnResults" computerName="ALVAGONZ" duration="00:00:01.0687850" startTime="2026-06-25T08:59:29.5171016-04:00" endTime="2026-06-25T08:59:29.5171017-04:00" testType="13cdc9d9-ddb5-4fa4-a97d-d965ccfc6d4b" outcome="Passed" testListId="8c84fa94-04c1-424b-9868-57a2d4851a1d" relativeResultsDirectory="1325b0bc-abb8-4173-a002-e221f87e684e" />
    <UnitTestResult executionId="541aed85-87fa-4853-9df8-077a51e6c19d" testId="2543ff2a-36ce-75be-072c-39fab6229881" testName="UnitTests.Controllers.SettingsControllerTests.GetUsers_Should_Return_Forbidden_When_No_Cookie" computerName="ALVAGONZ" duration="00:00:00.0015790" startTime="2026-06-25T08:59:31.1863215-04:00" endTime="2026-06-25T08:59:31.1863217-04:00" testType="13cdc9d9-ddb5-4fa4-a97d-d965ccfc6d4b" outcome="Passed" testListId="8c84fa94-04c1-424b-9868-57a2d4851a1d" relativeResultsDirectory="541aed85-87fa-4853-9df8-077a51e6c19d" />
    <UnitTestResult executionId="0db075e5-c348-46c4-8916-2caa8bb014a0" testId="7be33208-3d14-969d-8ef3-72cfac5766c4" testName="UnitTests.DomainTests.Usuario_Should_Create_With_Valid_Data" computerName="ALVAGONZ" duration="00:00:00.0053922" startTime="2026-06-25T08:59:29.2917950-04:00" endTime="2026-06-25T08:59:29.2917954-04:00" testType="13cdc9d9-ddb5-4fa4-a97d-d965ccfc6d4b" outcome="Passed" testListId="8c84fa94-04c1-424b-9868-57a2d4851a1d" relativeResultsDirectory="0db075e5-c348-46c4-8916-2caa8bb014a0" />
    <UnitTestResult executionId="491c520e-1087-47e1-ab7a-292b31d116ca" testId="7aa3c0d0-5c55-552a-473d-f5af8b6316b2" testName="UnitTests.Application.Features.Audit.GetProjectAuditTrailQueryHandlerTests.HandleAsync_ShouldReturnAuditLogs_WhenNoFiltersApplied" computerName="ALVAGONZ" duration="00:00:00.0217779" startTime="2026-06-25T08:59:29.5191851-04:00" endTime="2026-06-25T08:59:29.5191851-04:00" testType="13cdc9d9-ddb5-4fa4-a97d-d965ccfc6d4b" outcome="Passed" testListId="8c84fa94-04c1-424b-9868-57a2d4851a1d" relativeResultsDirectory="491c520e-1087-47e1-ab7a-292b31d116ca" />
    <UnitTestResult executionId="f6a43f44-79d2-4609-aeb6-85d54ce5646b" testId="d213181b-1557-3e77-c135-5cf8923ac510" testName="UnitTests.Infrastructure.ExternalValidation.MockProvidersTests.MockCatastroProvider_ShouldReturnUnavailable_WhenDisabledInOptions" computerName="ALVAGONZ" duration="00:00:00.0012876" startTime="2026-06-25T08:59:29.5562825-04:00" endTime="2026-06-25T08:59:29.5562826-04:00" testType="13cdc9d9-ddb5-4fa4-a97d-d965ccfc6d4b" outcome="Passed" testListId="8c84fa94-04c1-424b-9868-57a2d4851a1d" relativeResultsDirectory="f6a43f44-79d2-4609-aeb6-85d54ce5646b" />
    <UnitTestResult executionId="939c461f-2074-44fa-be9b-c383e33d9d3d" testId="690f5d6f-cc82-1c23-7c56-8fb8531d0dfa" testName="Tests.Unit.Domain.SubscriptionTierPolicyTests.CanCreateProject_AdminNoPlan_ReturnsTrue" computerName="ALVAGONZ" duration="00:00:00.0000788" startTime="2026-06-25T08:59:29.5191046-04:00" endTime="2026-06-25T08:59:29.5191053-04:00" testType="13cdc9d9-ddb5-4fa4-a97d-d965ccfc6d4b" outcome="Passed" testListId="8c84fa94-04c1-424b-9868-57a2d4851a1d" relativeResultsDirectory="939c461f-2074-44fa-be9b-c383e33d9d3d" />
    <UnitTestResult executionId="d08378e2-5ee2-43cd-847a-ad4dd3b44110" testId="82ef74a7-09fd-34ae-b0b4-a659c866780a" testName="UnitTests.Infrastructure.ExternalValidation.MockProvidersTests.ExternalProviderResolver_ShouldThrowKeyNotFound_WhenProviderNotRegistered" computerName="ALVAGONZ" duration="00:00:00.0005226" startTime="2026-06-25T08:59:29.5570931-04:00" endTime="2026-06-25T08:59:29.5570932-04:00" testType="13cdc9d9-ddb5-4fa4-a97d-d965ccfc6d4b" outcome="Passed" testListId="8c84fa94-04c1-424b-9868-57a2d4851a1d" relativeResultsDirectory="d08378e2-5ee2-43cd-847a-ad4dd3b44110" />
    <UnitTestResult executionId="e602ee3f-303a-4d08-a277-32d1e5467ca7" testId="79eea01f-8550-807d-b774-0bb39c3fac92" testName="Tests.Unit.Domain.SubscriptionTierPolicyTests.CanCreateProject_UserNoPlan_ReturnsFalse" computerName="ALVAGONZ" duration="00:00:00.0000834" startTime="2026-06-25T08:59:29.5189456-04:00" endTime="2026-06-25T08:59:29.5189457-04:00" testType="13cdc9d9-ddb5-4fa4-a97d-d965ccfc6d4b" outcome="Passed" testListId="8c84fa94-04c1-424b-9868-57a2d4851a1d" relativeResultsDirectory="e602ee3f-303a-4d08-a277-32d1e5467ca7" />
    <UnitTestResult executionId="dc11c71b-8380-4d26-b605-f880a1ecd7bd" testId="c574b368-ddbf-4cf7-7136-4c3e3afd692d" testName="Tests.Unit.Domain.SubscriptionTierPolicyTests.CanConsult_EnterprisePlan_UnlimitedSentinel_AlwaysTrue" computerName="ALVAGONZ" duration="00:00:00.0000904" startTime="2026-06-25T08:59:29.5210998-04:00" endTime="2026-06-25T08:59:29.5210999-04:00" testType="13cdc9d9-ddb5-4fa4-a97d-d965ccfc6d4b" outcome="Passed" testListId="8c84fa94-04c1-424b-9868-57a2d4851a1d" relativeResultsDirectory="dc11c71b-8380-4d26-b605-f880a1ecd7bd" />
    <UnitTestResult executionId="0842b7e5-a074-40c8-b448-08b9d2f2a338" testId="359e01b9-5831-90a1-d083-cf6005c3073e" testName="Tests.Unit.Domain.SubscriptionTierPolicyTests.CanConsult_UserNoPlan_ReturnsFalse" computerName="ALVAGONZ" duration="00:00:00.0003162" startTime="2026-06-25T08:59:29.5181854-04:00" endTime="2026-06-25T08:59:29.5181854-04:00" testType="13cdc9d9-ddb5-4fa4-a97d-d965ccfc6d4b" outcome="Passed" testListId="8c84fa94-04c1-424b-9868-57a2d4851a1d" relativeResultsDirectory="0842b7e5-a074-40c8-b448-08b9d2f2a338" />
    <UnitTestResult executionId="ce9786db-2c1a-407f-8473-1520ef5b8d08" testId="d0246dca-470b-e111-ca12-277af5509ffb" testName="UnitTests.Infrastructure.Certifications.CertificationCodeGeneratorTests.GenerateCode_ShouldReturnFormattedCode" computerName="ALVAGONZ" duration="00:00:00.0002825" startTime="2026-06-25T08:59:29.5317371-04:00" endTime="2026-06-25T08:59:29.5317372-04:00" testType="13cdc9d9-ddb5-4fa4-a97d-d965ccfc6d4b" outcome="Passed" testListId="8c84fa94-04c1-424b-9868-57a2d4851a1d" relativeResultsDirectory="ce9786db-2c1a-407f-8473-1520ef5b8d08" />
    <UnitTestResult executionId="310d022e-3152-4114-8722-0668dcdd236c" testId="112c5d41-9b2d-ba25-81a7-6d6edaa22c62" testName="UnitTests.Application.Features.Validation.Commands.ValidarTerritorioCommandHandlerTests.Handle_ShouldGenerateHallazgo_WhenFueraDeLimites" computerName="ALVAGONZ" duration="00:00:00.0050350" startTime="2026-06-25T08:59:29.5613839-04:00" endTime="2026-06-25T08:59:29.5613842-04:00" testType="13cdc9d9-ddb5-4fa4-a97d-d965ccfc6d4b" outcome="Passed" testListId="8c84fa94-04c1-424b-9868-57a2d4851a1d" relativeResultsDirectory="310d022e-3152-4114-8722-0668dcdd236c" />
    <UnitTestResult executionId="5d7742b6-6176-4b0b-a57f-f7f0ee975b22" testId="001feb6f-e129-35d0-8714-07285fdc02ef" testName="UnitTests.Application.Features.Validations.InternalValidationEngineTests.RunValidationAsync_ShouldGenerateFindings_WhenRequiredDocumentsAreMissing" computerName="ALVAGONZ" duration="00:00:00.0138028" startTime="2026-06-25T08:59:29.5373634-04:00" endTime="2026-06-25T08:59:29.5373635-04:00" testType="13cdc9d9-ddb5-4fa4-a97d-d965ccfc6d4b" outcome="Passed" testListId="8c84fa94-04c1-424b-9868-57a2d4851a1d" relativeResultsDirectory="5d7742b6-6176-4b0b-a57f-f7f0ee975b22" />
    <UnitTestResult executionId="12a34ab8-5572-4706-89dc-f25fda0de5a0" testId="288494e9-4c68-787b-83a9-fe64c64aca15" testName="UnitTests.Application.Features.Certifications.IssueCertificationCommandHandlerTests.HandleAsync_ShouldIssueCertification_WhenProjectIsValid" computerName="ALVAGONZ" duration="00:00:00.0266413" startTime="2026-06-25T08:59:29.5502045-04:00" endTime="2026-06-25T08:59:29.5502048-04:00" testType="13cdc9d9-ddb5-4fa4-a97d-d965ccfc6d4b" outcome="Passed" testListId="8c84fa94-04c1-424b-9868-57a2d4851a1d" relativeResultsDirectory="12a34ab8-5572-4706-89dc-f25fda0de5a0" />
    <UnitTestResult executionId="ac9b9a15-e77a-4419-8cfe-c78cae75c33f" testId="563aca5a-ab6c-a8cb-1993-0e71c074cd9f" testName="UnitTests.CatastroComparisonServiceTests.Compare_ShouldReturnDiscrepancies_WhenDesignacionDiffers" computerName="ALVAGONZ" duration="00:00:00.0002691" startTime="2026-06-25T08:59:28.8367271-04:00" endTime="2026-06-25T08:59:28.8367273-04:00" testType="13cdc9d9-ddb5-4fa4-a97d-d965ccfc6d4b" outcome="Passed" testListId="8c84fa94-04c1-424b-9868-57a2d4851a1d" relativeResultsDirectory="ac9b9a15-e77a-4419-8cfe-c78cae75c33f" />
    <UnitTestResult executionId="73f719ed-b588-437b-ad5a-e68e96729ca1" testId="ac758033-2423-5c77-5296-f74a90362e35" testName="UnitTests.ProjectServiceTests.UpdateProject_ShouldReturnDto_WhenValid" computerName="ALVAGONZ" duration="00:00:00.0133442" startTime="2026-06-25T08:59:29.5149723-04:00" endTime="2026-06-25T08:59:29.5149724-04:00" testType="13cdc9d9-ddb5-4fa4-a97d-d965ccfc6d4b" outcome="Passed" testListId="8c84fa94-04c1-424b-9868-57a2d4851a1d" relativeResultsDirectory="73f719ed-b588-437b-ad5a-e68e96729ca1" />
    <UnitTestResult executionId="36931a8f-13f3-4b49-9347-942867b8d82c" testId="2e9b7305-fc3c-8c7a-aad0-98eb2f56a922" testName="UnitTests.ProjectServiceTests.GetVisibleProjects_ShouldReturnOnlyVisible" computerName="ALVAGONZ" duration="00:00:01.0531951" startTime="2026-06-25T08:59:29.5015933-04:00" endTime="2026-06-25T08:59:29.5015936-04:00" testType="13cdc9d9-ddb5-4fa4-a97d-d965ccfc6d4b" outcome="Passed" testListId="8c84fa94-04c1-424b-9868-57a2d4851a1d" relativeResultsDirectory="36931a8f-13f3-4b49-9347-942867b8d82c" />
    <UnitTestResult executionId="25dafcd0-6034-41fd-a118-56967d5f0b73" testId="04a07e45-af0c-89d5-f965-93fec767271d" testName="UnitTests.Controllers.SettingsControllerTests.UpdateUserRole_Should_Update_Role_And_Legacy_Profile" computerName="ALVAGONZ" duration="00:00:00.0631974" startTime="2026-06-25T08:59:31.1845856-04:00" endTime="2026-06-25T08:59:31.1845858-04:00" testType="13cdc9d9-ddb5-4fa4-a97d-d965ccfc6d4b" outcome="Passed" testListId="8c84fa94-04c1-424b-9868-57a2d4851a1d" relativeResultsDirectory="25dafcd0-6034-41fd-a118-56967d5f0b73" />
    <UnitTestResult executionId="6ee20234-7baf-4700-97f5-91291f264080" testId="d07f80e4-b565-291d-8e2f-24a1fba2cb7c" testName="UnitTests.Application.Features.Consentimiento.Commands.RegistrarConsentimientoCommandHandlerTests.Handle_ShouldRevokePreviousAndCreateNewConsent" computerName="ALVAGONZ" duration="00:00:00.0386274" startTime="2026-06-25T08:59:29.5558849-04:00" endTime="2026-06-25T08:59:29.5558851-04:00" testType="13cdc9d9-ddb5-4fa4-a97d-d965ccfc6d4b" outcome="Passed" testListId="8c84fa94-04c1-424b-9868-57a2d4851a1d" relativeResultsDirectory="6ee20234-7baf-4700-97f5-91291f264080" />
    <UnitTestResult executionId="203e0b7f-9af5-4c9b-b871-e331f07133e4" testId="9e81855a-04e3-5518-6b95-54da814494aa" testName="UnitTests.DocumentServiceTests.GetRequiredDocumentsAsync_ShouldReturnDocuments_BasedOnCategory" computerName="ALVAGONZ" duration="00:00:01.0649371" startTime="2026-06-25T08:59:29.5131017-04:00" endTime="2026-06-25T08:59:29.5131021-04:00" testType="13cdc9d9-ddb5-4fa4-a97d-d965ccfc6d4b" outcome="Passed" testListId="8c84fa94-04c1-424b-9868-57a2d4851a1d" relativeResultsDirectory="203e0b7f-9af5-4c9b-b871-e331f07133e4" />
    <UnitTestResult executionId="94a7d090-2678-4d9e-b703-7e4986f11013" testId="078a844d-b715-9453-6b92-13a6c7af5d60" testName="UnitTests.Infrastructure.ExternalValidation.MockProvidersTests.MockDgriProvider_ShouldReturnInconsistent_WhenReferenceStartsWithINCONSISTENT" computerName="ALVAGONZ" duration="00:00:00.0084369" startTime="2026-06-25T08:59:29.5549012-04:00" endTime="2026-06-25T08:59:29.5549015-04:00" testType="13cdc9d9-ddb5-4fa4-a97d-d965ccfc6d4b" outcome="Passed" testListId="8c84fa94-04c1-424b-9868-57a2d4851a1d" relativeResultsDirectory="94a7d090-2678-4d9e-b703-7e4986f11013" />
    <UnitTestResult executionId="9a6d8b20-4c76-4a1c-aaf6-21f4c9766032" testId="0bd5db59-e792-f065-80c4-4b86e2f7cc7e" testName="Tests.Unit.Domain.SubscriptionTierPolicyTests.IsProjectPublic_AdminNoPlan_ReturnsTrue" computerName="ALVAGONZ" duration="00:00:00.0000911" startTime="2026-06-25T08:59:29.5212201-04:00" endTime="2026-06-25T08:59:29.5212201-04:00" testType="13cdc9d9-ddb5-4fa4-a97d-d965ccfc6d4b" outcome="Passed" testListId="8c84fa94-04c1-424b-9868-57a2d4851a1d" relativeResultsDirectory="9a6d8b20-4c76-4a1c-aaf6-21f4c9766032" />
    <UnitTestResult executionId="40f936b0-ff0b-44ad-9fd5-88efe9355282" testId="bb7a88f8-8896-4a49-d0de-a469ad19f6a8" testName="UnitTests.Application.Features.Validation.Commands.CheckDuplicateExpedienteCommandHandlerTests.Handle_ShouldReturnNinguno_WhenNoDuplicatesFound" computerName="ALVAGONZ" duration="00:00:00.2328426" startTime="2026-06-25T08:59:29.5179819-04:00" endTime="2026-06-25T08:59:29.5179820-04:00" testType="13cdc9d9-ddb5-4fa4-a97d-d965ccfc6d4b" outcome="Passed" testListId="8c84fa94-04c1-424b-9868-57a2d4851a1d" relativeResultsDirectory="40f936b0-ff0b-44ad-9fd5-88efe9355282" />
    <UnitTestResult executionId="e9cc5e1f-a39e-4c03-93be-a38934528dfd" testId="d001d1fa-47b5-e18f-5b1c-8991c1d4b66f" testName="Tests.Unit.Application.ProjectServiceQuotaTests.CreateProject_ConsultorAtQuota_ThrowsQuotaExceeded" computerName="ALVAGONZ" duration="00:00:00.0056648" startTime="2026-06-25T08:59:29.5118424-04:00" endTime="2026-06-25T08:59:29.5118436-04:00" testType="13cdc9d9-ddb5-4fa4-a97d-d965ccfc6d4b" outcome="Passed" testListId="8c84fa94-04c1-424b-9868-57a2d4851a1d" relativeResultsDirectory="e9cc5e1f-a39e-4c03-93be-a38934528dfd" />
    <UnitTestResult executionId="4faff234-370d-4b2d-b399-afece5caecb8" testId="d93bb6d4-1fdd-9ec1-82de-05275e6d2687" testName="UnitTests.Application.Features.PublicVerification.GetPublicProjectVerificationQueryHandlerTests.HandleAsync_ShouldReturnDto_WhenCodeIsValid" computerName="ALVAGONZ" duration="00:00:00.0042745" startTime="2026-06-25T08:59:29.4932718-04:00" endTime="2026-06-25T08:59:29.4932720-04:00" testType="13cdc9d9-ddb5-4fa4-a97d-d965ccfc6d4b" outcome="Passed" testListId="8c84fa94-04c1-424b-9868-57a2d4851a1d" relativeResultsDirectory="4faff234-370d-4b2d-b399-afece5caecb8" />
    <UnitTestResult executionId="785f5de4-4496-4e01-b556-bb26e1969a41" testId="e5c169a1-1445-8ad1-a18b-64938db110b3" testName="UnitTests.Controllers.SettingsControllerTests.GetUsers_Should_Return_Forbidden_When_User_Is_Not_Admin" computerName="ALVAGONZ" duration="00:00:00.0188657" startTime="2026-06-25T08:59:30.9936330-04:00" endTime="2026-06-25T08:59:30.9936335-04:00" testType="13cdc9d9-ddb5-4fa4-a97d-d965ccfc6d4b" outcome="Passed" testListId="8c84fa94-04c1-424b-9868-57a2d4851a1d" relativeResultsDirectory="785f5de4-4496-4e01-b556-bb26e1969a41" />
    <UnitTestResult executionId="63023956-52b5-40da-89cf-d567787acc65" testId="d2717ba3-12fe-8600-f927-f704a7dbc659" testName="Tests.Unit.Application.ProjectServiceQuotaTests.CreateProject_UserNotFound_ThrowsUnauthorized" computerName="ALVAGONZ" duration="00:00:00.0029538" startTime="2026-06-25T08:59:29.5144951-04:00" endTime="2026-06-25T08:59:29.5144954-04:00" testType="13cdc9d9-ddb5-4fa4-a97d-d965ccfc6d4b" outcome="Passed" testListId="8c84fa94-04c1-424b-9868-57a2d4851a1d" relativeResultsDirectory="63023956-52b5-40da-89cf-d567787acc65" />
    <UnitTestResult executionId="3702a0d3-332f-4d2c-a22b-199254776e6b" testId="76f28694-439a-5b63-93be-f8a21d0837e9" testName="UnitTests.Infrastructure.Certifications.CertificationCodeGeneratorTests.GenerateCode_ShouldGenerateUniqueCodes" computerName="ALVAGONZ" duration="00:00:00.0067733" startTime="2026-06-25T08:59:29.5312778-04:00" endTime="2026-06-25T08:59:29.5312781-04:00" testType="13cdc9d9-ddb5-4fa4-a97d-d965ccfc6d4b" outcome="Passed" testListId="8c84fa94-04c1-424b-9868-57a2d4851a1d" relativeResultsDirectory="3702a0d3-332f-4d2c-a22b-199254776e6b" />
    <UnitTestResult executionId="595faa5a-205c-41a6-9fa2-2e7fe0293602" testId="86652d56-b0d3-f138-8f18-46f6baa3376e" testName="UnitTests.Application.Features.Consentimiento.Queries.VerificarVigenciaTests.Handle_ShouldReturnTrue_WhenConsentIsVigente" computerName="ALVAGONZ" duration="00:00:00.0028747" startTime="2026-06-25T08:59:29.4919163-04:00" endTime="2026-06-25T08:59:29.4919165-04:00" testType="13cdc9d9-ddb5-4fa4-a97d-d965ccfc6d4b" outcome="Passed" testListId="8c84fa94-04c1-424b-9868-57a2d4851a1d" relativeResultsDirectory="595faa5a-205c-41a6-9fa2-2e7fe0293602" />
    <UnitTestResult executionId="796fe81e-cfee-407d-a36e-b14b9a9bca54" testId="e430ba1c-6499-be12-8f55-1e78aa68b9b0" testName="Tests.Unit.Application.ConsultaSecurityTests.ConsultaGuard_NullUser_ThrowsUnauthorized" computerName="ALVAGONZ" duration="00:00:00.0012502" startTime="2026-06-25T08:59:29.5226354-04:00" endTime="2026-06-25T08:59:29.5226356-04:00" testType="13cdc9d9-ddb5-4fa4-a97d-d965ccfc6d4b" outcome="Passed" testListId="8c84fa94-04c1-424b-9868-57a2d4851a1d" relativeResultsDirectory="796fe81e-cfee-407d-a36e-b14b9a9bca54" />
    <UnitTestResult executionId="d87d86b2-a434-43bc-a2f5-446f5fa2ccae" testId="e59c1aa0-311d-12dd-cb2a-1b40fede0391" testName="UnitTests.CatastroComparisonServiceTests.Compare_ShouldReturnDiscrepancies_WhenGpsDiffers" computerName="ALVAGONZ" duration="00:00:00.0005226" startTime="2026-06-25T08:59:28.8361630-04:00" endTime="2026-06-25T08:59:28.8361633-04:00" testType="13cdc9d9-ddb5-4fa4-a97d-d965ccfc6d4b" outcome="Passed" testListId="8c84fa94-04c1-424b-9868-57a2d4851a1d" relativeResultsDirectory="d87d86b2-a434-43bc-a2f5-446f5fa2ccae" />
    <UnitTestResult executionId="7ac61784-888e-43e2-8d8d-0289ec966e4a" testId="65658894-8753-eecd-5ba0-04ad0c18ea6d" testName="Tests.Unit.Domain.RoleMapperTombstoneTest.MapProfileNameToRole_ShouldNotExistInSolution" computerName="ALVAGONZ" duration="00:00:00.8161666" startTime="2026-06-25T08:59:29.2682584-04:00" endTime="2026-06-25T08:59:29.2682591-04:00" testType="13cdc9d9-ddb5-4fa4-a97d-d965ccfc6d4b" outcome="Passed" testListId="8c84fa94-04c1-424b-9868-57a2d4851a1d" relativeResultsDirectory="7ac61784-888e-43e2-8d8d-0289ec966e4a" />
    <UnitTestResult executionId="ffa32951-d6a8-4b67-9e35-3af2c09fa600" testId="5b5afcac-fae7-f4d9-3bae-4459340bb617" testName="UnitTests.Infrastructure.ExternalValidation.MockProvidersTests.MockDgriProvider_ShouldReturnNotFound_WhenReferenceStartsWithNOTFOUND" computerName="ALVAGONZ" duration="00:00:00.0010035" startTime="2026-06-25T08:59:29.5600043-04:00" endTime="2026-06-25T08:59:29.5600046-04:00" testType="13cdc9d9-ddb5-4fa4-a97d-d965ccfc6d4b" outcome="Passed" testListId="8c84fa94-04c1-424b-9868-57a2d4851a1d" relativeResultsDirectory="ffa32951-d6a8-4b67-9e35-3af2c09fa600" />
    <UnitTestResult executionId="45bdcaa4-b402-4b9a-867b-cdf3e2b48178" testId="d430cf13-b9a3-c00f-b0cf-7884459e2954" testName="UnitTests.Application.Features.Validation.Commands.ValidarTerritorioCommandHandlerTests.Handle_ShouldGenerateHallazgo_WhenZonaIncompatible" computerName="ALVAGONZ" duration="00:00:00.0297154" startTime="2026-06-25T08:59:29.5529094-04:00" endTime="2026-06-25T08:59:29.5529098-04:00" testType="13cdc9d9-ddb5-4fa4-a97d-d965ccfc6d4b" outcome="Passed" testListId="8c84fa94-04c1-424b-9868-57a2d4851a1d" relativeResultsDirectory="45bdcaa4-b402-4b9a-867b-cdf3e2b48178" />
    <UnitTestResult executionId="bebe4e3d-f826-41bd-8b2c-84f3deb4449c" testId="825b2d71-9130-d650-4869-a1d1a9920188" testName="Tests.Unit.Application.ProjectServiceQuotaTests.CreateProject_AdminNoPlan_SucceedsAt9999Projects" computerName="ALVAGONZ" duration="00:00:00.0128884" startTime="2026-06-25T08:59:29.5055745-04:00" endTime="2026-06-25T08:59:29.5055747-04:00" testType="13cdc9d9-ddb5-4fa4-a97d-d965ccfc6d4b" outcome="Passed" testListId="8c84fa94-04c1-424b-9868-57a2d4851a1d" relativeResultsDirectory="bebe4e3d-f826-41bd-8b2c-84f3deb4449c" />
    <UnitTestResult executionId="a1446cbc-ed9f-4922-a847-39f48c4b3d19" testId="d7968eb3-6fb9-6e8d-f9f5-6f1b67314eeb" testName="Tests.Unit.Domain.SubscriptionTierPolicyTests.CanConsult_AdminNoPlan_ReturnsTrue" computerName="ALVAGONZ" duration="00:00:00.0001265" startTime="2026-06-25T08:59:29.5210267-04:00" endTime="2026-06-25T08:59:29.5210268-04:00" testType="13cdc9d9-ddb5-4fa4-a97d-d965ccfc6d4b" outcome="Passed" testListId="8c84fa94-04c1-424b-9868-57a2d4851a1d" relativeResultsDirectory="a1446cbc-ed9f-4922-a847-39f48c4b3d19" />
    <UnitTestResult executionId="d4e9c15d-f0cb-4162-b2fe-d94cda8a5dcb" testId="34e8e286-4e6b-6fb5-161b-10d0e81fae39" testName="UnitTests.Application.Features.PublicVerification.GetPublicProjectVerificationQueryHandlerTests.HandleAsync_ShouldReturnNotVerifiable_WhenCertIsRevoked" computerName="ALVAGONZ" duration="00:00:00.0434015" startTime="2026-06-25T08:59:29.5371785-04:00" endTime="2026-06-25T08:59:29.5371788-04:00" testType="13cdc9d9-ddb5-4fa4-a97d-d965ccfc6d4b" outcome="Passed" testListId="8c84fa94-04c1-424b-9868-57a2d4851a1d" relativeResultsDirectory="d4e9c15d-f0cb-4162-b2fe-d94cda8a5dcb" />
    <UnitTestResult executionId="c9d74138-76be-49c7-b13f-e4f33edfc4b6" testId="3f84ee0d-08dd-2a3b-085c-88a9bd1d2f8f" testName="UnitTests.ProjectServiceTests.GetProjectById_ShouldReturnDto_WhenExists" computerName="ALVAGONZ" duration="00:00:00.0025697" startTime="2026-06-25T08:59:29.5202219-04:00" endTime="2026-06-25T08:59:29.5202220-04:00" testType="13cdc9d9-ddb5-4fa4-a97d-d965ccfc6d4b" outcome="Passed" testListId="8c84fa94-04c1-424b-9868-57a2d4851a1d" relativeResultsDirectory="c9d74138-76be-49c7-b13f-e4f33edfc4b6" />
    <UnitTestResult executionId="06e5728c-8897-44c2-bf06-fad5e4397d2f" testId="4f242434-5c98-a337-dd52-935ad0f177a1" testName="Tests.Unit.Application.RegisterUserTests.RegisterUser_PlanConsultorExists_AssignedToPlan" computerName="ALVAGONZ" duration="00:00:00.0059009" startTime="2026-06-25T08:59:29.5682702-04:00" endTime="2026-06-25T08:59:29.5682704-04:00" testType="13cdc9d9-ddb5-4fa4-a97d-d965ccfc6d4b" outcome="Passed" testListId="8c84fa94-04c1-424b-9868-57a2d4851a1d" relativeResultsDirectory="06e5728c-8897-44c2-bf06-fad5e4397d2f" />
    <UnitTestResult executionId="ccb52666-804a-48b3-9b68-9f7133a0e2ca" testId="748113d0-6536-2bf3-f9e2-599644184eaf" testName="Tests.Unit.Domain.SubscriptionTierPolicyTests.CanCreateProject_ConsultorAtLimit_ReturnsFalse" computerName="ALVAGONZ" duration="00:00:00.0000979" startTime="2026-06-25T08:59:29.5211614-04:00" endTime="2026-06-25T08:59:29.5211615-04:00" testType="13cdc9d9-ddb5-4fa4-a97d-d965ccfc6d4b" outcome="Passed" testListId="8c84fa94-04c1-424b-9868-57a2d4851a1d" relativeResultsDirectory="ccb52666-804a-48b3-9b68-9f7133a0e2ca" />
    <UnitTestResult executionId="b43efb42-0dac-4cff-9159-4f5c79fe8815" testId="28b601a7-1b74-d867-58cf-6b9e9d527dcd" testName="UnitTests.InitiateDgriValidationCommandHandlerTests.Handle_ShouldUpdateProjectStatusToConObservaciones_WhenDgriReturnsCargas" computerName="ALVAGONZ" duration="00:00:00.0043658" startTime="2026-06-25T08:59:29.5619624-04:00" endTime="2026-06-25T08:59:29.5619626-04:00" testType="13cdc9d9-ddb5-4fa4-a97d-d965ccfc6d4b" outcome="Passed" testListId="8c84fa94-04c1-424b-9868-57a2d4851a1d" relativeResultsDirectory="b43efb42-0dac-4cff-9159-4f5c79fe8815" />
    <UnitTestResult executionId="9f638c02-4704-4607-8994-51e39798fde8" testId="76269788-5d4c-a96a-69dc-0aa8830e99a7" testName="UnitTests.Application.Features.Reports.Queries.GenerarReporteHallazgosQueryHandlerTests.Handle_ShouldReturnNotApto_WhenHighFindingsExist" computerName="ALVAGONZ" duration="00:00:00.0032502" startTime="2026-06-25T08:59:29.5054386-04:00" endTime="2026-06-25T08:59:29.5054389-04:00" testType="13cdc9d9-ddb5-4fa4-a97d-d965ccfc6d4b" outcome="Passed" testListId="8c84fa94-04c1-424b-9868-57a2d4851a1d" relativeResultsDirectory="9f638c02-4704-4607-8994-51e39798fde8" />
    <UnitTestResult executionId="18c8cd6b-4e6e-4ac8-b344-b13e7ae09237" testId="041309e6-e0ad-e47d-94c0-d993be671fc4" testName="Tests.Unit.Application.ConsultaSecurityTests.ConsultaGuard_UserA_CannotConsumeUserBQuota" computerName="ALVAGONZ" duration="00:00:00.0059893" startTime="2026-06-25T08:59:29.5213496-04:00" endTime="2026-06-25T08:59:29.5213497-04:00" testType="13cdc9d9-ddb5-4fa4-a97d-d965ccfc6d4b" outcome="Passed" testListId="8c84fa94-04c1-424b-9868-57a2d4851a1d" relativeResultsDirectory="18c8cd6b-4e6e-4ac8-b344-b13e7ae09237" />
    <UnitTestResult executionId="91f4b26b-23b2-4878-8d3e-4bcafb6b36aa" testId="a5fbddd9-b510-3d7f-d456-b0ac343b4cb5" testName="UnitTests.Api.Controllers.AuthControllerTests.Login_WithNonExistentUser_ReturnsBadRequest" computerName="ALVAGONZ" duration="00:00:00.0027913" startTime="2026-06-25T08:59:29.5900689-04:00" endTime="2026-06-25T08:59:29.5900692-04:00" testType="13cdc9d9-ddb5-4fa4-a97d-d965ccfc6d4b" outcome="Passed" testListId="8c84fa94-04c1-424b-9868-57a2d4851a1d" relativeResultsDirectory="91f4b26b-23b2-4878-8d3e-4bcafb6b36aa" />
    <UnitTestResult executionId="5d05238b-3bd8-42a2-807d-e840e5d6c4f3" testId="a5876dcd-5443-ec9d-823a-b093b44c6a4e" testName="UnitTests.Application.Features.Validation.Queries.GetActiveAlertsByProjectQueryHandlerTests.Handle_ShouldReturnOnlyActiveAlerts" computerName="ALVAGONZ" duration="00:00:00.0097912" startTime="2026-06-25T08:59:29.5150473-04:00" endTime="2026-06-25T08:59:29.5150474-04:00" testType="13cdc9d9-ddb5-4fa4-a97d-d965ccfc6d4b" outcome="Passed" testListId="8c84fa94-04c1-424b-9868-57a2d4851a1d" relativeResultsDirectory="5d05238b-3bd8-42a2-807d-e840e5d6c4f3" />
    <UnitTestResult executionId="af0bf489-4baa-49fc-9af9-301e3db8d822" testId="7a1d8f4d-25a5-f741-296c-b431e848c84d" testName="UnitTests.ProjectServiceTests.UpdateProject_ShouldThrowKeyNotFound_WhenNotFound" computerName="ALVAGONZ" duration="00:00:00.0020093" startTime="2026-06-25T08:59:29.5172537-04:00" endTime="2026-06-25T08:59:29.5172538-04:00" testType="13cdc9d9-ddb5-4fa4-a97d-d965ccfc6d4b" outcome="Passed" testListId="8c84fa94-04c1-424b-9868-57a2d4851a1d" relativeResultsDirectory="af0bf489-4baa-49fc-9af9-301e3db8d822" />
    <UnitTestResult executionId="d9366573-67d1-43b8-9d90-fd04077ba96b" testId="32635d5f-9147-94e0-5a37-bafaef7d6c32" testName="UnitTests.Application.Services.Validation.ProjectValidationOrchestratorTests.RunFullValidationAsync_ShouldContinue_WhenOneProviderFails" computerName="ALVAGONZ" duration="00:00:01.1966780" startTime="2026-06-25T08:59:29.6450251-04:00" endTime="2026-06-25T08:59:29.6450258-04:00" testType="13cdc9d9-ddb5-4fa4-a97d-d965ccfc6d4b" outcome="Passed" testListId="8c84fa94-04c1-424b-9868-57a2d4851a1d" relativeResultsDirectory="d9366573-67d1-43b8-9d90-fd04077ba96b" />
    <UnitTestResult executionId="1511b73f-c542-4d30-abe3-f6567f2eafe5" testId="1040189f-3b0d-fc68-6425-36210d96eaa2" testName="UnitTests.Api.Controllers.AuthControllerTests.Login_WithWrongPassword_ReturnsBadRequest" computerName="ALVAGONZ" duration="00:00:00.0034664" startTime="2026-06-25T08:59:29.5936895-04:00" endTime="2026-06-25T08:59:29.5936897-04:00" testType="13cdc9d9-ddb5-4fa4-a97d-d965ccfc6d4b" outcome="Passed" testListId="8c84fa94-04c1-424b-9868-57a2d4851a1d" relativeResultsDirectory="1511b73f-c542-4d30-abe3-f6567f2eafe5" />
    <UnitTestResult executionId="420562f5-50ea-4c9c-8d01-ff775f8c6ba4" testId="f2d173d0-4d30-3ea6-e05a-48334e91ec0b" testName="UnitTests.Controllers.SettingsControllerTests.GetUsers_Should_Return_Users_And_Perform_Sync_When_User_Is_Admin" computerName="ALVAGONZ" duration="00:00:02.1394129" startTime="2026-06-25T08:59:30.9746213-04:00" endTime="2026-06-25T08:59:30.9746218-04:00" testType="13cdc9d9-ddb5-4fa4-a97d-d965ccfc6d4b" outcome="Passed" testListId="8c84fa94-04c1-424b-9868-57a2d4851a1d" relativeResultsDirectory="420562f5-50ea-4c9c-8d01-ff775f8c6ba4" />
    <UnitTestResult executionId="69ced33a-6fde-4155-89ae-6c284a37247c" testId="d453c138-9627-a189-1457-d7362299aa4c" testName="UnitTests.Application.Features.Reports.GetPublicProjectReportQueryHandlerTests.HandleAsync_ShouldReturnReport_WhenProjectAndReportExist" computerName="ALVAGONZ" duration="00:00:00.0044428" startTime="2026-06-25T08:59:29.4958748-04:00" endTime="2026-06-25T08:59:29.4958750-04:00" testType="13cdc9d9-ddb5-4fa4-a97d-d965ccfc6d4b" outcome="Passed" testListId="8c84fa94-04c1-424b-9868-57a2d4851a1d" relativeResultsDirectory="69ced33a-6fde-4155-89ae-6c284a37247c" />
    <UnitTestResult executionId="e04157ff-a67e-46b8-94d9-0f2d328a3fc3" testId="c15627ec-761d-a5ae-a2b5-03c0898abdee" testName="UnitTests.Application.Features.PublicVerification.GetPublicProjectVerificationQueryHandlerTests.HandleAsync_ShouldReturnNull_WhenCodeIsNotFound" computerName="ALVAGONZ" duration="00:00:01.0405867" startTime="2026-06-25T08:59:29.4888637-04:00" endTime="2026-06-25T08:59:29.4888641-04:00" testType="13cdc9d9-ddb5-4fa4-a97d-d965ccfc6d4b" outcome="Passed" testListId="8c84fa94-04c1-424b-9868-57a2d4851a1d" relativeResultsDirectory="e04157ff-a67e-46b8-94d9-0f2d328a3fc3" />
    <UnitTestResult executionId="74acf4ce-f541-4f3f-a049-8fef6a60ff47" testId="1d0f934d-242a-bc5c-9791-ef56f65502c7" testName="Tests.Unit.Domain.SubscriptionTierPolicyTests.IsProjectPublic_ProfesionalPlan_ReturnsTrue" computerName="ALVAGONZ" duration="00:00:00.0000959" startTime="2026-06-25T08:59:29.5212752-04:00" endTime="2026-06-25T08:59:29.5212752-04:00" testType="13cdc9d9-ddb5-4fa4-a97d-d965ccfc6d4b" outcome="Passed" testListId="8c84fa94-04c1-424b-9868-57a2d4851a1d" relativeResultsDirectory="74acf4ce-f541-4f3f-a049-8fef6a60ff47" />
    <UnitTestResult executionId="9094092c-d96f-4bdc-91f4-b5070112bf6d" testId="73e928ca-cf00-a876-0f1c-b6b886073802" testName="UnitTests.Infrastructure.ExternalValidation.MockProvidersTests.MockDgriProvider_ShouldReturnSuccess_WhenReferenceIsNormal" computerName="ALVAGONZ" duration="00:00:00.0019328" startTime="2026-06-25T08:59:29.5588754-04:00" endTime="2026-06-25T08:59:29.5588756-04:00" testType="13cdc9d9-ddb5-4fa4-a97d-d965ccfc6d4b" outcome="Passed" testListId="8c84fa94-04c1-424b-9868-57a2d4851a1d" relativeResultsDirectory="9094092c-d96f-4bdc-91f4-b5070112bf6d" />
    <UnitTestResult executionId="4a18bc8b-d8fb-410f-b3d6-b4822760c898" testId="f4ec646b-b9fe-9ce1-2f0d-0815de197ece" testName="UnitTests.Application.Features.Validation.Commands.ValidarTerritorioCommandHandlerTests.Handle_ShouldNotExecute_WhenGpsIsNull" computerName="ALVAGONZ" duration="00:00:00.0032475" startTime="2026-06-25T08:59:29.5562123-04:00" endTime="2026-06-25T08:59:29.5562124-04:00" testType="13cdc9d9-ddb5-4fa4-a97d-d965ccfc6d4b" outcome="Passed" testListId="8c84fa94-04c1-424b-9868-57a2d4851a1d" relativeResultsDirectory="4a18bc8b-d8fb-410f-b3d6-b4822760c898" />
    <UnitTestResult executionId="4a10b672-116b-4d18-87c8-82716c52de1d" testId="5f7cdb61-c0d5-4496-7e7c-0d14c7bba47f" testName="UnitTests.Application.Features.Sello.Commands.EmitirSelloCommandHandlerTests.Handle_ShouldFail_WhenNotApto" computerName="ALVAGONZ" duration="00:00:00.0058596" startTime="2026-06-25T08:59:29.5239106-04:00" endTime="2026-06-25T08:59:29.5239106-04:00" testType="13cdc9d9-ddb5-4fa4-a97d-d965ccfc6d4b" outcome="Passed" testListId="8c84fa94-04c1-424b-9868-57a2d4851a1d" relativeResultsDirectory="4a10b672-116b-4d18-87c8-82716c52de1d" />
    <UnitTestResult executionId="a30e0dbd-c0fb-48c3-8d81-e1b224f0fd94" testId="60704a63-9f57-5364-7ad3-e6e2f2b801b8" testName="UnitTests.DomainTests.Documento_Should_Create_With_Valid_Data" computerName="ALVAGONZ" duration="00:00:00.0065331" startTime="2026-06-25T08:59:29.2784850-04:00" endTime="2026-06-25T08:59:29.2784855-04:00" testType="13cdc9d9-ddb5-4fa4-a97d-d965ccfc6d4b" outcome="Passed" testListId="8c84fa94-04c1-424b-9868-57a2d4851a1d" relativeResultsDirectory="a30e0dbd-c0fb-48c3-8d81-e1b224f0fd94" />
    <UnitTestResult executionId="70d3be89-2070-40a1-ade9-2987206c2fdf" testId="be32010f-eee2-11a6-4f78-1958c1927ad7" testName="Tests.Unit.Domain.SubscriptionTierPolicyTests.CanConsult_ConsultorBelowLimit_ReturnsTrue" computerName="ALVAGONZ" duration="00:00:00.0003195" startTime="2026-06-25T08:59:29.5183202-04:00" endTime="2026-06-25T08:59:29.5183203-04:00" testType="13cdc9d9-ddb5-4fa4-a97d-d965ccfc6d4b" outcome="Passed" testListId="8c84fa94-04c1-424b-9868-57a2d4851a1d" relativeResultsDirectory="70d3be89-2070-40a1-ade9-2987206c2fdf" />
    <UnitTestResult executionId="38c2a79c-42cb-4d7d-a046-6e9daa3917d7" testId="09d761bb-cfe9-8092-f611-f3537d798d78" testName="UnitTests.Application.Features.Validation.Commands.ExecuteDgiiValidationCommandHandlerTests.Handle_ShouldCallDgiiServiceAndSaveResult_WhenRncIsPresent" computerName="ALVAGONZ" duration="00:00:00.0126164" startTime="2026-06-25T08:59:29.5336610-04:00" endTime="2026-06-25T08:59:29.5336613-04:00" testType="13cdc9d9-ddb5-4fa4-a97d-d965ccfc6d4b" outcome="Passed" testListId="8c84fa94-04c1-424b-9868-57a2d4851a1d" relativeResultsDirectory="38c2a79c-42cb-4d7d-a046-6e9daa3917d7" />
    <UnitTestResult executionId="8d96d4db-6cf5-462e-84d6-bb688f8aaae1" testId="fbf65f66-fd1e-c3da-021e-c172356011c8" testName="UnitTests.Api.Controllers.AuthControllerTests.Login_WithValidCredentials_ReturnsOk" computerName="ALVAGONZ" duration="00:00:00.0727125" startTime="2026-06-25T08:59:29.5870776-04:00" endTime="2026-06-25T08:59:29.5870783-04:00" testType="13cdc9d9-ddb5-4fa4-a97d-d965ccfc6d4b" outcome="Passed" testListId="8c84fa94-04c1-424b-9868-57a2d4851a1d" relativeResultsDirectory="8d96d4db-6cf5-462e-84d6-bb688f8aaae1" />
    <UnitTestResult executionId="a4ce7177-a40b-46cb-9735-a68ac43e9d29" testId="623301f2-47f1-646e-598e-ceed6d305a18" testName="UnitTests.Application.Features.Validation.Commands.GenerateAlertaCommandHandlerTests.Handle_ShouldGenerateAlertaAndSendEmailIfCritica" computerName="ALVAGONZ" duration="00:00:00.0128720" startTime="2026-06-25T08:59:29.5382951-04:00" endTime="2026-06-25T08:59:29.5382953-04:00" testType="13cdc9d9-ddb5-4fa4-a97d-d965ccfc6d4b" outcome="Passed" testListId="8c84fa94-04c1-424b-9868-57a2d4851a1d" relativeResultsDirectory="a4ce7177-a40b-46cb-9735-a68ac43e9d29" />
    <UnitTestResult executionId="324f7b45-184f-472c-9567-94aa12a789f2" testId="65623937-0bd7-6036-b40f-37c7fa57d353" testName="UnitTests.DomainTests.Proyecto_Should_Create_With_Valid_Data" computerName="ALVAGONZ" duration="00:00:00.8196703" startTime="2026-06-25T08:59:29.2717661-04:00" endTime="2026-06-25T08:59:29.2717669-04:00" testType="13cdc9d9-ddb5-4fa4-a97d-d965ccfc6d4b" outcome="Passed" testListId="8c84fa94-04c1-424b-9868-57a2d4851a1d" relativeResultsDirectory="324f7b45-184f-472c-9567-94aa12a789f2" />
    <UnitTestResult executionId="b9a78630-fc45-4b24-a6e3-f1fef86c32aa" testId="58848238-db01-0cb7-93b0-51dfead24988" testName="UnitTests.CatastroComparisonServiceTests.Compare_ShouldReturnNoDiscrepancies_WhenDataMatches" computerName="ALVAGONZ" duration="00:00:00.3766088" startTime="2026-06-25T08:59:28.8323199-04:00" endTime="2026-06-25T08:59:28.8323460-04:00" testType="13cdc9d9-ddb5-4fa4-a97d-d965ccfc6d4b" outcome="Passed" testListId="8c84fa94-04c1-424b-9868-57a2d4851a1d" relativeResultsDirectory="b9a78630-fc45-4b24-a6e3-f1fef86c32aa" />
    <UnitTestResult executionId="05880f63-5ead-4127-911f-5a1d7e26dc6a" testId="7c5fb053-7f05-60ea-4849-b934adb6321f" testName="UnitTests.InitiateDgriValidationCommandHandlerTests.Handle_ShouldUpdateProjectStatus_WhenDgriReturnsValid" computerName="ALVAGONZ" duration="00:00:00.0254941" startTime="2026-06-25T08:59:29.5575432-04:00" endTime="2026-06-25T08:59:29.5575433-04:00" testType="13cdc9d9-ddb5-4fa4-a97d-d965ccfc6d4b" outcome="Passed" testListId="8c84fa94-04c1-424b-9868-57a2d4851a1d" relativeResultsDirectory="05880f63-5ead-4127-911f-5a1d7e26dc6a" />
    <UnitTestResult executionId="04825228-aab5-4e36-88c6-a91a48431b7f" testId="dd4df29a-912f-499b-360e-2b71c51ae601" testName="Tests.Unit.Domain.SubscriptionTierPolicyTests.IsProjectPublic_ConsultorPlan_ReturnsFalse" computerName="ALVAGONZ" duration="00:00:00.0008546" startTime="2026-06-25T08:59:29.5201456-04:00" endTime="2026-06-25T08:59:29.5201458-04:00" testType="13cdc9d9-ddb5-4fa4-a97d-d965ccfc6d4b" outcome="Passed" testListId="8c84fa94-04c1-424b-9868-57a2d4851a1d" relativeResultsDirectory="04825228-aab5-4e36-88c6-a91a48431b7f" />
    <UnitTestResult executionId="c8955713-60d1-4b16-aad0-ef47c51b2621" testId="5e99bd13-88ab-1e4b-80f8-d2b1d6a21d82" testName="UnitTests.Application.Features.Certifications.IssueCertificationCommandHandlerTests.HandleAsync_ShouldThrowException_WhenProjectHasNoReport" computerName="ALVAGONZ" duration="00:00:00.0046125" startTime="2026-06-25T08:59:29.5550072-04:00" endTime="2026-06-25T08:59:29.5550075-04:00" testType="13cdc9d9-ddb5-4fa4-a97d-d965ccfc6d4b" outcome="Passed" testListId="8c84fa94-04c1-424b-9868-57a2d4851a1d" relativeResultsDirectory="c8955713-60d1-4b16-aad0-ef47c51b2621" />
  </Results>
  <TestDefinitions>
    <UnitTest name="UnitTests.CatastroComparisonServiceTests.Compare_ShouldReturnDiscrepancies_WhenDesignacionDiffers" storage="c:\users\admin\desktop\anteproyecto-verify\tests\backend\unittests\bin\debug\net8.0\unittests.dll" id="563aca5a-ab6c-a8cb-1993-0e71c074cd9f">
      <Execution id="ac9b9a15-e77a-4419-8cfe-c78cae75c33f" />
      <TestMethod codeBase="C:\Users\Admin\Desktop\Anteproyecto-Verify\tests\backend\UnitTests\bin\Debug\net8.0\UnitTests.dll" adapterTypeName="executor://xunit/VsTestRunner2/netcoreapp" className="UnitTests.CatastroComparisonServiceTests" name="Compare_ShouldReturnDiscrepancies_WhenDesignacionDiffers" />
    </UnitTest>
    <UnitTest name="Tests.Unit.Application.ProjectServiceQuotaTests.CreateProject_ConsultorAtQuota_ThrowsQuotaExceeded" storage="c:\users\admin\desktop\anteproyecto-verify\tests\backend\unittests\bin\debug\net8.0\unittests.dll" id="d001d1fa-47b5-e18f-5b1c-8991c1d4b66f">
      <Execution id="e9cc5e1f-a39e-4c03-93be-a38934528dfd" />
      <TestMethod codeBase="C:\Users\Admin\Desktop\Anteproyecto-Verify\tests\backend\UnitTests\bin\Debug\net8.0\UnitTests.dll" adapterTypeName="executor://xunit/VsTestRunner2/netcoreapp" className="Tests.Unit.Application.ProjectServiceQuotaTests" name="CreateProject_ConsultorAtQuota_ThrowsQuotaExceeded" />
    </UnitTest>
    <UnitTest name="UnitTests.Application.Features.Sello.Commands.EmitirSelloCommandHandlerTests.Handle_ShouldFail_WhenNotApto" storage="c:\users\admin\desktop\anteproyecto-verify\tests\backend\unittests\bin\debug\net8.0\unittests.dll" id="5f7cdb61-c0d5-4496-7e7c-0d14c7bba47f">
      <Execution id="4a10b672-116b-4d18-87c8-82716c52de1d" />
      <TestMethod codeBase="C:\Users\Admin\Desktop\Anteproyecto-Verify\tests\backend\UnitTests\bin\Debug\net8.0\UnitTests.dll" adapterTypeName="executor://xunit/VsTestRunner2/netcoreapp" className="UnitTests.Application.Features.Sello.Commands.EmitirSelloCommandHandlerTests" name="Handle_ShouldFail_WhenNotApto" />
    </UnitTest>
    <UnitTest name="Tests.Unit.Domain.SubscriptionTierPolicyTests.CanCreateProject_ConsultorAtLimit_ReturnsFalse" storage="c:\users\admin\desktop\anteproyecto-verify\tests\backend\unittests\bin\debug\net8.0\unittests.dll" id="748113d0-6536-2bf3-f9e2-599644184eaf">
      <Execution id="ccb52666-804a-48b3-9b68-9f7133a0e2ca" />
      <TestMethod codeBase="C:\Users\Admin\Desktop\Anteproyecto-Verify\tests\backend\UnitTests\bin\Debug\net8.0\UnitTests.dll" adapterTypeName="executor://xunit/VsTestRunner2/netcoreapp" className="Tests.Unit.Domain.SubscriptionTierPolicyTests" name="CanCreateProject_ConsultorAtLimit_ReturnsFalse" />
    </UnitTest>
    <UnitTest name="UnitTests.Api.Controllers.AuthControllerTests.Login_WithWrongPassword_ReturnsBadRequest" storage="c:\users\admin\desktop\anteproyecto-verify\tests\backend\unittests\bin\debug\net8.0\unittests.dll" id="1040189f-3b0d-fc68-6425-36210d96eaa2">
      <Execution id="1511b73f-c542-4d30-abe3-f6567f2eafe5" />
      <TestMethod codeBase="C:\Users\Admin\Desktop\Anteproyecto-Verify\tests\backend\UnitTests\bin\Debug\net8.0\UnitTests.dll" adapterTypeName="executor://xunit/VsTestRunner2/netcoreapp" className="UnitTests.Api.Controllers.AuthControllerTests" name="Login_WithWrongPassword_ReturnsBadRequest" />
    </UnitTest>
    <UnitTest name="UnitTests.Application.Features.Audit.GetProjectAuditTrailQueryHandlerTests.HandleAsync_ShouldReturnAuditLogs_WhenNoFiltersApplied" storage="c:\users\admin\desktop\anteproyecto-verify\tests\backend\unittests\bin\debug\net8.0\unittests.dll" id="7aa3c0d0-5c55-552a-473d-f5af8b6316b2">
      <Execution id="491c520e-1087-47e1-ab7a-292b31d116ca" />
      <TestMethod codeBase="C:\Users\Admin\Desktop\Anteproyecto-Verify\tests\backend\UnitTests\bin\Debug\net8.0\UnitTests.dll" adapterTypeName="executor://xunit/VsTestRunner2/netcoreapp" className="UnitTests.Application.Features.Audit.GetProjectAuditTrailQueryHandlerTests" name="HandleAsync_ShouldReturnAuditLogs_WhenNoFiltersApplied" />
    </UnitTest>
    <UnitTest name="UnitTests.Api.Controllers.AuthControllerTests.Login_WithValidCredentials_ReturnsOk" storage="c:\users\admin\desktop\anteproyecto-verify\tests\backend\unittests\bin\debug\net8.0\unittests.dll" id="fbf65f66-fd1e-c3da-021e-c172356011c8">
      <Execution id="8d96d4db-6cf5-462e-84d6-bb688f8aaae1" />
      <TestMethod codeBase="C:\Users\Admin\Desktop\Anteproyecto-Verify\tests\backend\UnitTests\bin\Debug\net8.0\UnitTests.dll" adapterTypeName="executor://xunit/VsTestRunner2/netcoreapp" className="UnitTests.Api.Controllers.AuthControllerTests" name="Login_WithValidCredentials_ReturnsOk" />
    </UnitTest>
    <UnitTest name="Tests.Unit.Domain.RoleMapperTombstoneTest.MapProfileNameToRole_ShouldNotExistInSolution" storage="c:\users\admin\desktop\anteproyecto-verify\tests\backend\unittests\bin\debug\net8.0\unittests.dll" id="65658894-8753-eecd-5ba0-04ad0c18ea6d">
      <Execution id="7ac61784-888e-43e2-8d8d-0289ec966e4a" />
      <TestMethod codeBase="C:\Users\Admin\Desktop\Anteproyecto-Verify\tests\backend\UnitTests\bin\Debug\net8.0\UnitTests.dll" adapterTypeName="executor://xunit/VsTestRunner2/netcoreapp" className="Tests.Unit.Domain.RoleMapperTombstoneTest" name="MapProfileNameToRole_ShouldNotExistInSolution" />
    </UnitTest>
    <UnitTest name="Tests.Unit.Application.RegisterUserTests.RegisterUser_PlanConsultorExists_AssignedToPlan" storage="c:\users\admin\desktop\anteproyecto-verify\tests\backend\unittests\bin\debug\net8.0\unittests.dll" id="4f242434-5c98-a337-dd52-935ad0f177a1">
      <Execution id="06e5728c-8897-44c2-bf06-fad5e4397d2f" />
      <TestMethod codeBase="C:\Users\Admin\Desktop\Anteproyecto-Verify\tests\backend\UnitTests\bin\Debug\net8.0\UnitTests.dll" adapterTypeName="executor://xunit/VsTestRunner2/netcoreapp" className="Tests.Unit.Application.RegisterUserTests" name="RegisterUser_PlanConsultorExists_AssignedToPlan" />
    </UnitTest>
    <UnitTest name="UnitTests.Application.Features.Reports.GetPublicProjectReportQueryHandlerTests.HandleAsync_ShouldReturnReport_WhenProjectAndReportExist" storage="c:\users\admin\desktop\anteproyecto-verify\tests\backend\unittests\bin\debug\net8.0\unittests.dll" id="d453c138-9627-a189-1457-d7362299aa4c">
      <Execution id="69ced33a-6fde-4155-89ae-6c284a37247c" />
      <TestMethod codeBase="C:\Users\Admin\Desktop\Anteproyecto-Verify\tests\backend\UnitTests\bin\Debug\net8.0\UnitTests.dll" adapterTypeName="executor://xunit/VsTestRunner2/netcoreapp" className="UnitTests.Application.Features.Reports.GetPublicProjectReportQueryHandlerTests" name="HandleAsync_ShouldReturnReport_WhenProjectAndReportExist" />
    </UnitTest>
    <UnitTest name="Tests.Unit.Domain.SubscriptionTierPolicyTests.CanConsult_ConsultorBelowLimit_ReturnsTrue" storage="c:\users\admin\desktop\anteproyecto-verify\tests\backend\unittests\bin\debug\net8.0\unittests.dll" id="be32010f-eee2-11a6-4f78-1958c1927ad7">
      <Execution id="70d3be89-2070-40a1-ade9-2987206c2fdf" />
      <TestMethod codeBase="C:\Users\Admin\Desktop\Anteproyecto-Verify\tests\backend\UnitTests\bin\Debug\net8.0\UnitTests.dll" adapterTypeName="executor://xunit/VsTestRunner2/netcoreapp" className="Tests.Unit.Domain.SubscriptionTierPolicyTests" name="CanConsult_ConsultorBelowLimit_ReturnsTrue" />
    </UnitTest>
    <UnitTest name="Tests.Unit.Domain.SubscriptionTierPolicyTests.IsProjectPublic_AdminNoPlan_ReturnsTrue" storage="c:\users\admin\desktop\anteproyecto-verify\tests\backend\unittests\bin\debug\net8.0\unittests.dll" id="0bd5db59-e792-f065-80c4-4b86e2f7cc7e">
      <Execution id="9a6d8b20-4c76-4a1c-aaf6-21f4c9766032" />
      <TestMethod codeBase="C:\Users\Admin\Desktop\Anteproyecto-Verify\tests\backend\UnitTests\bin\Debug\net8.0\UnitTests.dll" adapterTypeName="executor://xunit/VsTestRunner2/netcoreapp" className="Tests.Unit.Domain.SubscriptionTierPolicyTests" name="IsProjectPublic_AdminNoPlan_ReturnsTrue" />
    </UnitTest>
    <UnitTest name="UnitTests.Infrastructure.Certifications.CertificationCodeGeneratorTests.GenerateCode_ShouldReturnFormattedCode" storage="c:\users\admin\desktop\anteproyecto-verify\tests\backend\unittests\bin\debug\net8.0\unittests.dll" id="d0246dca-470b-e111-ca12-277af5509ffb">
      <Execution id="ce9786db-2c1a-407f-8473-1520ef5b8d08" />
      <TestMethod codeBase="C:\Users\Admin\Desktop\Anteproyecto-Verify\tests\backend\UnitTests\bin\Debug\net8.0\UnitTests.dll" adapterTypeName="executor://xunit/VsTestRunner2/netcoreapp" className="UnitTests.Infrastructure.Certifications.CertificationCodeGeneratorTests" name="GenerateCode_ShouldReturnFormattedCode" />
    </UnitTest>
    <UnitTest name="Tests.Unit.Domain.SubscriptionTierPolicyTests.IsProjectPublic_ProfesionalPlan_ReturnsTrue" storage="c:\users\admin\desktop\anteproyecto-verify\tests\backend\unittests\bin\debug\net8.0\unittests.dll" id="1d0f934d-242a-bc5c-9791-ef56f65502c7">
      <Execution id="74acf4ce-f541-4f3f-a049-8fef6a60ff47" />
      <TestMethod codeBase="C:\Users\Admin\Desktop\Anteproyecto-Verify\tests\backend\UnitTests\bin\Debug\net8.0\UnitTests.dll" adapterTypeName="executor://xunit/VsTestRunner2/netcoreapp" className="Tests.Unit.Domain.SubscriptionTierPolicyTests" name="IsProjectPublic_ProfesionalPlan_ReturnsTrue" />
    </UnitTest>
    <UnitTest name="UnitTests.Application.Features.Validation.Commands.ValidarTerritorioCommandHandlerTests.Handle_ShouldNotExecute_WhenGpsIsNull" storage="c:\users\admin\desktop\anteproyecto-verify\tests\backend\unittests\bin\debug\net8.0\unittests.dll" id="f4ec646b-b9fe-9ce1-2f0d-0815de197ece">
      <Execution id="4a18bc8b-d8fb-410f-b3d6-b4822760c898" />
      <TestMethod codeBase="C:\Users\Admin\Desktop\Anteproyecto-Verify\tests\backend\UnitTests\bin\Debug\net8.0\UnitTests.dll" adapterTypeName="executor://xunit/VsTestRunner2/netcoreapp" className="UnitTests.Application.Features.Validation.Commands.ValidarTerritorioCommandHandlerTests" name="Handle_ShouldNotExecute_WhenGpsIsNull" />
    </UnitTest>
    <UnitTest name="UnitTests.Application.Features.Validation.Commands.EvaluateDocumentFormalityCommandHandlerTests.Handle_ShouldEvaluateDocumentsAndReturnResults" storage="c:\users\admin\desktop\anteproyecto-verify\tests\backend\unittests\bin\debug\net8.0\unittests.dll" id="73bb0e11-f458-3dc4-25a5-2157fc1dc5f6">
      <Execution id="1325b0bc-abb8-4173-a002-e221f87e684e" />
      <TestMethod codeBase="C:\Users\Admin\Desktop\Anteproyecto-Verify\tests\backend\UnitTests\bin\Debug\net8.0\UnitTests.dll" adapterTypeName="executor://xunit/VsTestRunner2/netcoreapp" className="UnitTests.Application.Features.Validation.Commands.EvaluateDocumentFormalityCommandHandlerTests" name="Handle_ShouldEvaluateDocumentsAndReturnResults" />
    </UnitTest>
    <UnitTest name="Tests.Unit.Domain.SubscriptionTierPolicyTests.CanConsult_AdminWithExhaustedPlan_StillReturnsTrue" storage="c:\users\admin\desktop\anteproyecto-verify\tests\backend\unittests\bin\debug\net8.0\unittests.dll" id="ca16ed5e-8f9d-be1f-b8f1-5e30cecdf8a4">
      <Execution id="7a1e27f2-2b09-457a-baca-c32d79666362" />
      <TestMethod codeBase="C:\Users\Admin\Desktop\Anteproyecto-Verify\tests\backend\UnitTests\bin\Debug\net8.0\UnitTests.dll" adapterTypeName="executor://xunit/VsTestRunner2/netcoreapp" className="Tests.Unit.Domain.SubscriptionTierPolicyTests" name="CanConsult_AdminWithExhaustedPlan_StillReturnsTrue" />
    </UnitTest>
    <UnitTest name="UnitTests.DomainTests.Proyecto_Should_Create_With_Valid_Data" storage="c:\users\admin\desktop\anteproyecto-verify\tests\backend\unittests\bin\debug\net8.0\unittests.dll" id="65623937-0bd7-6036-b40f-37c7fa57d353">
      <Execution id="324f7b45-184f-472c-9567-94aa12a789f2" />
      <TestMethod codeBase="C:\Users\Admin\Desktop\Anteproyecto-Verify\tests\backend\UnitTests\bin\Debug\net8.0\UnitTests.dll" adapterTypeName="executor://xunit/VsTestRunner2/netcoreapp" className="UnitTests.DomainTests" name="Proyecto_Should_Create_With_Valid_Data" />
    </UnitTest>
    <UnitTest name="Tests.Unit.Domain.SubscriptionTierPolicyTests.CanConsult_AdminNoPlan_ReturnsTrue" storage="c:\users\admin\desktop\anteproyecto-verify\tests\backend\unittests\bin\debug\net8.0\unittests.dll" id="d7968eb3-6fb9-6e8d-f9f5-6f1b67314eeb">
      <Execution id="a1446cbc-ed9f-4922-a847-39f48c4b3d19" />
      <TestMethod codeBase="C:\Users\Admin\Desktop\Anteproyecto-Verify\tests\backend\UnitTests\bin\Debug\net8.0\UnitTests.dll" adapterTypeName="executor://xunit/VsTestRunner2/netcoreapp" className="Tests.Unit.Domain.SubscriptionTierPolicyTests" name="CanConsult_AdminNoPlan_ReturnsTrue" />
    </UnitTest>
    <UnitTest name="UnitTests.Application.Features.Certifications.IssueCertificationCommandHandlerTests.HandleAsync_ShouldIssueCertification_WhenProjectIsValid" storage="c:\users\admin\desktop\anteproyecto-verify\tests\backend\unittests\bin\debug\net8.0\unittests.dll" id="288494e9-4c68-787b-83a9-fe64c64aca15">
      <Execution id="12a34ab8-5572-4706-89dc-f25fda0de5a0" />
      <TestMethod codeBase="C:\Users\Admin\Desktop\Anteproyecto-Verify\tests\backend\UnitTests\bin\Debug\net8.0\UnitTests.dll" adapterTypeName="executor://xunit/VsTestRunner2/netcoreapp" className="UnitTests.Application.Features.Certifications.IssueCertificationCommandHandlerTests" name="HandleAsync_ShouldIssueCertification_WhenProjectIsValid" />
    </UnitTest>
    <UnitTest name="UnitTests.ProjectServiceTests.CreateProject_ShouldReturnDto_WhenValid" storage="c:\users\admin\desktop\anteproyecto-verify\tests\backend\unittests\bin\debug\net8.0\unittests.dll" id="066a28db-4b63-3e43-c101-43deb646edfd">
      <Execution id="cd4812eb-e28a-4b41-904b-439be950f096" />
      <TestMethod codeBase="C:\Users\Admin\Desktop\Anteproyecto-Verify\tests\backend\UnitTests\bin\Debug\net8.0\UnitTests.dll" adapterTypeName="executor://xunit/VsTestRunner2/netcoreapp" className="UnitTests.ProjectServiceTests" name="CreateProject_ShouldReturnDto_WhenValid" />
    </UnitTest>
    <UnitTest name="UnitTests.Application.Features.Validation.Commands.ExecuteDgiiValidationCommandHandlerTests.Handle_ShouldReturnError_WhenRncIsMissing" storage="c:\users\admin\desktop\anteproyecto-verify\tests\backend\unittests\bin\debug\net8.0\unittests.dll" id="3b3aa517-1a9d-2ca8-d283-52c7aa49548e">
      <Execution id="e2a6ae19-804a-4ceb-9698-a970cd78c040" />
      <TestMethod codeBase="C:\Users\Admin\Desktop\Anteproyecto-Verify\tests\backend\UnitTests\bin\Debug\net8.0\UnitTests.dll" adapterTypeName="executor://xunit/VsTestRunner2/netcoreapp" className="UnitTests.Application.Features.Validation.Commands.ExecuteDgiiValidationCommandHandlerTests" name="Handle_ShouldReturnError_WhenRncIsMissing" />
    </UnitTest>
    <UnitTest name="UnitTests.ProjectServiceTests.GetProjectById_ShouldReturnNull_WhenNotExists" storage="c:\users\admin\desktop\anteproyecto-verify\tests\backend\unittests\bin\debug\net8.0\unittests.dll" id="707bbc9d-4e7e-690f-78f5-0c8cb84934e9">
      <Execution id="8f33e728-df35-4b7d-9266-143f5d94cf46" />
      <TestMethod codeBase="C:\Users\Admin\Desktop\Anteproyecto-Verify\tests\backend\UnitTests\bin\Debug\net8.0\UnitTests.dll" adapterTypeName="executor://xunit/VsTestRunner2/netcoreapp" className="UnitTests.ProjectServiceTests" name="GetProjectById_ShouldReturnNull_WhenNotExists" />
    </UnitTest>
    <UnitTest name="UnitTests.DomainTests.Usuario_Should_Create_With_Valid_Data" storage="c:\users\admin\desktop\anteproyecto-verify\tests\backend\unittests\bin\debug\net8.0\unittests.dll" id="7be33208-3d14-969d-8ef3-72cfac5766c4">
      <Execution id="0db075e5-c348-46c4-8916-2caa8bb014a0" />
      <TestMethod codeBase="C:\Users\Admin\Desktop\Anteproyecto-Verify\tests\backend\UnitTests\bin\Debug\net8.0\UnitTests.dll" adapterTypeName="executor://xunit/VsTestRunner2/netcoreapp" className="UnitTests.DomainTests" name="Usuario_Should_Create_With_Valid_Data" />
    </UnitTest>
    <UnitTest name="UnitTests.Infrastructure.ExternalValidation.MockProvidersTests.ExternalProviderResolver_ShouldThrowKeyNotFound_WhenProviderNotRegistered" storage="c:\users\admin\desktop\anteproyecto-verify\tests\backend\unittests\bin\debug\net8.0\unittests.dll" id="82ef74a7-09fd-34ae-b0b4-a659c866780a">
      <Execution id="d08378e2-5ee2-43cd-847a-ad4dd3b44110" />
      <TestMethod codeBase="C:\Users\Admin\Desktop\Anteproyecto-Verify\tests\backend\UnitTests\bin\Debug\net8.0\UnitTests.dll" adapterTypeName="executor://xunit/VsTestRunner2/netcoreapp" className="UnitTests.Infrastructure.ExternalValidation.MockProvidersTests" name="ExternalProviderResolver_ShouldThrowKeyNotFound_WhenProviderNotRegistered" />
    </UnitTest>
    <UnitTest name="UnitTests.CatastroComparisonServiceTests.Compare_ShouldReturnNoDiscrepancies_WhenDataMatches" storage="c:\users\admin\desktop\anteproyecto-verify\tests\backend\unittests\bin\debug\net8.0\unittests.dll" id="58848238-db01-0cb7-93b0-51dfead24988">
      <Execution id="b9a78630-fc45-4b24-a6e3-f1fef86c32aa" />
      <TestMethod codeBase="C:\Users\Admin\Desktop\Anteproyecto-Verify\tests\backend\UnitTests\bin\Debug\net8.0\UnitTests.dll" adapterTypeName="executor://xunit/VsTestRunner2/netcoreapp" className="UnitTests.CatastroComparisonServiceTests" name="Compare_ShouldReturnNoDiscrepancies_WhenDataMatches" />
    </UnitTest>
    <UnitTest name="UnitTests.Controllers.SettingsControllerTests.GetUsers_Should_Return_Forbidden_When_User_Is_Not_Admin" storage="c:\users\admin\desktop\anteproyecto-verify\tests\backend\unittests\bin\debug\net8.0\unittests.dll" id="e5c169a1-1445-8ad1-a18b-64938db110b3">
      <Execution id="785f5de4-4496-4e01-b556-bb26e1969a41" />
      <TestMethod codeBase="C:\Users\Admin\Desktop\Anteproyecto-Verify\tests\backend\UnitTests\bin\Debug\net8.0\UnitTests.dll" adapterTypeName="executor://xunit/VsTestRunner2/netcoreapp" className="UnitTests.Controllers.SettingsControllerTests" name="GetUsers_Should_Return_Forbidden_When_User_Is_Not_Admin" />
    </UnitTest>
    <UnitTest name="UnitTests.Infrastructure.ExternalValidation.MockProvidersTests.MockCatastroProvider_ShouldReturnUnavailable_WhenDisabledInOptions" storage="c:\users\admin\desktop\anteproyecto-verify\tests\backend\unittests\bin\debug\net8.0\unittests.dll" id="d213181b-1557-3e77-c135-5cf8923ac510">
      <Execution id="f6a43f44-79d2-4609-aeb6-85d54ce5646b" />
      <TestMethod codeBase="C:\Users\Admin\Desktop\Anteproyecto-Verify\tests\backend\UnitTests\bin\Debug\net8.0\UnitTests.dll" adapterTypeName="executor://xunit/VsTestRunner2/netcoreapp" className="UnitTests.Infrastructure.ExternalValidation.MockProvidersTests" name="MockCatastroProvider_ShouldReturnUnavailable_WhenDisabledInOptions" />
    </UnitTest>
    <UnitTest name="Tests.Unit.Application.ProjectServiceQuotaTests.CreateProject_UserNotFound_ThrowsUnauthorized" storage="c:\users\admin\desktop\anteproyecto-verify\tests\backend\unittests\bin\debug\net8.0\unittests.dll" id="d2717ba3-12fe-8600-f927-f704a7dbc659">
      <Execution id="63023956-52b5-40da-89cf-d567787acc65" />
      <TestMethod codeBase="C:\Users\Admin\Desktop\Anteproyecto-Verify\tests\backend\UnitTests\bin\Debug\net8.0\UnitTests.dll" adapterTypeName="executor://xunit/VsTestRunner2/netcoreapp" className="Tests.Unit.Application.ProjectServiceQuotaTests" name="CreateProject_UserNotFound_ThrowsUnauthorized" />
    </UnitTest>
    <UnitTest name="UnitTests.Application.Features.Audit.GetProjectAuditTrailQueryHandlerTests.HandleAsync_ShouldFilterByTipoEvento" storage="c:\users\admin\desktop\anteproyecto-verify\tests\backend\unittests\bin\debug\net8.0\unittests.dll" id="c1cab7b1-2fce-8fad-b3a4-89d32eb1a06f">
      <Execution id="22920fea-0c2d-4820-841e-29e4ea706420" />
      <TestMethod codeBase="C:\Users\Admin\Desktop\Anteproyecto-Verify\tests\backend\UnitTests\bin\Debug\net8.0\UnitTests.dll" adapterTypeName="executor://xunit/VsTestRunner2/netcoreapp" className="UnitTests.Application.Features.Audit.GetProjectAuditTrailQueryHandlerTests" name="HandleAsync_ShouldFilterByTipoEvento" />
    </UnitTest>
    <UnitTest name="Tests.Unit.Application.ProjectServiceQuotaTests.CreateProject_AdminNoPlan_SucceedsAt9999Projects" storage="c:\users\admin\desktop\anteproyecto-verify\tests\backend\unittests\bin\debug\net8.0\unittests.dll" id="825b2d71-9130-d650-4869-a1d1a9920188">
      <Execution id="bebe4e3d-f826-41bd-8b2c-84f3deb4449c" />
      <TestMethod codeBase="C:\Users\Admin\Desktop\Anteproyecto-Verify\tests\backend\UnitTests\bin\Debug\net8.0\UnitTests.dll" adapterTypeName="executor://xunit/VsTestRunner2/netcoreapp" className="Tests.Unit.Application.ProjectServiceQuotaTests" name="CreateProject_AdminNoPlan_SucceedsAt9999Projects" />
    </UnitTest>
    <UnitTest name="UnitTests.DocumentServiceTests.GetRequiredDocumentsAsync_ShouldReturnDocuments_BasedOnCategory" storage="c:\users\admin\desktop\anteproyecto-verify\tests\backend\unittests\bin\debug\net8.0\unittests.dll" id="9e81855a-04e3-5518-6b95-54da814494aa">
      <Execution id="203e0b7f-9af5-4c9b-b871-e331f07133e4" />
      <TestMethod codeBase="C:\Users\Admin\Desktop\Anteproyecto-Verify\tests\backend\UnitTests\bin\Debug\net8.0\UnitTests.dll" adapterTypeName="executor://xunit/VsTestRunner2/netcoreapp" className="UnitTests.DocumentServiceTests" name="GetRequiredDocumentsAsync_ShouldReturnDocuments_BasedOnCategory" />
    </UnitTest>
    <UnitTest name="UnitTests.InitiateDgriValidationCommandHandlerTests.Handle_ShouldUpdateProjectStatus_WhenDgriReturnsValid" storage="c:\users\admin\desktop\anteproyecto-verify\tests\backend\unittests\bin\debug\net8.0\unittests.dll" id="7c5fb053-7f05-60ea-4849-b934adb6321f">
      <Execution id="05880f63-5ead-4127-911f-5a1d7e26dc6a" />
      <TestMethod codeBase="C:\Users\Admin\Desktop\Anteproyecto-Verify\tests\backend\UnitTests\bin\Debug\net8.0\UnitTests.dll" adapterTypeName="executor://xunit/VsTestRunner2/netcoreapp" className="UnitTests.InitiateDgriValidationCommandHandlerTests" name="Handle_ShouldUpdateProjectStatus_WhenDgriReturnsValid" />
    </UnitTest>
    <UnitTest name="UnitTests.DocumentServiceTests.GetProjectDiagnosticAsync_ShouldCalculatePercentage" storage="c:\users\admin\desktop\anteproyecto-verify\tests\backend\unittests\bin\debug\net8.0\unittests.dll" id="bf66317b-a495-8b6f-f9ed-2c41bdede6da">
      <Execution id="9b9783fc-4096-4886-a85a-558fde764379" />
      <TestMethod codeBase="C:\Users\Admin\Desktop\Anteproyecto-Verify\tests\backend\UnitTests\bin\Debug\net8.0\UnitTests.dll" adapterTypeName="executor://xunit/VsTestRunner2/netcoreapp" className="UnitTests.DocumentServiceTests" name="GetProjectDiagnosticAsync_ShouldCalculatePercentage" />
    </UnitTest>
    <UnitTest name="UnitTests.Controllers.SettingsControllerTests.UpdateUserRole_Should_Update_Role_And_Legacy_Profile" storage="c:\users\admin\desktop\anteproyecto-verify\tests\backend\unittests\bin\debug\net8.0\unittests.dll" id="04a07e45-af0c-89d5-f965-93fec767271d">
      <Execution id="25dafcd0-6034-41fd-a118-56967d5f0b73" />
      <TestMethod codeBase="C:\Users\Admin\Desktop\Anteproyecto-Verify\tests\backend\UnitTests\bin\Debug\net8.0\UnitTests.dll" adapterTypeName="executor://xunit/VsTestRunner2/netcoreapp" className="UnitTests.Controllers.SettingsControllerTests" name="UpdateUserRole_Should_Update_Role_And_Legacy_Profile" />
    </UnitTest>
    <UnitTest name="UnitTests.CatastroComparisonServiceTests.Compare_ShouldReturnDiscrepancies_WhenGpsDiffers" storage="c:\users\admin\desktop\anteproyecto-verify\tests\backend\unittests\bin\debug\net8.0\unittests.dll" id="e59c1aa0-311d-12dd-cb2a-1b40fede0391">
      <Execution id="d87d86b2-a434-43bc-a2f5-446f5fa2ccae" />
      <TestMethod codeBase="C:\Users\Admin\Desktop\Anteproyecto-Verify\tests\backend\UnitTests\bin\Debug\net8.0\UnitTests.dll" adapterTypeName="executor://xunit/VsTestRunner2/netcoreapp" className="UnitTests.CatastroComparisonServiceTests" name="Compare_ShouldReturnDiscrepancies_WhenGpsDiffers" />
    </UnitTest>
    <UnitTest name="UnitTests.Application.Features.Consentimiento.Queries.VerificarVigenciaTests.Handle_ShouldReturnTrue_WhenConsentIsVigente" storage="c:\users\admin\desktop\anteproyecto-verify\tests\backend\unittests\bin\debug\net8.0\unittests.dll" id="86652d56-b0d3-f138-8f18-46f6baa3376e">
      <Execution id="595faa5a-205c-41a6-9fa2-2e7fe0293602" />
      <TestMethod codeBase="C:\Users\Admin\Desktop\Anteproyecto-Verify\tests\backend\UnitTests\bin\Debug\net8.0\UnitTests.dll" adapterTypeName="executor://xunit/VsTestRunner2/netcoreapp" className="UnitTests.Application.Features.Consentimiento.Queries.VerificarVigenciaTests" name="Handle_ShouldReturnTrue_WhenConsentIsVigente" />
    </UnitTest>
    <UnitTest name="UnitTests.Application.Features.Credit.Commands.ConsultarCreditoCommandHandlerTests.Handle_ShouldFail_WhenNoConsentimientoVigente" storage="c:\users\admin\desktop\anteproyecto-verify\tests\backend\unittests\bin\debug\net8.0\unittests.dll" id="2924168b-1cf0-90ff-a027-986bbe9dbc55">
      <Execution id="b9035fd7-4817-4d72-8e69-2863da6756f2" />
      <TestMethod codeBase="C:\Users\Admin\Desktop\Anteproyecto-Verify\tests\backend\UnitTests\bin\Debug\net8.0\UnitTests.dll" adapterTypeName="executor://xunit/VsTestRunner2/netcoreapp" className="UnitTests.Application.Features.Credit.Commands.ConsultarCreditoCommandHandlerTests" name="Handle_ShouldFail_WhenNoConsentimientoVigente" />
    </UnitTest>
    <UnitTest name="UnitTests.Application.Features.Certifications.IssueCertificationCommandHandlerTests.HandleAsync_ShouldThrowException_WhenProjectHasNoReport" storage="c:\users\admin\desktop\anteproyecto-verify\tests\backend\unittests\bin\debug\net8.0\unittests.dll" id="5e99bd13-88ab-1e4b-80f8-d2b1d6a21d82">
      <Execution id="c8955713-60d1-4b16-aad0-ef47c51b2621" />
      <TestMethod codeBase="C:\Users\Admin\Desktop\Anteproyecto-Verify\tests\backend\UnitTests\bin\Debug\net8.0\UnitTests.dll" adapterTypeName="executor://xunit/VsTestRunner2/netcoreapp" className="UnitTests.Application.Features.Certifications.IssueCertificationCommandHandlerTests" name="HandleAsync_ShouldThrowException_WhenProjectHasNoReport" />
    </UnitTest>
    <UnitTest name="UnitTests.Application.Features.Sello.Commands.EmitirSelloCommandHandlerTests.Handle_ShouldSucceed_WhenAptoAndNoSelloVigente" storage="c:\users\admin\desktop\anteproyecto-verify\tests\backend\unittests\bin\debug\net8.0\unittests.dll" id="24e40770-b0f4-ed6b-18f2-d764d42d2e8a">
      <Execution id="099a246e-2109-496d-9134-550dbfa4ba9f" />
      <TestMethod codeBase="C:\Users\Admin\Desktop\Anteproyecto-Verify\tests\backend\UnitTests\bin\Debug\net8.0\UnitTests.dll" adapterTypeName="executor://xunit/VsTestRunner2/netcoreapp" className="UnitTests.Application.Features.Sello.Commands.EmitirSelloCommandHandlerTests" name="Handle_ShouldSucceed_WhenAptoAndNoSelloVigente" />
    </UnitTest>
    <UnitTest name="UnitTests.Application.Features.Validation.Commands.ValidarTerritorioCommandHandlerTests.Handle_ShouldGenerateHallazgo_WhenZonaIncompatible" storage="c:\users\admin\desktop\anteproyecto-verify\tests\backend\unittests\bin\debug\net8.0\unittests.dll" id="d430cf13-b9a3-c00f-b0cf-7884459e2954">
      <Execution id="45bdcaa4-b402-4b9a-867b-cdf3e2b48178" />
      <TestMethod codeBase="C:\Users\Admin\Desktop\Anteproyecto-Verify\tests\backend\UnitTests\bin\Debug\net8.0\UnitTests.dll" adapterTypeName="executor://xunit/VsTestRunner2/netcoreapp" className="UnitTests.Application.Features.Validation.Commands.ValidarTerritorioCommandHandlerTests" name="Handle_ShouldGenerateHallazgo_WhenZonaIncompatible" />
    </UnitTest>
    <UnitTest name="UnitTests.Controllers.SettingsControllerTests.GetUsers_Should_Return_Forbidden_When_No_Cookie" storage="c:\users\admin\desktop\anteproyecto-verify\tests\backend\unittests\bin\debug\net8.0\unittests.dll" id="2543ff2a-36ce-75be-072c-39fab6229881">
      <Execution id="541aed85-87fa-4853-9df8-077a51e6c19d" />
      <TestMethod codeBase="C:\Users\Admin\Desktop\Anteproyecto-Verify\tests\backend\UnitTests\bin\Debug\net8.0\UnitTests.dll" adapterTypeName="executor://xunit/VsTestRunner2/netcoreapp" className="UnitTests.Controllers.SettingsControllerTests" name="GetUsers_Should_Return_Forbidden_When_No_Cookie" />
    </UnitTest>
    <UnitTest name="Tests.Unit.Application.RegisterUserTests.RegisterUser_NoPlanInDb_UserCreatedWithoutPlan" storage="c:\users\admin\desktop\anteproyecto-verify\tests\backend\unittests\bin\debug\net8.0\unittests.dll" id="ccb0aea6-9383-6ca6-b5f6-9ae8f52541f6">
      <Execution id="c9fbc548-9653-4ada-9ccf-5b1ce15bff51" />
      <TestMethod codeBase="C:\Users\Admin\Desktop\Anteproyecto-Verify\tests\backend\UnitTests\bin\Debug\net8.0\UnitTests.dll" adapterTypeName="executor://xunit/VsTestRunner2/netcoreapp" className="Tests.Unit.Application.RegisterUserTests" name="RegisterUser_NoPlanInDb_UserCreatedWithoutPlan" />
    </UnitTest>
    <UnitTest name="UnitTests.Application.Features.Consentimiento.Queries.VerificarVigenciaTests.Handle_ShouldReturnFalse_WhenNoConsentIsVigente" storage="c:\users\admin\desktop\anteproyecto-verify\tests\backend\unittests\bin\debug\net8.0\unittests.dll" id="29ef6cb3-0821-889c-783c-6c09cd919cf5">
      <Execution id="7bfa4d1d-5b2b-437b-8a8a-d72d8f7eb2f5" />
      <TestMethod codeBase="C:\Users\Admin\Desktop\Anteproyecto-Verify\tests\backend\UnitTests\bin\Debug\net8.0\UnitTests.dll" adapterTypeName="executor://xunit/VsTestRunner2/netcoreapp" className="UnitTests.Application.Features.Consentimiento.Queries.VerificarVigenciaTests" name="Handle_ShouldReturnFalse_WhenNoConsentIsVigente" />
    </UnitTest>
    <UnitTest name="UnitTests.Infrastructure.ExternalValidation.MockProvidersTests.MockDgriProvider_ShouldReturnSuccess_WhenReferenceIsNormal" storage="c:\users\admin\desktop\anteproyecto-verify\tests\backend\unittests\bin\debug\net8.0\unittests.dll" id="73e928ca-cf00-a876-0f1c-b6b886073802">
      <Execution id="9094092c-d96f-4bdc-91f4-b5070112bf6d" />
      <TestMethod codeBase="C:\Users\Admin\Desktop\Anteproyecto-Verify\tests\backend\UnitTests\bin\Debug\net8.0\UnitTests.dll" adapterTypeName="executor://xunit/VsTestRunner2/netcoreapp" className="UnitTests.Infrastructure.ExternalValidation.MockProvidersTests" name="MockDgriProvider_ShouldReturnSuccess_WhenReferenceIsNormal" />
    </UnitTest>
    <UnitTest name="Tests.Unit.Domain.SubscriptionTierPolicyTests.IsProjectPublic_ConsultorPlan_ReturnsFalse" storage="c:\users\admin\desktop\anteproyecto-verify\tests\backend\unittests\bin\debug\net8.0\unittests.dll" id="dd4df29a-912f-499b-360e-2b71c51ae601">
      <Execution id="04825228-aab5-4e36-88c6-a91a48431b7f" />
      <TestMethod codeBase="C:\Users\Admin\Desktop\Anteproyecto-Verify\tests\backend\UnitTests\bin\Debug\net8.0\UnitTests.dll" adapterTypeName="executor://xunit/VsTestRunner2/netcoreapp" className="Tests.Unit.Domain.SubscriptionTierPolicyTests" name="IsProjectPublic_ConsultorPlan_ReturnsFalse" />
    </UnitTest>
    <UnitTest name="UnitTests.ProjectServiceTests.UpdateProject_ShouldReturnDto_WhenValid" storage="c:\users\admin\desktop\anteproyecto-verify\tests\backend\unittests\bin\debug\net8.0\unittests.dll" id="ac758033-2423-5c77-5296-f74a90362e35">
      <Execution id="73f719ed-b588-437b-ad5a-e68e96729ca1" />
      <TestMethod codeBase="C:\Users\Admin\Desktop\Anteproyecto-Verify\tests\backend\UnitTests\bin\Debug\net8.0\UnitTests.dll" adapterTypeName="executor://xunit/VsTestRunner2/netcoreapp" className="UnitTests.ProjectServiceTests" name="UpdateProject_ShouldReturnDto_WhenValid" />
    </UnitTest>
    <UnitTest name="UnitTests.Application.Features.Validation.Commands.ValidarTerritorioCommandHandlerTests.Handle_ShouldGenerateHallazgo_WhenFueraDeLimites" storage="c:\users\admin\desktop\anteproyecto-verify\tests\backend\unittests\bin\debug\net8.0\unittests.dll" id="112c5d41-9b2d-ba25-81a7-6d6edaa22c62">
      <Execution id="310d022e-3152-4114-8722-0668dcdd236c" />
[...]
    </UnitTest>
    <UnitTest name="UnitTests.Application.Features.PublicVerification.GetPublicProjectVerificationQueryHandlerTests.HandleAsync_ShouldReturnNotVerifiable_WhenCertIsRevoked" storage="c:\users\admin\desktop\anteproyecto-verify\tests\backend\unittests\bin\debug\net8.0\unittests.dll" id="34e8e286-4e6b-6fb5-161b-10d0e81fae39">
      <Execution id="d4e9c15d-f0cb-4162-b2fe-d94cda8a5dcb" />
      <TestMethod codeBase="C:\Users\Admin\Desktop\Anteproyecto-Verify\tests\backend\UnitTests\bin\Debug\net8.0\UnitTests.dll" adapterTypeName="executor://xunit/VsTestRunner2/netcoreapp" className="UnitTests.Application.Features.PublicVerification.GetPublicProjectVerificationQueryHandlerTests" name="HandleAsync_ShouldReturnNotVerifiable_WhenCertIsRevoked" />
    </UnitTest>
    <UnitTest name="Tests.Unit.Domain.SubscriptionTierPolicyTests.CanConsult_EnterprisePlan_UnlimitedSentinel_AlwaysTrue" storage="c:\users\admin\desktop\anteproyecto-verify\tests\backend\unittests\bin\debug\net8.0\unittests.dll" id="c574b368-ddbf-4cf7-7136-4c3e3afd692d">
      <Execution id="dc11c71b-8380-4d26-b605-f880a1ecd7bd" />
      <TestMethod codeBase="C:\Users\Admin\Desktop\Anteproyecto-Verify\tests\backend\UnitTests\bin\Debug\net8.0\UnitTests.dll" adapterTypeName="executor://xunit/VsTestRunner2/netcoreapp" className="Tests.Unit.Domain.SubscriptionTierPolicyTests" name="CanConsult_EnterprisePlan_UnlimitedSentinel_AlwaysTrue" />
    </UnitTest>
    <UnitTest name="UnitTests.InitiateDgriValidationCommandHandlerTests.Handle_ShouldUpdateProjectStatusToConObservaciones_WhenDgriReturnsCargas" storage="c:\users\admin\desktop\anteproyecto-verify\tests\backend\unittests\bin\debug\net8.0\unittests.dll" id="28b601a7-1b74-d867-58cf-6b9e9d527dcd">
      <Execution id="b43efb42-0dac-4cff-9159-4f5c79fe8815" />
      <TestMethod codeBase="C:\Users\Admin\Desktop\Anteproyecto-Verify\tests\backend\UnitTests\bin\Debug\net8.0\UnitTests.dll" adapterTypeName="executor://xunit/VsTestRunner2/netcoreapp" className="UnitTests.InitiateDgriValidationCommandHandlerTests" name="Handle_ShouldUpdateProjectStatusToConObservaciones_WhenDgriReturnsCargas" />
    </UnitTest>
    <UnitTest name="Tests.Unit.Domain.SubscriptionTierPolicyTests.CanConsult_ConsultorAtLimit_ReturnsFalse" storage="c:\users\admin\desktop\anteproyecto-verify\tests\backend\unittests\bin\debug\net8.0\unittests.dll" id="860d5243-51d2-b4b9-d610-586a3def3b6b">
      <Execution id="98304048-001f-4e33-ad52-32b7df56e884" />
      <TestMethod codeBase="C:\Users\Admin\Desktop\Anteproyecto-Verify\tests\backend\UnitTests\bin\Debug\net8.0\UnitTests.dll" adapterTypeName="executor://xunit/VsTestRunner2/netcoreapp" className="Tests.Unit.Domain.SubscriptionTierPolicyTests" name="CanConsult_ConsultorAtLimit_ReturnsFalse" />
    </UnitTest>
    <UnitTest name="UnitTests.Application.Features.PublicVerification.GetPublicProjectVerificationQueryHandlerTests.HandleAsync_ShouldReturnDto_WhenCodeIsValid" storage="c:\users\admin\desktop\anteproyecto-verify\tests\backend\unittests\bin\debug\net8.0\unittests.dll" id="d93bb6d4-1fdd-9ec1-82de-05275e6d2687">
      <Execution id="4faff234-370d-4b2d-b399-afece5caecb8" />
      <TestMethod codeBase="C:\Users\Admin\Desktop\Anteproyecto-Verify\tests\backend\UnitTests\bin\Debug\net8.0\UnitTests.dll" adapterTypeName="executor://xunit/VsTestRunner2/netcoreapp" className="UnitTests.Application.Features.PublicVerification.GetPublicProjectVerificationQueryHandlerTests" name="HandleAsync_ShouldReturnDto_WhenCodeIsValid" />
    </UnitTest>
    <UnitTest name="UnitTests.Infrastructure.ExternalValidation.MockProvidersTests.MockDgriProvider_ShouldReturnInconsistent_WhenReferenceStartsWithINCONSISTENT" storage="c:\users\admin\desktop\anteproyecto-verify\tests\backend\unittests\bin\debug\net8.0\unittests.dll" id="078a844d-b715-9453-6b92-13a6c7af5d60">
      <Execution id="94a7d090-2678-4d9e-b703-7e4986f11013" />
      <TestMethod codeBase="C:\Users\Admin\Desktop\Anteproyecto-Verify\tests\backend\UnitTests\bin\Debug\net8.0\UnitTests.dll" adapterTypeName="executor://xunit/VsTestRunner2/netcoreapp" className="UnitTests.Infrastructure.ExternalValidation.MockProvidersTests" name="MockDgriProvider_ShouldReturnInconsistent_WhenReferenceStartsWithINCONSISTENT" />
    </UnitTest>
    <UnitTest name="UnitTests.Application.Features.Reports.GetPublicProjectReportQueryHandlerTests.HandleAsync_ShouldReturnNull_WhenNoGeneratedReportExists" storage="c:\users\admin\desktop\anteproyecto-verify\tests\backend\unittests\bin\debug\net8.0\unittests.dll" id="3298d3c0-0194-2b13-f4ff-443ebab2d25e">
      <Execution id="9e538216-8e7d-4f06-ba29-bb5ae6c821be" />
      <TestMethod codeBase="C:\Users\Admin\Desktop\Anteproyecto-Verify\tests\backend\UnitTests\bin\Debug\net8.0\UnitTests.dll" adapterTypeName="executor://xunit/VsTestRunner2/netcoreapp" className="UnitTests.Application.Features.Reports.GetPublicProjectReportQueryHandlerTests" name="HandleAsync_ShouldReturnNull_WhenNoGeneratedReportExists" />
    </UnitTest>
  </TestDefinitions>
  <TestEntries>
    <TestEntry testId="24e40770-b0f4-ed6b-18f2-d764d42d2e8a" executionId="099a246e-2109-496d-9134-550dbfa4ba9f" testListId="8c84fa94-04c1-424b-9868-57a2d4851a1d" />
    <TestEntry testId="860d5243-51d2-b4b9-d610-586a3def3b6b" executionId="98304048-001f-4e33-ad52-32b7df56e884" testListId="8c84fa94-04c1-424b-9868-57a2d4851a1d" />
    <TestEntry testId="0358dcef-79fc-57a5-eee4-9bc033dd1468" executionId="d93fe1a3-6ab6-491c-af1e-2eb624c69ef9" testListId="8c84fa94-04c1-424b-9868-57a2d4851a1d" />
    <TestEntry testId="ccb0aea6-9383-6ca6-b5f6-9ae8f52541f6" executionId="c9fbc548-9653-4ada-9ccf-5b1ce15bff51" testListId="8c84fa94-04c1-424b-9868-57a2d4851a1d" />
    <TestEntry testId="3b3aa517-1a9d-2ca8-d283-52c7aa49548e" executionId="e2a6ae19-804a-4ceb-9698-a970cd78c040" testListId="8c84fa94-04c1-424b-9868-57a2d4851a1d" />
    <TestEntry testId="165d2758-2b23-8d2a-b77f-ee00eedef13e" executionId="1d254780-060d-48e2-a898-cb549d7f8a40" testListId="8c84fa94-04c1-424b-9868-57a2d4851a1d" />
    <TestEntry testId="ffe8744d-c5e9-3e90-f8a9-6a9bb9a6f684" executionId="0d2fc718-5bdc-42b6-b0ca-db5082f97e9f" testListId="8c84fa94-04c1-424b-9868-57a2d4851a1d" />
    <TestEntry testId="c1cab7b1-2fce-8fad-b3a4-89d32eb1a06f" executionId="22920fea-0c2d-4820-841e-29e4ea706420" testListId="8c84fa94-04c1-424b-9868-57a2d4851a1d" />
    <TestEntry testId="29ef6cb3-0821-889c-783c-6c09cd919cf5" executionId="7bfa4d1d-5b2b-437b-8a8a-d72d8f7eb2f5" testListId="8c84fa94-04c1-424b-9868-57a2d4851a1d" />
    <TestEntry testId="602e8b7c-a64c-8b9b-ad2a-d6fb6350955a" executionId="a2a8589b-b859-46f8-8c67-e5d1a209997c" testListId="8c84fa94-04c1-424b-9868-57a2d4851a1d" />
    <TestEntry testId="2924168b-1cf0-90ff-a027-986bbe9dbc55" executionId="b9035fd7-4817-4d72-8e69-2863da6756f2" testListId="8c84fa94-04c1-424b-9868-57a2d4851a1d" />
    <TestEntry testId="bf66317b-a495-8b6f-f9ed-2c41bdede6da" executionId="9b9783fc-4096-4886-a85a-558fde764379" testListId="8c84fa94-04c1-424b-9868-57a2d4851a1d" />
    <TestEntry testId="de832c40-f57a-a80e-8661-135fc3a14d2a" executionId="4c46d604-c3e0-4c7d-b0d0-22bee9ab2e40" testListId="8c84fa94-04c1-424b-9868-57a2d4851a1d" />
    <TestEntry testId="707bbc9d-4e7e-690f-78f5-0c8cb84934e9" executionId="8f33e728-df35-4b7d-9266-143f5d94cf46" testListId="8c84fa94-04c1-424b-9868-57a2d4851a1d" />
    <TestEntry testId="fc8c0ff0-2bb6-066b-c12c-1e5a69810861" executionId="69842576-1511-4537-a582-aac55ea70c60" testListId="8c84fa94-04c1-424b-9868-57a2d4851a1d" />
    <TestEntry testId="6b0e27f9-9833-01be-3e02-04705bd0d512" executionId="a54ab9c4-1c51-4589-b85c-06c6c1b62da3" testListId="8c84fa94-04c1-424b-9868-57a2d4851a1d" />
    <TestEntry testId="3298d3c0-0194-2b13-f4ff-443ebab2d25e" executionId="9e538216-8e7d-4f06-ba29-bb5ae6c821be" testListId="8c84fa94-04c1-424b-9868-57a2d4851a1d" />
    <TestEntry testId="066a28db-4b63-3e43-c101-43deb646edfd" executionId="cd4812eb-e28a-4b41-904b-439be950f096" testListId="8c84fa94-04c1-424b-9868-57a2d4851a1d" />
    <TestEntry testId="b327825b-d842-1f45-3d29-a49adb07cd46" executionId="c0c8f38b-d1fc-4364-a26e-2e07df61d864" testListId="8c84fa94-04c1-424b-9868-57a2d4851a1d" />
    <TestEntry testId="ca16ed5e-8f9d-be1f-b8f1-5e30cecdf8a4" executionId="7a1e27f2-2b09-457a-baca-c32d79666362" testListId="8c84fa94-04c1-424b-9868-57a2d4851a1d" />
    <TestEntry testId="73bb0e11-f458-3dc4-25a5-2157fc1dc5f6" executionId="1325b0bc-abb8-4173-a002-e221f87e684e" testListId="8c84fa94-04c1-424b-9868-57a2d4851a1d" />
    <TestEntry testId="2543ff2a-36ce-75be-072c-39fab6229881" executionId="541aed85-87fa-4853-9df8-077a51e6c19d" testListId="8c84fa94-04c1-424b-9868-57a2d4851a1d" />
    <TestEntry testId="7be33208-3d14-969d-8ef3-72cfac5766c4" executionId="0db075e5-c348-46c4-8916-2caa8bb014a0" testListId="8c84fa94-04c1-424b-9868-57a2d4851a1d" />
    <TestEntry testId="7aa3c0d0-5c55-552a-473d-f5af8b6316b2" executionId="491c520e-1087-47e1-ab7a-292b31d116ca" testListId="8c84fa94-04c1-424b-9868-57a2d4851a1d" />
    <TestEntry testId="d213181b-1557-3e77-c135-5cf8923ac510" executionId="f6a43f44-79d2-4609-aeb6-85d54ce5646b" testListId="8c84fa94-04c1-424b-9868-57a2d4851a1d" />
    <TestEntry testId="690f5d6f-cc82-1c23-7c56-8fb8531d0dfa" executionId="939c461f-2074-44fa-be9b-c383e33d9d3d" testListId="8c84fa94-04c1-424b-9868-57a2d4851a1d" />
    <TestEntry testId="82ef74a7-09fd-34ae-b0b4-a659c866780a" executionId="d08378e2-5ee2-43cd-847a-ad4dd3b44110" testListId="8c84fa94-04c1-424b-9868-57a2d4851a1d" />
    <TestEntry testId="79eea01f-8550-807d-b774-0bb39c3fac92" executionId="e602ee3f-303a-4d08-a277-32d1e5467ca7" testListId="8c84fa94-04c1-424b-9868-57a2d4851a1d" />
    <TestEntry testId="c574b368-ddbf-4cf7-7136-4c3e3afd692d" executionId="dc11c71b-8380-4d26-b605-f880a1ecd7bd" testListId="8c84fa94-04c1-424b-9868-57a2d4851a1d" />
    <TestEntry testId="359e01b9-5831-90a1-d083-cf6005c3073e" executionId="0842b7e5-a074-40c8-b448-08b9d2f2a338" testListId="8c84fa94-04c1-424b-9868-57a2d4851a1d" />
    <TestEntry testId="d0246dca-470b-e111-ca12-277af5509ffb" executionId="ce9786db-2c1a-407f-8473-1520ef5b8d08" testListId="8c84fa94-04c1-424b-9868-57a2d4851a1d" />
    <TestEntry testId="112c5d41-9b2d-ba25-81a7-6d6edaa22c62" executionId="310d022e-3152-4114-8722-0668dcdd236c" testListId="8c84fa94-04c1-424b-9868-57a2d4851a1d" />
    <TestEntry testId="001feb6f-e129-35d0-8714-07285fdc02ef" executionId="5d7742b6-6176-4b0b-a57f-f7f0ee975b22" testListId="8c84fa94-04c1-424b-9868-57a2d4851a1d" />
    <TestEntry testId="288494e9-4c68-787b-83a9-fe64c64aca15" executionId="12a34ab8-5572-4706-89dc-f25fda0de5a0" testListId="8c84fa94-04c1-424b-9868-57a2d4851a1d" />
    <TestEntry testId="563aca5a-ab6c-a8cb-1993-0e71c074cd9f" executionId="ac9b9a15-e77a-4419-8cfe-c78cae75c33f" testListId="8c84fa94-04c1-424b-9868-57a2d4851a1d" />
    <TestEntry testId="ac758033-2423-5c77-5296-f74a90362e35" executionId="73f719ed-b588-437b-ad5a-e68e96729ca1" testListId="8c84fa94-04c1-424b-9868-57a2d4851a1d" />
    <TestEntry testId="2e9b7305-fc3c-8c7a-aad0-98eb2f56a922" executionId="36931a8f-13f3-4b49-9347-942867b8d82c" testListId="8c84fa94-04c1-424b-9868-57a2d4851a1d" />
    <TestEntry testId="04a07e45-af0c-89d5-f965-93fec767271d" executionId="25dafcd0-6034-41fd-a118-56967d5f0b73" testListId="8c84fa94-04c1-424b-9868-57a2d4851a1d" />
    <TestEntry testId="d07f80e4-b565-291d-8e2f-24a1fba2cb7c" executionId="6ee20234-7baf-4700-97f5-91291f264080" testListId="8c84fa94-04c1-424b-9868-57a2d4851a1d" />
    <TestEntry testId="9e81855a-04e3-5518-6b95-54da814494aa" executionId="203e0b7f-9af5-4c9b-b871-e331f07133e4" testListId="8c84fa94-04c1-424b-9868-57a2d4851a1d" />
    <TestEntry testId="078a844d-b715-9453-6b92-13a6c7af5d60" executionId="94a7d090-2678-4d9e-b703-7e4986f11013" testListId="8c84fa94-04c1-424b-9868-57a2d4851a1d" />
    <TestEntry testId="0bd5db59-e792-f065-80c4-4b86e2f7cc7e" executionId="9a6d8b20-4c76-4a1c-aaf6-21f4c9766032" testListId="8c84fa94-04c1-424b-9868-57a2d4851a1d" />
    <TestEntry testId="bb7a88f8-8896-4a49-d0de-a469ad19f6a8" executionId="40f936b0-ff0b-44ad-9fd5-88efe9355282" testListId="8c84fa94-04c1-424b-9868-57a2d4851a1d" />
    <TestEntry testId="d001d1fa-47b5-e18f-5b1c-8991c1d4b66f" executionId="e9cc5e1f-a39e-4c03-93be-a38934528dfd" testListId="8c84fa94-04c1-424b-9868-57a2d4851a1d" />
    <TestEntry testId="d93bb6d4-1fdd-9ec1-82de-05275e6d2687" executionId="4faff234-370d-4b2d-b399-afece5caecb8" testListId="8c84fa94-04c1-424b-9868-57a2d4851a1d" />
    <TestEntry testId="e5c169a1-1445-8ad1-a18b-64938db110b3" executionId="785f5de4-4496-4e01-b556-bb26e1969a41" testListId="8c84fa94-04c1-424b-9868-57a2d4851a1d" />
    <TestEntry testId="d2717ba3-12fe-8600-f927-f704a7dbc659" executionId="63023956-52b5-40da-89cf-d567787acc65" testListId="8c84fa94-04c1-424b-9868-57a2d4851a1d" />
    <TestEntry testId="76f28694-439a-5b63-93be-f8a21d0837e9" executionId="3702a0d3-332f-4d2c-a22b-199254776e6b" testListId="8c84fa94-04c1-424b-9868-57a2d4851a1d" />
    <TestEntry testId="86652d56-b0d3-f138-8f18-46f6baa3376e" executionId="595faa5a-205c-41a6-9fa2-2e7fe0293602" testListId="8c84fa94-04c1-424b-9868-57a2d4851a1d" />
    <TestEntry testId="e430ba1c-6499-be12-8f55-1e78aa68b9b0" executionId="796fe81e-cfee-407d-a36e-b14b9a9bca54" testListId="8c84fa94-04c1-424b-9868-57a2d4851a1d" />
    <TestEntry testId="e59c1aa0-311d-12dd-cb2a-1b40fede0391" executionId="d87d86b2-a434-43bc-a2f5-446f5fa2ccae" testListId="8c84fa94-04c1-424b-9868-57a2d4851a1d" />
    <TestEntry testId="65658894-8753-eecd-5ba0-04ad0c18ea6d" executionId="7ac61784-888e-43e2-8d8d-0289ec966e4a" testListId="8c84fa94-04c1-424b-9868-57a2d4851a1d" />
    <TestEntry testId="5b5afcac-fae7-f4d9-3bae-4459340bb617" executionId="ffa32951-d6a8-4b67-9e35-3af2c09fa600" testListId="8c84fa94-04c1-424b-9868-57a2d4851a1d" />
    <TestEntry testId="d430cf13-b9a3-c00f-b0cf-7884459e2954" executionId="45bdcaa4-b402-4b9a-867b-cdf3e2b48178" testListId="8c84fa94-04c1-424b-9868-57a2d4851a1d" />
    <TestEntry testId="825b2d71-9130-d650-4869-a1d1a9920188" executionId="bebe4e3d-f826-41bd-8b2c-84f3deb4449c" testListId="8c84fa94-04c1-424b-9868-57a2d4851a1d" />
    <TestEntry testId="d7968eb3-6fb9-6e8d-f9f5-6f1b67314eeb" executionId="a1446cbc-ed9f-4922-a847-39f48c4b3d19" testListId="8c84fa94-04c1-424b-9868-57a2d4851a1d" />
    <TestEntry testId="34e8e286-4e6b-6fb5-161b-10d0e81fae39" executionId="d4e9c15d-f0cb-4162-b2fe-d94cda8a5dcb" testListId="8c84fa94-04c1-424b-9868-57a2d4851a1d" />
    <TestEntry testId="3f84ee0d-08dd-2a3b-085c-88a9bd1d2f8f" executionId="c9d74138-76be-49c7-b13f-e4f33edfc4b6" testListId="8c84fa94-04c1-424b-9868-57a2d4851a1d" />
    <TestEntry testId="4f242434-5c98-a337-dd52-935ad0f177a1" executionId="06e5728c-8897-44c2-bf06-fad5e4397d2f" testListId="8c84fa94-04c1-424b-9868-57a2d4851a1d" />
    <TestEntry testId="748113d0-6536-2bf3-f9e2-599644184eaf" executionId="ccb52666-804a-48b3-9b68-9f7133a0e2ca" testListId="8c84fa94-04c1-424b-9868-57a2d4851a1d" />
    <TestEntry testId="28b601a7-1b74-d867-58cf-6b9e9d527dcd" executionId="b43efb42-0dac-4cff-9159-4f5c79fe8815" testListId="8c84fa94-04c1-424b-9868-57a2d4851a1d" />
    <TestEntry testId="76269788-5d4c-a96a-69dc-0aa8830e99a7" executionId="9f638c02-4704-4607-8994-51e39798fde8" testListId="8c84fa94-04c1-424b-9868-57a2d4851a1d" />
    <TestEntry testId="041309e6-e0ad-e47d-94c0-d993be671fc4" executionId="18c8cd6b-4e6e-4ac8-b344-b13e7ae09237" testListId="8c84fa94-04c1-424b-9868-57a2d4851a1d" />
    <TestEntry testId="a5fbddd9-b510-3d7f-d456-b0ac343b4cb5" executionId="91f4b26b-23b2-4878-8d3e-4bcafb6b36aa" testListId="8c84fa94-04c1-424b-9868-57a2d4851a1d" />
    <TestEntry testId="a5876dcd-5443-ec9d-823a-b093b44c6a4e" executionId="5d05238b-3bd8-42a2-807d-e840e5d6c4f3" testListId="8c84fa94-04c1-424b-9868-57a2d4851a1d" />
    <TestEntry testId="7a1d8f4d-25a5-f741-296c-b431e848c84d" executionId="af0bf489-4baa-49fc-9af9-301e3db8d822" testListId="8c84fa94-04c1-424b-9868-57a2d4851a1d" />
    <TestEntry testId="32635d5f-9147-94e0-5a37-bafaef7d6c32" executionId="d9366573-67d1-43b8-9d90-fd04077ba96b" testListId="8c84fa94-04c1-424b-9868-57a2d4851a1d" />
    <TestEntry testId="1040189f-3b0d-fc68-6425-36210d96eaa2" executionId="1511b73f-c542-4d30-abe3-f6567f2eafe5" testListId="8c84fa94-04c1-424b-9868-57a2d4851a1d" />
    <TestEntry testId="f2d173d0-4d30-3ea6-e05a-48334e91ec0b" executionId="420562f5-50ea-4c9c-8d01-ff775f8c6ba4" testListId="8c84fa94-04c1-424b-9868-57a2d4851a1d" />
    <TestEntry testId="d453c138-9627-a189-1457-d7362299aa4c" executionId="69ced33a-6fde-4155-89ae-6c284a37247c" testListId="8c84fa94-04c1-424b-9868-57a2d4851a1d" />
    <TestEntry testId="c15627ec-761d-a5ae-a2b5-03c0898abdee" executionId="e04157ff-a67e-46b8-94d9-0f2d328a3fc3" testListId="8c84fa94-04c1-424b-9868-57a2d4851a1d" />
    <TestEntry testId="1d0f934d-242a-bc5c-9791-ef56f65502c7" executionId="74acf4ce-f541-4f3f-a049-8fef6a60ff47" testListId="8c84fa94-04c1-424b-9868-57a2d4851a1d" />
    <TestEntry testId="73e928ca-cf00-a876-0f1c-b6b886073802" executionId="9094092c-d96f-4bdc-91f4-b5070112bf6d" testListId="8c84fa94-04c1-424b-9868-57a2d4851a1d" />
    <TestEntry testId="f4ec646b-b9fe-9ce1-2f0d-0815de197ece" executionId="4a18bc8b-d8fb-410f-b3d6-b4822760c898" testListId="8c84fa94-04c1-424b-9868-57a2d4851a1d" />
    <TestEntry testId="5f7cdb61-c0d5-4496-7e7c-0d14c7bba47f" executionId="4a10b672-116b-4d18-87c8-82716c52de1d" testListId="8c84fa94-04c1-424b-9868-57a2d4851a1d" />
    <TestEntry testId="60704a63-9f57-5364-7ad3-e6e2f2b801b8" executionId="a30e0dbd-c0fb-48c3-8d81-e1b224f0fd94" testListId="8c84fa94-04c1-424b-9868-57a2d4851a1d" />
    <TestEntry testId="be32010f-eee2-11a6-4f78-1958c1927ad7" executionId="70d3be89-2070-40a1-ade9-2987206c2fdf" testListId="8c84fa94-04c1-424b-9868-57a2d4851a1d" />
    <TestEntry testId="09d761bb-cfe9-8092-f611-f3537d798d78" executionId="38c2a79c-42cb-4d7d-a046-6e9daa3917d7" testListId="8c84fa94-04c1-424b-9868-57a2d4851a1d" />
    <TestEntry testId="fbf65f66-fd1e-c3da-021e-c172356011c8" executionId="8d96d4db-6cf5-462e-84d6-bb688f8aaae1" testListId="8c84fa94-04c1-424b-9868-57a2d4851a1d" />
    <TestEntry testId="623301f2-47f1-646e-598e-ceed6d305a18" executionId="a4ce7177-a40b-46cb-9735-a68ac43e9d29" testListId="8c84fa94-04c1-424b-9868-57a2d4851a1d" />
    <TestEntry testId="65623937-0bd7-6036-b40f-37c7fa57d353" executionId="324f7b45-184f-472c-9567-94aa12a789f2" testListId="8c84fa94-04c1-424b-9868-57a2d4851a1d" />
    <TestEntry testId="58848238-db01-0cb7-93b0-51dfead24988" executionId="b9a78630-fc45-4b24-a6e3-f1fef86c32aa" testListId="8c84fa94-04c1-424b-9868-57a2d4851a1d" />
    <TestEntry testId="7c5fb053-7f05-60ea-4849-b934adb6321f" executionId="05880f63-5ead-4127-911f-5a1d7e26dc6a" testListId="8c84fa94-04c1-424b-9868-57a2d4851a1d" />
    <TestEntry testId="dd4df29a-912f-499b-360e-2b71c51ae601" executionId="04825228-aab5-4e36-88c6-a91a48431b7f" testListId="8c84fa94-04c1-424b-9868-57a2d4851a1d" />
    <TestEntry testId="5e99bd13-88ab-1e4b-80f8-d2b1d6a21d82" executionId="c8955713-60d1-4b16-aad0-ef47c51b2621" testListId="8c84fa94-04c1-424b-9868-57a2d4851a1d" />
  </TestEntries>
  <TestLists>
    <TestList name="Results Not in a List" id="8c84fa94-04c1-424b-9868-57a2d4851a1d" />
    <TestList name="All Loaded Results" id="19431567-8539-422a-85d7-44ee4e166bda" />
  </TestLists>
  <ResultSummary outcome="Completed">
    <Counters total="85" executed="85" passed="85" failed="0" error="0" timeout="0" aborted="0" inconclusive="0" passedButRunAborted="0" notRunnable="0" notExecuted="0" disconnected="0" warning="0" completed="0" inProgress="0" pending="0" />
    <Output>
      <StdOut>[xUnit.net 00:00:00.00] xUnit.net VSTest Adapter v2.5.6+bf9b858c26 (64-bit .NET 8.0.25)&#xD;
[xUnit.net 00:00:01.03]   Discovering: UnitTests&#xD;
[xUnit.net 00:00:01.09]   Discovered:  UnitTests&#xD;
[xUnit.net 00:00:01.10]   Starting:    UnitTests&#xD;
[xUnit.net 00:00:03.90]   Finished:    UnitTests&#xD;
</StdOut>
    </Output>
  </ResultSummary>
</TestRun>