<?xml version="1.0" encoding="utf-8"?>
<TestRun id="c0ede784-bdc7-4ddf-a38b-496daae7f11c" name="Admin@ALVAGONZ 2026-06-25 09:10:59" runUser="ALVAGONZ\Admin" xmlns="http://microsoft.com/schemas/VisualStudio/TeamTest/2010">
  <Times creation="2026-06-25T09:10:59.6717110-04:00" queuing="2026-06-25T09:10:59.6717115-04:00" start="2026-06-25T09:10:58.4413250-04:00" finish="2026-06-25T09:12:41.7674159-04:00" />
  <TestSettings name="default" id="fd9ee4e4-d0e9-4623-8691-88b25d0811b6">
    <Deployment runDeploymentRoot="Admin_ALVAGONZ_2026-06-25_09_10_59" />
  </TestSettings>
  <Results>
    <UnitTestResult executionId="dce60707-74fd-42dd-8bb3-97fc9a676e78" testId="a8a5ed93-5cab-7da6-6bf9-6122f5a5beb8" testName="Api.Tests.ResendEmailServiceTests.SendProjectCreatedAsync_UsesCorrectTemplate" computerName="ALVAGONZ" duration="00:00:00.0027370" startTime="2026-06-25T09:10:59.6312760-04:00" endTime="2026-06-25T09:10:59.6312761-04:00" testType="13cdc9d9-ddb5-4fa4-a97d-d965ccfc6d4b" outcome="Passed" testListId="8c84fa94-04c1-424b-9868-57a2d4851a1d" relativeResultsDirectory="dce60707-74fd-42dd-8bb3-97fc9a676e78" />
    <UnitTestResult executionId="4d0b763a-e0cf-4e9c-a313-f04fb99178d2" testId="eff72f46-a3f9-d3a7-ff15-275794af9931" testName="Api.Tests.GetDocumentDiagnosisQueryHandlerTests.HandleAsync_HappyPath_ReturnsExpectedDto" computerName="ALVAGONZ" duration="00:00:00.0050497" startTime="2026-06-25T09:10:59.6256007-04:00" endTime="2026-06-25T09:10:59.6256008-04:00" testType="13cdc9d9-ddb5-4fa4-a97d-d965ccfc6d4b" outcome="Passed" testListId="8c84fa94-04c1-424b-9868-57a2d4851a1d" relativeResultsDirectory="4d0b763a-e0cf-4e9c-a313-f04fb99178d2" />
    <UnitTestResult executionId="863db2bb-0414-44fd-9b2f-2181c86d2c03" testId="7b8a1692-efa4-d511-32d7-4966224f8985" testName="Api.Tests.ResendEmailServiceTests.SendDocumentStatusUpdateAsync_Approved_UsesCorrectTemplate" computerName="ALVAGONZ" duration="00:00:00.0017897" startTime="2026-06-25T09:10:59.6320986-04:00" endTime="2026-06-25T09:10:59.6320988-04:00" testType="13cdc9d9-ddb5-4fa4-a97d-d965ccfc6d4b" outcome="Failed" testListId="8c84fa94-04c1-424b-9868-57a2d4851a1d" relativeResultsDirectory="863db2bb-0414-44fd-9b2f-2181c86d2c03">
      <Output>
        <ErrorInfo>
          <Message>Assert.Contains() Failure: Sub-string not found&#xD;
String:    "&lt;!DOCTYPE html&gt;\r\n&lt;html lang="es" xmlns="h"···&#xD;
Not found: "badge-verified"</Message>
          <StackTrace>   at Api.Tests.ResendEmailServiceTests.SendDocumentStatusUpdateAsync_Approved_UsesCorrectTemplate() in C:\Users\Admin\Desktop\Anteproyecto-Verify\src\backend\Api.Tests\ResendEmailServiceTests.cs:line 145&#xD;
--- End of stack trace from previous location ---</StackTrace>
        </ErrorInfo>
      </Output>
    </UnitTestResult>
    <UnitTestResult executionId="9c933c77-7e47-4e04-a3cc-a86a23c0d0bb" testId="5380e8c3-5f3f-436c-34df-3b3a96511a9b" testName="Api.Tests.ResendEmailServiceTests.SendDocumentUploadConfirmationAsync_UsesCorrectTemplate" computerName="ALVAGONZ" duration="00:00:00.0043241" startTime="2026-06-25T09:10:59.5847572-04:00" endTime="2026-06-25T09:10:59.5847574-04:00" testType="13cdc9d9-ddb5-4fa4-a97d-d965ccfc6d4b" outcome="Passed" testListId="8c84fa94-04c1-424b-9868-57a2d4851a1d" relativeResultsDirectory="9c933c77-7e47-4e04-a3cc-a86a23c0d0bb" />
    <UnitTestResult executionId="f5cec6f8-7dd2-4cd0-a195-320780640fea" testId="f0e1e511-e13f-e8d9-e04b-28c87c7fd256" testName="Api.Tests.GetDocumentDiagnosisQueryHandlerTests.HandleAsync_NoDocuments_ReturnsScoreZeroAndDefaultSummary" computerName="ALVAGONZ" duration="00:00:00.0017102" startTime="2026-06-25T09:10:59.6256944-04:00" endTime="2026-06-25T09:10:59.6256944-04:00" testType="13cdc9d9-ddb5-4fa4-a97d-d965ccfc6d4b" outcome="Passed" testListId="8c84fa94-04c1-424b-9868-57a2d4851a1d" relativeResultsDirectory="f5cec6f8-7dd2-4cd0-a195-320780640fea" />
    <UnitTestResult executionId="a9760de9-76a8-4aab-ab0f-54145d36accc" testId="3dbf0911-bb1c-684c-f297-8a1080bd1b71" testName="Api.Tests.GetDocumentDiagnosisQueryHandlerTests.HandleAsync_ProjectNotFound_ThrowsKeyNotFoundException" computerName="ALVAGONZ" duration="00:00:00.0037239" startTime="2026-06-25T09:10:59.6253299-04:00" endTime="2026-06-25T09:10:59.6253304-04:00" testType="13cdc9d9-ddb5-4fa4-a97d-d965ccfc6d4b" outcome="Passed" testListId="8c84fa94-04c1-424b-9868-57a2d4851a1d" relativeResultsDirectory="a9760de9-76a8-4aab-ab0f-54145d36accc" />
    <UnitTestResult executionId="b25f0189-e4d7-4fff-8886-a715f97b7ab4" testId="d613d3e3-a00c-805d-8fe8-9f741d534ffe" testName="Api.Tests.GetDocumentDiagnosisQueryHandlerTests.HandleAsync_CalledTwiceWithinOneMinute_ThrowsInvalidOperationException" computerName="ALVAGONZ" duration="00:00:00.2026155" startTime="2026-06-25T09:10:59.5767189-04:00" endTime="2026-06-25T09:10:59.5767195-04:00" testType="13cdc9d9-ddb5-4fa4-a97d-d965ccfc6d4b" outcome="Passed" testListId="8c84fa94-04c1-424b-9868-57a2d4851a1d" relativeResultsDirectory="b25f0189-e4d7-4fff-8886-a715f97b7ab4" />
    <UnitTestResult executionId="aa8eb629-9a7f-4b57-83b4-a0665b487dbd" testId="f94b12e1-cee5-36f3-81e3-df0658a53dcc" testName="Api.Tests.SwaggerTests.Get_SwaggerIndex_ReturnsSuccessStatusCode" computerName="ALVAGONZ" duration="00:01:42.2825701" startTime="2026-06-25T09:12:41.6651285-04:00" endTime="2026-06-25T09:12:41.6651286-04:00" testType="13cdc9d9-ddb5-4fa4-a97d-d965ccfc6d4b" outcome="Failed" testListId="8c84fa94-04c1-424b-9868-57a2d4851a1d" relativeResultsDirectory="aa8eb629-9a7f-4b57-83b4-a0665b487dbd">
      <Output>
        <ErrorInfo>
          <Message>System.InvalidOperationException : Database connection failed after retries.</Message>
          <StackTrace>   at Program.&lt;Main&gt;$(String[] args) in C:\Users\Admin\Desktop\Anteproyecto-Verify\src\backend\Api\Program.cs:line 68&#xD;
   at Program.&lt;Main&gt;(String[] args)&#xD;
   at InvokeStub_Program.&lt;Main&gt;(Object, Span`1)&#xD;
   at System.Reflection.MethodBaseInvoker.InvokeWithOneArg(Object obj, BindingFlags invokeAttr, Binder binder, Object[] parameters, CultureInfo culture)&#xD;
--- End of stack trace from previous location ---&#xD;
   at Microsoft.AspNetCore.Mvc.Testing.DeferredHostBuilder.DeferredHost.StartAsync(CancellationToken cancellationToken)&#xD;
   at Microsoft.Extensions.Hosting.HostingAbstractionsHostExtensions.Start(IHost host)&#xD;
   at Microsoft.AspNetCore.Mvc.Testing.WebApplicationFactory`1.CreateHost(IHostBuilder builder)&#xD;
   at Microsoft.AspNetCore.Mvc.Testing.WebApplicationFactory`1.ConfigureHostBuilder(IHostBuilder hostBuilder)&#xD;
   at Microsoft.AspNetCore.Mvc.Testing.WebApplicationFactory`1.EnsureServer()&#xD;
   at Microsoft.AspNetCore.Mvc.Testing.WebApplicationFactory`1.CreateDefaultClient(DelegatingHandler[] handlers)&#xD;
   at Microsoft.AspNetCore.Mvc.Testing.WebApplicationFactory`1.CreateDefaultClient(Uri baseAddress, DelegatingHandler[] handlers)&#xD;
   at Microsoft.AspNetCore.Mvc.Testing.WebApplicationFactory`1.CreateClient(WebApplicationFactoryClientOptions options)&#xD;
   at Microsoft.AspNetCore.Mvc.Testing.WebApplicationFactory`1.CreateClient()&#xD;
   at Api.Tests.SwaggerTests.Get_SwaggerIndex_ReturnsSuccessStatusCode() in C:\Users\Admin\Desktop\Anteproyecto-Verify\src\backend\Api.Tests\SwaggerTests.cs:line 20&#xD;
--- End of stack trace from previous location ---</StackTrace>
        </ErrorInfo>
      </Output>
    </UnitTestResult>
    <UnitTestResult executionId="fc4581c7-13ac-40c5-bd5e-83a2da66d879" testId="afdb3f1a-4623-7490-795d-e6837e60c3b8" testName="Api.Tests.GetDocumentDiagnosisQueryHandlerTests.HandleAsync_AiServiceThrows_ReturnsFallbackResult" computerName="ALVAGONZ" duration="00:00:00.0093273" startTime="2026-06-25T09:10:59.5861072-04:00" endTime="2026-06-25T09:10:59.5861074-04:00" testType="13cdc9d9-ddb5-4fa4-a97d-d965ccfc6d4b" outcome="Passed" testListId="8c84fa94-04c1-424b-9868-57a2d4851a1d" relativeResultsDirectory="fc4581c7-13ac-40c5-bd5e-83a2da66d879" />
    <UnitTestResult executionId="130b0602-d728-466d-a2dc-094e038fb9c3" testId="62532f84-b3c3-01cc-4382-d22055358b75" testName="Api.Tests.ResendEmailServiceTests.SendAccountVerificationAsync_UsesCorrectTemplate" computerName="ALVAGONZ" duration="00:00:00.2026939" startTime="2026-06-25T09:10:59.5773304-04:00" endTime="2026-06-25T09:10:59.5773310-04:00" testType="13cdc9d9-ddb5-4fa4-a97d-d965ccfc6d4b" outcome="Passed" testListId="8c84fa94-04c1-424b-9868-57a2d4851a1d" relativeResultsDirectory="130b0602-d728-466d-a2dc-094e038fb9c3" />
    <UnitTestResult executionId="59926a15-f11b-4d0d-9f0c-dd0b381b4704" testId="c0500782-0e63-83fc-9487-18b8746c1627" testName="Api.Tests.GetDocumentDiagnosisQueryHandlerTests.HandleAsync_ValidationError_ThrowsValidationException" computerName="ALVAGONZ" duration="00:00:00.0027831" startTime="2026-06-25T09:10:59.6256585-04:00" endTime="2026-06-25T09:10:59.6256585-04:00" testType="13cdc9d9-ddb5-4fa4-a97d-d965ccfc6d4b" outcome="Passed" testListId="8c84fa94-04c1-424b-9868-57a2d4851a1d" relativeResultsDirectory="59926a15-f11b-4d0d-9f0c-dd0b381b4704" />
    <UnitTestResult executionId="2fac1c85-72a4-478d-b550-3125736f62aa" testId="3f4a7373-ae45-356c-273c-1587d600f8fe" testName="Api.Tests.ResendEmailServiceTests.SendEmailAsync_SendsMessageWithCorrectValues" computerName="ALVAGONZ" duration="00:00:00.0035112" startTime="2026-06-25T09:10:59.5802692-04:00" endTime="2026-06-25T09:10:59.5802695-04:00" testType="13cdc9d9-ddb5-4fa4-a97d-d965ccfc6d4b" outcome="Passed" testListId="8c84fa94-04c1-424b-9868-57a2d4851a1d" relativeResultsDirectory="2fac1c85-72a4-478d-b550-3125736f62aa" />
    <UnitTestResult executionId="85c49942-9d0c-4ec1-a281-72356cc6f346" testId="9983a587-9771-0fbd-a017-1bbb600dfa5c" testName="Api.Tests.UnitTest1.Test1" computerName="ALVAGONZ" duration="00:00:00.0025266" startTime="2026-06-25T09:10:59.3839224-04:00" endTime="2026-06-25T09:10:59.3839472-04:00" testType="13cdc9d9-ddb5-4fa4-a97d-d965ccfc6d4b" outcome="Passed" testListId="8c84fa94-04c1-424b-9868-57a2d4851a1d" relativeResultsDirectory="85c49942-9d0c-4ec1-a281-72356cc6f346" />
    <UnitTestResult executionId="511336eb-962b-4ce8-b100-c6c4ec08a698" testId="39116a4a-dcfa-62b0-77c9-919eab681596" testName="Api.Tests.ResendEmailServiceTests.SendDocumentStatusUpdateAsync_Rejected_UsesCorrectTemplate" computerName="ALVAGONZ" duration="00:00:00.0053198" startTime="2026-06-25T09:10:59.6309439-04:00" endTime="2026-06-25T09:10:59.6309441-04:00" testType="13cdc9d9-ddb5-4fa4-a97d-d965ccfc6d4b" outcome="Failed" testListId="8c84fa94-04c1-424b-9868-57a2d4851a1d" relativeResultsDirectory="511336eb-962b-4ce8-b100-c6c4ec08a698">
      <Output>
        <ErrorInfo>
          <Message>Assert.Contains() Failure: Sub-string not found&#xD;
String:    "&lt;!DOCTYPE html&gt;\r\n&lt;html lang="es" xmlns="h"···&#xD;
Not found: "badge-rejected"</Message>
          <StackTrace>   at Api.Tests.ResendEmailServiceTests.SendDocumentStatusUpdateAsync_Rejected_UsesCorrectTemplate() in C:\Users\Admin\Desktop\Anteproyecto-Verify\src\backend\Api.Tests\ResendEmailServiceTests.cs:line 172&#xD;
--- End of stack trace from previous location ---</StackTrace>
        </ErrorInfo>
      </Output>
    </UnitTestResult>
    <UnitTestResult executionId="af8706b4-5277-4c39-a01b-959dc378dca0" testId="2bae8dcb-84de-ee76-203f-153ae7f3e8b4" testName="Api.Tests.ApiStatusTests.Get_ApiStatus_ReturnsSuccessStatusCode" computerName="ALVAGONZ" duration="00:01:42.2825218" startTime="2026-06-25T09:12:41.6634503-04:00" endTime="2026-06-25T09:12:41.6634505-04:00" testType="13cdc9d9-ddb5-4fa4-a97d-d965ccfc6d4b" outcome="Failed" testListId="8c84fa94-04c1-424b-9868-57a2d4851a1d" relativeResultsDirectory="af8706b4-5277-4c39-a01b-959dc378dca0">
      <Output>
        <ErrorInfo>
          <Message>System.InvalidOperationException : Database connection failed after retries.</Message>
          <StackTrace>   at Program.&lt;Main&gt;$(String[] args) in C:\Users\Admin\Desktop\Anteproyecto-Verify\src\backend\Api\Program.cs:line 68&#xD;
   at Program.&lt;Main&gt;(String[] args)&#xD;
   at System.RuntimeMethodHandle.InvokeMethod(Object target, Void** arguments, Signature sig, Boolean isConstructor)&#xD;
   at System.Reflection.MethodBaseInvoker.InvokeDirectByRefWithFewArgs(Object obj, Span`1 copyOfArgs, BindingFlags invokeAttr)&#xD;
--- End of stack trace from previous location ---&#xD;
   at Microsoft.AspNetCore.Mvc.Testing.DeferredHostBuilder.DeferredHost.StartAsync(CancellationToken cancellationToken)&#xD;
   at Microsoft.Extensions.Hosting.HostingAbstractionsHostExtensions.Start(IHost host)&#xD;
   at Microsoft.AspNetCore.Mvc.Testing.WebApplicationFactory`1.CreateHost(IHostBuilder builder)&#xD;
   at Microsoft.AspNetCore.Mvc.Testing.WebApplicationFactory`1.ConfigureHostBuilder(IHostBuilder hostBuilder)&#xD;
   at Microsoft.AspNetCore.Mvc.Testing.WebApplicationFactory`1.EnsureServer()&#xD;
   at Microsoft.AspNetCore.Mvc.Testing.WebApplicationFactory`1.CreateDefaultClient(DelegatingHandler[] handlers)&#xD;
   at Microsoft.AspNetCore.Mvc.Testing.WebApplicationFactory`1.CreateDefaultClient(Uri baseAddress, DelegatingHandler[] handlers)&#xD;
   at Microsoft.AspNetCore.Mvc.Testing.WebApplicationFactory`1.CreateClient(WebApplicationFactoryClientOptions options)&#xD;
   at Microsoft.AspNetCore.Mvc.Testing.WebApplicationFactory`1.CreateClient()&#xD;
   at Api.Tests.ApiStatusTests.Get_ApiStatus_ReturnsSuccessStatusCode() in C:\Users\Admin\Desktop\Anteproyecto-Verify\src\backend\Api.Tests\ApiStatusTests.cs:line 20&#xD;
--- End of stack trace from previous location ---</StackTrace>
        </ErrorInfo>
      </Output>
    </UnitTestResult>
  </Results>
  <TestDefinitions>
    <UnitTest name="Api.Tests.SwaggerTests.Get_SwaggerIndex_ReturnsSuccessStatusCode" storage="c:\users\admin\desktop\anteproyecto-verify\src\backend\api.tests\bin\debug\net8.0\api.tests.dll" id="f94b12e1-cee5-36f3-81e3-df0658a53dcc">
      <Execution id="aa8eb629-9a7f-4b57-83b4-a0665b487dbd" />
      <TestMethod codeBase="C:\Users\Admin\Desktop\Anteproyecto-Verify\src\backend\Api.Tests\bin\Debug\net8.0\Api.Tests.dll" adapterTypeName="executor://xunit/VsTestRunner2/netcoreapp" className="Api.Tests.SwaggerTests" name="Get_SwaggerIndex_ReturnsSuccessStatusCode" />
    </UnitTest>
    <UnitTest name="Api.Tests.GetDocumentDiagnosisQueryHandlerTests.HandleAsync_ValidationError_ThrowsValidationException" storage="c:\users\admin\desktop\anteproyecto-verify\src\backend\api.tests\bin\debug\net8.0\api.tests.dll" id="c0500782-0e63-83fc-9487-18b8746c1627">
      <Execution id="59926a15-f11b-4d0d-9f0c-dd0b381b4704" />
      <TestMethod codeBase="C:\Users\Admin\Desktop\Anteproyecto-Verify\src\backend\Api.Tests\bin\Debug\net8.0\Api.Tests.dll" adapterTypeName="executor://xunit/VsTestRunner2/netcoreapp" className="Api.Tests.GetDocumentDiagnosisQueryHandlerTests" name="HandleAsync_ValidationError_ThrowsValidationException" />
    </UnitTest>
    <UnitTest name="Api.Tests.ResendEmailServiceTests.SendAccountVerificationAsync_UsesCorrectTemplate" storage="c:\users\admin\desktop\anteproyecto-verify\src\backend\api.tests\bin\debug\net8.0\api.tests.dll" id="62532f84-b3c3-01cc-4382-d22055358b75">
      <Execution id="130b0602-d728-466d-a2dc-094e038fb9c3" />
      <TestMethod codeBase="C:\Users\Admin\Desktop\Anteproyecto-Verify\src\backend\Api.Tests\bin\Debug\net8.0\Api.Tests.dll" adapterTypeName="executor://xunit/VsTestRunner2/netcoreapp" className="Api.Tests.ResendEmailServiceTests" name="SendAccountVerificationAsync_UsesCorrectTemplate" />
    </UnitTest>
    <UnitTest name="Api.Tests.GetDocumentDiagnosisQueryHandlerTests.HandleAsync_ProjectNotFound_ThrowsKeyNotFoundException" storage="c:\users\admin\desktop\anteproyecto-verify\src\backend\api.tests\bin\debug\net8.0\api.tests.dll" id="3dbf0911-bb1c-684c-f297-8a1080bd1b71">
      <Execution id="a9760de9-76a8-4aab-ab0f-54145d36accc" />
      <TestMethod codeBase="C:\Users\Admin\Desktop\Anteproyecto-Verify\src\backend\Api.Tests\bin\Debug\net8.0\Api.Tests.dll" adapterTypeName="executor://xunit/VsTestRunner2/netcoreapp" className="Api.Tests.GetDocumentDiagnosisQueryHandlerTests" name="HandleAsync_ProjectNotFound_ThrowsKeyNotFoundException" />
    </UnitTest>
    <UnitTest name="Api.Tests.ResendEmailServiceTests.SendProjectCreatedAsync_UsesCorrectTemplate" storage="c:\users\admin\desktop\anteproyecto-verify\src\backend\api.tests\bin\debug\net8.0\api.tests.dll" id="a8a5ed93-5cab-7da6-6bf9-6122f5a5beb8">
      <Execution id="dce60707-74fd-42dd-8bb3-97fc9a676e78" />
      <TestMethod codeBase="C:\Users\Admin\Desktop\Anteproyecto-Verify\src\backend\Api.Tests\bin\Debug\net8.0\Api.Tests.dll" adapterTypeName="executor://xunit/VsTestRunner2/netcoreapp" className="Api.Tests.ResendEmailServiceTests" name="SendProjectCreatedAsync_UsesCorrectTemplate" />
    </UnitTest>
    <UnitTest name="Api.Tests.GetDocumentDiagnosisQueryHandlerTests.HandleAsync_HappyPath_ReturnsExpectedDto" storage="c:\users\admin\desktop\anteproyecto-verify\src\backend\api.tests\bin\debug\net8.0\api.tests.dll" id="eff72f46-a3f9-d3a7-ff15-275794af9931">
      <Execution id="4d0b763a-e0cf-4e9c-a313-f04fb99178d2" />
      <TestMethod codeBase="C:\Users\Admin\Desktop\Anteproyecto-Verify\src\backend\Api.Tests\bin\Debug\net8.0\Api.Tests.dll" adapterTypeName="executor://xunit/VsTestRunner2/netcoreapp" className="Api.Tests.GetDocumentDiagnosisQueryHandlerTests" name="HandleAsync_HappyPath_ReturnsExpectedDto" />
    </UnitTest>
    <UnitTest name="Api.Tests.GetDocumentDiagnosisQueryHandlerTests.HandleAsync_CalledTwiceWithinOneMinute_ThrowsInvalidOperationException" storage="c:\users\admin\desktop\anteproyecto-verify\src\backend\api.tests\bin\debug\net8.0\api.tests.dll" id="d613d3e3-a00c-805d-8fe8-9f741d534ffe">
      <Execution id="b25f0189-e4d7-4fff-8886-a715f97b7ab4" />
      <TestMethod codeBase="C:\Users\Admin\Desktop\Anteproyecto-Verify\src\backend\Api.Tests\bin\Debug\net8.0\Api.Tests.dll" adapterTypeName="executor://xunit/VsTestRunner2/netcoreapp" className="Api.Tests.GetDocumentDiagnosisQueryHandlerTests" name="HandleAsync_CalledTwiceWithinOneMinute_ThrowsInvalidOperationException" />
    </UnitTest>
    <UnitTest name="Api.Tests.ResendEmailServiceTests.SendDocumentStatusUpdateAsync_Rejected_UsesCorrectTemplate" storage="c:\users\admin\desktop\anteproyecto-verify\src\backend\api.tests\bin\debug\net8.0\api.tests.dll" id="39116a4a-dcfa-62b0-77c9-919eab681596">
      <Execution id="511336eb-962b-4ce8-b100-c6c4ec08a698" />
      <TestMethod codeBase="C:\Users\Admin\Desktop\Anteproyecto-Verify\src\backend\Api.Tests\bin\Debug\net8.0\Api.Tests.dll" adapterTypeName="executor://xunit/VsTestRunner2/netcoreapp" className="Api.Tests.ResendEmailServiceTests" name="SendDocumentStatusUpdateAsync_Rejected_UsesCorrectTemplate" />
    </UnitTest>
    <UnitTest name="Api.Tests.ResendEmailServiceTests.SendEmailAsync_SendsMessageWithCorrectValues" storage="c:\users\admin\desktop\anteproyecto-verify\src\backend\api.tests\bin\debug\net8.0\api.tests.dll" id="3f4a7373-ae45-356c-273c-1587d600f8fe">
      <Execution id="2fac1c85-72a4-478d-b550-3125736f62aa" />
      <TestMethod codeBase="C:\Users\Admin\Desktop\Anteproyecto-Verify\src\backend\Api.Tests\bin\Debug\net8.0\Api.Tests.dll" adapterTypeName="executor://xunit/VsTestRunner2/netcoreapp" className="Api.Tests.ResendEmailServiceTests" name="SendEmailAsync_SendsMessageWithCorrectValues" />
    </UnitTest>
    <UnitTest name="Api.Tests.ResendEmailServiceTests.SendDocumentStatusUpdateAsync_Approved_UsesCorrectTemplate" storage="c:\users\admin\desktop\anteproyecto-verify\src\backend\api.tests\bin\debug\net8.0\api.tests.dll" id="7b8a1692-efa4-d511-32d7-4966224f8985">
      <Execution id="863db2bb-0414-44fd-9b2f-2181c86d2c03" />
      <TestMethod codeBase="C:\Users\Admin\Desktop\Anteproyecto-Verify\src\backend\Api.Tests\bin\Debug\net8.0\Api.Tests.dll" adapterTypeName="executor://xunit/VsTestRunner2/netcoreapp" className="Api.Tests.ResendEmailServiceTests" name="SendDocumentStatusUpdateAsync_Approved_UsesCorrectTemplate" />
    </UnitTest>
    <UnitTest name="Api.Tests.ResendEmailServiceTests.SendDocumentUploadConfirmationAsync_UsesCorrectTemplate" storage="c:\users\admin\desktop\anteproyecto-verify\src\backend\api.tests\bin\debug\net8.0\api.tests.dll" id="5380e8c3-5f3f-436c-34df-3b3a96511a9b">
      <Execution id="9c933c77-7e47-4e04-a3cc-a86a23c0d0bb" />
      <TestMethod codeBase="C:\Users\Admin\Desktop\Anteproyecto-Verify\src\backend\Api.Tests\bin\Debug\net8.0\Api.Tests.dll" adapterTypeName="executor://xunit/VsTestRunner2/netcoreapp" className="Api.Tests.ResendEmailServiceTests" name="SendDocumentUploadConfirmationAsync_UsesCorrectTemplate" />
    </UnitTest>
    <UnitTest name="Api.Tests.ApiStatusTests.Get_ApiStatus_ReturnsSuccessStatusCode" storage="c:\users\admin\desktop\anteproyecto-verify\src\backend\api.tests\bin\debug\net8.0\api.tests.dll" id="2bae8dcb-84de-ee76-203f-153ae7f3e8b4">
      <Execution id="af8706b4-5277-4c39-a01b-959dc378dca0" />
      <TestMethod codeBase="C:\Users\Admin\Desktop\Anteproyecto-Verify\src\backend\Api.Tests\bin\Debug\net8.0\Api.Tests.dll" adapterTypeName="executor://xunit/VsTestRunner2/netcoreapp" className="Api.Tests.ApiStatusTests" name="Get_ApiStatus_ReturnsSuccessStatusCode" />
    </UnitTest>
    <UnitTest name="Api.Tests.GetDocumentDiagnosisQueryHandlerTests.HandleAsync_NoDocuments_ReturnsScoreZeroAndDefaultSummary" storage="c:\users\admin\desktop\anteproyecto-verify\src\backend\api.tests\bin\debug\net8.0\api.tests.dll" id="f0e1e511-e13f-e8d9-e04b-28c87c7fd256">
      <Execution id="f5cec6f8-7dd2-4cd0-a195-320780640fea" />
      <TestMethod codeBase="C:\Users\Admin\Desktop\Anteproyecto-Verify\src\backend\Api.Tests\bin\Debug\net8.0\Api.Tests.dll" adapterTypeName="executor://xunit/VsTestRunner2/netcoreapp" className="Api.Tests.GetDocumentDiagnosisQueryHandlerTests" name="HandleAsync_NoDocuments_ReturnsScoreZeroAndDefaultSummary" />
    </UnitTest>
    <UnitTest name="Api.Tests.GetDocumentDiagnosisQueryHandlerTests.HandleAsync_AiServiceThrows_ReturnsFallbackResult" storage="c:\users\admin\desktop\anteproyecto-verify\src\backend\api.tests\bin\debug\net8.0\api.tests.dll" id="afdb3f1a-4623-7490-795d-e6837e60c3b8">
      <Execution id="fc4581c7-13ac-40c5-bd5e-83a2da66d879" />
      <TestMethod codeBase="C:\Users\Admin\Desktop\Anteproyecto-Verify\src\backend\Api.Tests\bin\Debug\net8.0\Api.Tests.dll" adapterTypeName="executor://xunit/VsTestRunner2/netcoreapp" className="Api.Tests.GetDocumentDiagnosisQueryHandlerTests" name="HandleAsync_AiServiceThrows_ReturnsFallbackResult" />
    </UnitTest>
    <UnitTest name="Api.Tests.UnitTest1.Test1" storage="c:\users\admin\desktop\anteproyecto-verify\src\backend\api.tests\bin\debug\net8.0\api.tests.dll" id="9983a587-9771-0fbd-a017-1bbb600dfa5c">
      <Execution id="85c49942-9d0c-4ec1-a281-72356cc6f346" />
      <TestMethod codeBase="C:\Users\Admin\Desktop\Anteproyecto-Verify\src\backend\Api.Tests\bin\Debug\net8.0\Api.Tests.dll" adapterTypeName="executor://xunit/VsTestRunner2/netcoreapp" className="Api.Tests.UnitTest1" name="Test1" />
    </UnitTest>
  </TestDefinitions>
  <TestEntries>
    <TestEntry testId="a8a5ed93-5cab-7da6-6bf9-6122f5a5beb8" executionId="dce60707-74fd-42dd-8bb3-97fc9a676e78" testListId="8c84fa94-04c1-424b-9868-57a2d4851a1d" />
    <TestEntry testId="eff72f46-a3f9-d3a7-ff15-275794af9931" executionId="4d0b763a-e0cf-4e9c-a313-f04fb99178d2" testListId="8c84fa94-04c1-424b-9868-57a2d4851a1d" />
    <TestEntry testId="7b8a1692-efa4-d511-32d7-4966224f8985" executionId="863db2bb-0414-44fd-9b2f-2181c86d2c03" testListId="8c84fa94-04c1-424b-9868-57a2d4851a1d" />
    <TestEntry testId="5380e8c3-5f3f-436c-34df-3b3a96511a9b" executionId="9c933c77-7e47-4e04-a3cc-a86a23c0d0bb" testListId="8c84fa94-04c1-424b-9868-57a2d4851a1d" />
    <TestEntry testId="f0e1e511-e13f-e8d9-e04b-28c87c7fd256" executionId="f5cec6f8-7dd2-4cd0-a195-320780640fea" testListId="8c84fa94-04c1-424b-9868-57a2d4851a1d" />
    <TestEntry testId="3dbf0911-bb1c-684c-f297-8a1080bd1b71" executionId="a9760de9-76a8-4aab-ab0f-54145d36accc" testListId="8c84fa94-04c1-424b-9868-57a2d4851a1d" />
    <TestEntry testId="d613d3e3-a00c-805d-8fe8-9f741d534ffe" executionId="b25f0189-e4d7-4fff-8886-a715f97b7ab4" testListId="8c84fa94-04c1-424b-9868-57a2d4851a1d" />
    <TestEntry testId="f94b12e1-cee5-36f3-81e3-df0658a53dcc" executionId="aa8eb629-9a7f-4b57-83b4-a0665b487dbd" testListId="8c84fa94-04c1-424b-9868-57a2d4851a1d" />
    <TestEntry testId="afdb3f1a-4623-7490-795d-e6837e60c3b8" executionId="fc4581c7-13ac-40c5-bd5e-83a2da66d879" testListId="8c84fa94-04c1-424b-9868-57a2d4851a1d" />
    <TestEntry testId="62532f84-b3c3-01cc-4382-d22055358b75" executionId="130b0602-d728-466d-a2dc-094e038fb9c3" testListId="8c84fa94-04c1-424b-9868-57a2d4851a1d" />
    <TestEntry testId="c0500782-0e63-83fc-9487-18b8746c1627" executionId="59926a15-f11b-4d0d-9f0c-dd0b381b4704" testListId="8c84fa94-04c1-424b-9868-57a2d4851a1d" />
    <TestEntry testId="3f4a7373-ae45-356c-273c-1587d600f8fe" executionId="2fac1c85-72a4-478d-b550-3125736f62aa" testListId="8c84fa94-04c1-424b-9868-57a2d4851a1d" />
    <TestEntry testId="9983a587-9771-0fbd-a017-1bbb600dfa5c" executionId="85c49942-9d0c-4ec1-a281-72356cc6f346" testListId="8c84fa94-04c1-424b-9868-57a2d4851a1d" />
    <TestEntry testId="39116a4a-dcfa-62b0-77c9-919eab681596" executionId="511336eb-962b-4ce8-b100-c6c4ec08a698" testListId="8c84fa94-04c1-424b-9868-57a2d4851a1d" />
    <TestEntry testId="2bae8dcb-84de-ee76-203f-153ae7f3e8b4" executionId="af8706b4-5277-4c39-a01b-959dc378dca0" testListId="8c84fa94-04c1-424b-9868-57a2d4851a1d" />
  </TestEntries>
  <TestLists>
    <TestList name="Results Not in a List" id="8c84fa94-04c1-424b-9868-57a2d4851a1d" />
    <TestList name="All Loaded Results" id="19431567-8539-422a-85d7-44ee4e166bda" />
  </TestLists>
  <ResultSummary outcome="Failed">
    <Counters total="15" executed="15" passed="11" failed="4" error="0" timeout="0" aborted="0" inconclusive="0" passedButRunAborted="0" notRunnable="0" notExecuted="0" disconnected="0" warning="0" completed="0" inProgress="0" pending="0" />
    <Output>
      <StdOut>[xUnit.net 00:00:00.00] xUnit.net VSTest Adapter v2.5.3.1+6b60a9e56a (64-bit .NET 8.0.25)&#xD;
[xUnit.net 00:00:00.14]   Discovering: Api.Tests&#xD;
[xUnit.net 00:00:00.20]   Discovered:  Api.Tests&#xD;
[xUnit.net 00:00:00.21]   Starting:    Api.Tests&#xD;
[xUnit.net 00:00:00.52]       Assert.Contains() Failure: Sub-string not found&#xD;
[xUnit.net 00:00:00.52]       String:    "&lt;!DOCTYPE html&gt;\r\n&lt;html lang="es" xmlns="h"···&#xD;
[xUnit.net 00:00:00.52]       Not found: "badge-rejected"&#xD;
[xUnit.net 00:00:00.52]       Stack Trace:&#xD;
[xUnit.net 00:00:00.52]         C:\Users\Admin\Desktop\Anteproyecto-Verify\src\backend\Api.Tests\ResendEmailServiceTests.cs(172,0): at Api.Tests.ResendEmailServiceTests.SendDocumentStatusUpdateAsync_Rejected_UsesCorrectTemplate()&#xD;
[xUnit.net 00:00:00.52]         --- End of stack trace from previous location ---&#xD;
[xUnit.net 00:00:00.53]       Assert.Contains() Failure: Sub-string not found&#xD;
[xUnit.net 00:00:00.53]       String:    "&lt;!DOCTYPE html&gt;\r\n&lt;html lang="es" xmlns="h"···&#xD;
[xUnit.net 00:00:00.53]       Not found: "badge-verified"&#xD;
[xUnit.net 00:00:00.53]       Stack Trace:&#xD;
[xUnit.net 00:00:00.53]         C:\Users\Admin\Desktop\Anteproyecto-Verify\src\backend\Api.Tests\ResendEmailServiceTests.cs(145,0): at Api.Tests.ResendEmailServiceTests.SendDocumentStatusUpdateAsync_Approved_UsesCorrectTemplate()&#xD;
[xUnit.net 00:00:00.53]         --- End of stack trace from previous location ---&#xD;
warn: Program[0]&#xD;
      Database is not ready yet. Retrying in 2 seconds... (1/30). Error: Cannot open database "VeriFincaDb_Test" requested by the login. The login failed.&#xD;
      Login failed for user 'ALVAGONZ\Admin'.&#xD;
warn: Program[0]&#xD;
      Database is not ready yet. Retrying in 2 seconds... (1/30). Error: Cannot open database "VeriFincaDb_Test" requested by the login. The login failed.&#xD;
      Login failed for user 'ALVAGONZ\Admin'.&#xD;
warn: Program[0]&#xD;
      Database is not ready yet. Retrying in 2 seconds... (2/30). Error: Cannot open database "VeriFincaDb_Test" requested by the login. The login failed.&#xD;
      Login failed for user 'ALVAGONZ\Admin'.&#xD;
warn: Program[0]&#xD;
      Database is not ready yet. Retrying in 2 seconds... (2/30). Error: Cannot open database "VeriFincaDb_Test" requested by the login. The login failed.&#xD;
      Login failed for user 'ALVAGONZ\Admin'.&#xD;
warn: Program[0]&#xD;
      Database is not ready yet. Retrying in 2 seconds... (3/30). Error: Cannot open database "VeriFincaDb_Test" requested by the login. The login failed.&#xD;
      Login failed for user 'ALVAGONZ\Admin'.&#xD;
warn: Program[0]&#xD;
      Database is not ready yet. Retrying in 2 seconds... (3/30). Error: Cannot open database "VeriFincaDb_Test" requested by the login. The login failed.&#xD;
      Login failed for user 'ALVAGONZ\Admin'.&#xD;
warn: Program[0]&#xD;
      Database is not ready yet. Retrying in 2 seconds... (4/30). Error: Cannot open database "VeriFincaDb_Test" requested by the login. The login failed.&#xD;
      Login failed for user 'ALVAGONZ\Admin'.&#xD;
warn: Program[0]&#xD;
      Database is not ready yet. Retrying in 2 seconds... (4/30). Error: Cannot open database "VeriFincaDb_Test" requested by the login. The login failed.&#xD;
      Login failed for user 'ALVAGONZ\Admin'.&#xD;
warn: Program[0]&#xD;
      Database is not ready yet. Retrying in 2 seconds... (5/30). Error: Cannot open database "VeriFincaDb_Test" requested by the login. The login failed.&#xD;
      Login failed for user 'ALVAGONZ\Admin'.&#xD;
warn: Program[0]&#xD;
      Database is not ready yet. Retrying in 2 seconds... (5/30). Error: Cannot open database "VeriFincaDb_Test" requested by the login. The login failed.&#xD;
      Login failed for user 'ALVAGONZ\Admin'.&#xD;
warn: Program[0]&#xD;
      Database is not ready yet. Retrying in 2 seconds... (6/30). Error: Cannot open database "VeriFincaDb_Test" requested by the login. The login failed.&#xD;
      Login failed for user 'ALVAGONZ\Admin'.&#xD;
warn: Program[0]&#xD;
      Database is not ready yet. Retrying in 2 seconds... (6/30). Error: Cannot open database "VeriFincaDb_Test" requested by the login. The login failed.&#xD;
      Login failed for user 'ALVAGONZ\Admin'.&#xD;
warn: Program[0]&#xD;
      Database is not ready yet. Retrying in 2 seconds... (7/30). Error: Cannot open database "VeriFincaDb_Test" requested by the login. The login failed.&#xD;
      Login failed for user 'ALVAGONZ\Admin'.&#xD;
warn: Program[0]&#xD;
      Database is not ready yet. Retrying in 2 seconds... (7/30). Error: Cannot open database "VeriFincaDb_Test" requested by the login. The login failed.&#xD;
      Login failed for user 'ALVAGONZ\Admin'.&#xD;
warn: Program[0]&#xD;
      Database is not ready yet. Retrying in 2 seconds... (8/30). Error: Cannot open database "VeriFincaDb_Test" requested by the login. The login failed.&#xD;
      Login failed for user 'ALVAGONZ\Admin'.&#xD;
warn: Program[0]&#xD;
      Database is not ready yet. Retrying in 2 seconds... (8/30). Error: Cannot open database "VeriFincaDb_Test" requested by the login. The login failed.&#xD;
      Login failed for user 'ALVAGONZ\Admin'.&#xD;
warn: Program[0]&#xD;
      Database is not ready yet. Retrying in 2 seconds... (9/30). Error: Cannot open database "VeriFincaDb_Test" requested by the login. The login failed.&#xD;
      Login failed for user 'ALVAGONZ\Admin'.&#xD;
warn: Program[0]&#xD;
      Database is not ready yet. Retrying in 2 seconds... (9/30). Error: Cannot open database "VeriFincaDb_Test" requested by the login. The login failed.&#xD;
      Login failed for user 'ALVAGONZ\Admin'.&#xD;
warn: Program[0]&#xD;
      Database is not ready yet. Retrying in 2 seconds... (10/30). Error: Cannot open database "VeriFincaDb_Test" requested by the login. The login failed.&#xD;
      Login failed for user 'ALVAGONZ\Admin'.&#xD;
warn: Program[0]&#xD;
      Database is not ready yet. Retrying in 2 seconds... (10/30). Error: Cannot open database "VeriFincaDb_Test" requested by the login. The login failed.&#xD;
      Login failed for user 'ALVAGONZ\Admin'.&#xD;
warn: Program[0]&#xD;
      Database is not ready yet. Retrying in 2 seconds... (11/30). Error: Cannot open database "VeriFincaDb_Test" requested by the login. The login failed.&#xD;
      Login failed for user 'ALVAGONZ\Admin'.&#xD;
warn: Program[0]&#xD;
      Database is not ready yet. Retrying in 2 seconds... (11/30). Error: Cannot open database "VeriFincaDb_Test" requested by the login. The login failed.&#xD;
      Login failed for user 'ALVAGONZ\Admin'.&#xD;
warn: Program[0]&#xD;
      Database is not ready yet. Retrying in 2 seconds... (12/30). Error: Cannot open database "VeriFincaDb_Test" requested by the login. The login failed.&#xD;
      Login failed for user 'ALVAGONZ\Admin'.&#xD;
warn: Program[0]&#xD;
      Database is not ready yet. Retrying in 2 seconds... (12/30). Error: Cannot open database "VeriFincaDb_Test" requested by the login. The login failed.&#xD;
      Login failed for user 'ALVAGONZ\Admin'.&#xD;
warn: Program[0]&#xD;
      Database is not ready yet. Retrying in 2 seconds... (13/30). Error: Cannot open database "VeriFincaDb_Test" requested by the login. The login failed.&#xD;
      Login failed for user 'ALVAGONZ\Admin'.&#xD;
warn: Program[0]&#xD;
      Database is not ready yet. Retrying in 2 seconds... (13/30). Error: Cannot open database "VeriFincaDb_Test" requested by the login. The login failed.&#xD;
      Login failed for user 'ALVAGONZ\Admin'.&#xD;
warn: Program[0]&#xD;
      Database is not ready yet. Retrying in 2 seconds... (14/30). Error: Cannot open database "VeriFincaDb_Test" requested by the login. The login failed.&#xD;
      Login failed for user 'ALVAGONZ\Admin'.&#xD;
warn: Program[0]&#xD;
      Database is not ready yet. Retrying in 2 seconds... (14/30). Error: Cannot open database "VeriFincaDb_Test" requested by the login. The login failed.&#xD;
      Login failed for user 'ALVAGONZ\Admin'.&#xD;
warn: Program[0]&#xD;
      Database is not ready yet. Retrying in 2 seconds... (15/30). Error: Cannot open database "VeriFincaDb_Test" requested by the login. The login failed.&#xD;
      Login failed for user 'ALVAGONZ\Admin'.&#xD;
warn: Program[0]&#xD;
      Database is not ready yet. Retrying in 2 seconds... (15/30). Error: Cannot open database "VeriFincaDb_Test" requested by the login. The login failed.&#xD;
      Login failed for user 'ALVAGONZ\Admin'.&#xD;
warn: Program[0]&#xD;
      Database is not ready yet. Retrying in 2 seconds... (16/30). Error: Cannot open database "VeriFincaDb_Test" requested by the login. The login failed.&#xD;
      Login failed for user 'ALVAGONZ\Admin'.&#xD;
warn: Program[0]&#xD;
      Database is not ready yet. Retrying in 2 seconds... (16/30). Error: Cannot open database "VeriFincaDb_Test" requested by the login. The login failed.&#xD;
      Login failed for user 'ALVAGONZ\Admin'.&#xD;
warn: Program[0]&#xD;
      Database is not ready yet. Retrying in 2 seconds... (17/30). Error: Cannot open database "VeriFincaDb_Test" requested by the login. The login failed.&#xD;
      Login failed for user 'ALVAGONZ\Admin'.&#xD;
warn: Program[0]&#xD;
      Database is not ready yet. Retrying in 2 seconds... (17/30). Error: Cannot open database "VeriFincaDb_Test" requested by the login. The login failed.&#xD;
      Login failed for user 'ALVAGONZ\Admin'.&#xD;
warn: Program[0]&#xD;
      Database is not ready yet. Retrying in 2 seconds... (18/30). Error: Cannot open database "VeriFincaDb_Test" requested by the login. The login failed.&#xD;
      Login failed for user 'ALVAGONZ\Admin'.&#xD;
warn: Program[0]&#xD;
      Database is not ready yet. Retrying in 2 seconds... (18/30). Error: Cannot open database "VeriFincaDb_Test" requested by the login. The login failed.&#xD;
      Login failed for user 'ALVAGONZ\Admin'.&#xD;
warn: Program[0]&#xD;
      Database is not ready yet. Retrying in 2 seconds... (19/30). Error: Cannot open database "VeriFincaDb_Test" requested by the login. The login failed.&#xD;
      Login failed for user 'ALVAGONZ\Admin'.&#xD;
warn: Program[0]&#xD;
      Database is not ready yet. Retrying in 2 seconds... (19/30). Error: Cannot open database "VeriFincaDb_Test" requested by the login. The login failed.&#xD;
      Login failed for user 'ALVAGONZ\Admin'.&#xD;
warn: Program[0]&#xD;
      Database is not ready yet. Retrying in 2 seconds... (20/30). Error: Cannot open database "VeriFincaDb_Test" requested by the login. The login failed.&#xD;
      Login failed for user 'ALVAGONZ\Admin'.&#xD;
warn: Program[0]&#xD;
      Database is not ready yet. Retrying in 2 seconds... (20/30). Error: Cannot open database "VeriFincaDb_Test" requested by the login. The login failed.&#xD;
      Login failed for user 'ALVAGONZ\Admin'.&#xD;
warn: Program[0]&#xD;
      Database is not ready yet. Retrying in 2 seconds... (21/30). Error: Cannot open database "VeriFincaDb_Test" requested by the login. The login failed.&#xD;
      Login failed for user 'ALVAGONZ\Admin'.&#xD;
warn: Program[0]&#xD;
      Database is not ready yet. Retrying in 2 seconds... (21/30). Error: Cannot open database "VeriFincaDb_Test" requested by the login. The login failed.&#xD;
      Login failed for user 'ALVAGONZ\Admin'.&#xD;
warn: Program[0]&#xD;
      Database is not ready yet. Retrying in 2 seconds... (22/30). Error: Cannot open database "VeriFincaDb_Test" requested by the login. The login failed.&#xD;
      Login failed for user 'ALVAGONZ\Admin'.&#xD;
warn: Program[0]&#xD;
      Database is not ready yet. Retrying in 2 seconds... (22/30). Error: Cannot open database "VeriFincaDb_Test" requested by the login. The login failed.&#xD;
      Login failed for user 'ALVAGONZ\Admin'.&#xD;
warn: Program[0]&#xD;
      Database is not ready yet. Retrying in 2 seconds... (23/30). Error: Cannot open database "VeriFincaDb_Test" requested by the login. The login failed.&#xD;
      Login failed for user 'ALVAGONZ\Admin'.&#xD;
warn: Program[0]&#xD;
      Database is not ready yet. Retrying in 2 seconds... (23/30). Error: Cannot open database "VeriFincaDb_Test" requested by the login. The login failed.&#xD;
      Login failed for user 'ALVAGONZ\Admin'.&#xD;
warn: Program[0]&#xD;
      Database is not ready yet. Retrying in 2 seconds... (24/30). Error: Cannot open database "VeriFincaDb_Test" requested by the login. The login failed.&#xD;
      Login failed for user 'ALVAGONZ\Admin'.&#xD;
warn: Program[0]&#xD;
      Database is not ready yet. Retrying in 2 seconds... (24/30). Error: Cannot open database "VeriFincaDb_Test" requested by the login. The login failed.&#xD;
      Login failed for user 'ALVAGONZ\Admin'.&#xD;
warn: Program[0]&#xD;
      Database is not ready yet. Retrying in 2 seconds... (25/30). Error: Cannot open database "VeriFincaDb_Test" requested by the login. The login failed.&#xD;
      Login failed for user 'ALVAGONZ\Admin'.&#xD;
warn: Program[0]&#xD;
      Database is not ready yet. Retrying in 2 seconds... (25/30). Error: Cannot open database "VeriFincaDb_Test" requested by the login. The login failed.&#xD;
      Login failed for user 'ALVAGONZ\Admin'.&#xD;
warn: Program[0]&#xD;
      Database is not ready yet. Retrying in 2 seconds... (26/30). Error: Cannot open database "VeriFincaDb_Test" requested by the login. The login failed.&#xD;
      Login failed for user 'ALVAGONZ\Admin'.&#xD;
warn: Program[0]&#xD;
      Database is not ready yet. Retrying in 2 seconds... (26/30). Error: Cannot open database "VeriFincaDb_Test" requested by the login. The login failed.&#xD;
      Login failed for user 'ALVAGONZ\Admin'.&#xD;
warn: Program[0]&#xD;
      Database is not ready yet. Retrying in 2 seconds... (27/30). Error: Cannot open database "VeriFincaDb_Test" requested by the login. The login failed.&#xD;
      Login failed for user 'ALVAGONZ\Admin'.&#xD;
warn: Program[0]&#xD;
      Database is not ready yet. Retrying in 2 seconds... (27/30). Error: Cannot open database "VeriFincaDb_Test" requested by the login. The login failed.&#xD;
      Login failed for user 'ALVAGONZ\Admin'.&#xD;
warn: Program[0]&#xD;
      Database is not ready yet. Retrying in 2 seconds... (28/30). Error: Cannot open database "VeriFincaDb_Test" requested by the login. The login failed.&#xD;
      Login failed for user 'ALVAGONZ\Admin'.&#xD;
warn: Program[0]&#xD;
      Database is not ready yet. Retrying in 2 seconds... (28/30). Error: Cannot open database "VeriFincaDb_Test" requested by the login. The login failed.&#xD;
      Login failed for user 'ALVAGONZ\Admin'.&#xD;
warn: Program[0]&#xD;
      Database is not ready yet. Retrying in 2 seconds... (29/30). Error: Cannot open database "VeriFincaDb_Test" requested by the login. The login failed.&#xD;
      Login failed for user 'ALVAGONZ\Admin'.&#xD;
warn: Program[0]&#xD;
      Database is not ready yet. Retrying in 2 seconds... (29/30). Error: Cannot open database "VeriFincaDb_Test" requested by the login. The login failed.&#xD;
      Login failed for user 'ALVAGONZ\Admin'.&#xD;
warn: Program[0]&#xD;
      Database is not ready yet. Retrying in 2 seconds... (30/30). Error: Cannot open database "VeriFincaDb_Test" requested by the login. The login failed.&#xD;
      Login failed for user 'ALVAGONZ\Admin'.&#xD;
warn: Program[0]&#xD;
      Database is not ready yet. Retrying in 2 seconds... (30/30). Error: Cannot open database "VeriFincaDb_Test" requested by the login. The login failed.&#xD;
      Login failed for user 'ALVAGONZ\Admin'.&#xD;
fail: Program[0]&#xD;
      Could not connect to database after 30 retries.&#xD;
fail: Program[0]&#xD;
      Could not connect to database after 30 retries.&#xD;
=== FATAL STARTUP CRASH ===&#xD;
=== FATAL STARTUP CRASH ===&#xD;
System.InvalidOperationException: Database connection failed after retries.&#xD;
   at Program.&lt;Main&gt;$(String[] args) in C:\Users\Admin\Desktop\Anteproyecto-Verify\src\backend\Api\Program.cs:line 68&#xD;
System.InvalidOperationException: Database connection failed after retries.&#xD;
   at Program.&lt;Main&gt;$(String[] args) in C:\Users\Admin\Desktop\Anteproyecto-Verify\src\backend\Api\Program.cs:line 68&#xD;
[xUnit.net 00:01:42.56]       System.InvalidOperationException : Database connection failed after retries.&#xD;
[xUnit.net 00:01:42.56]       Stack Trace:&#xD;
[xUnit.net 00:01:42.56]         C:\Users\Admin\Desktop\Anteproyecto-Verify\src\backend\Api\Program.cs(68,0): at Program.&lt;Main&gt;$(String[] args)&#xD;
[xUnit.net 00:01:42.56]            at Program.&lt;Main&gt;(String[] args)&#xD;
[xUnit.net 00:01:42.56]            at System.RuntimeMethodHandle.InvokeMethod(Object target, Void** arguments, Signature sig, Boolean isConstructor)&#xD;
[xUnit.net 00:01:42.56]            at System.Reflection.MethodBaseInvoker.InvokeDirectByRefWithFewArgs(Object obj, Span`1 copyOfArgs, BindingFlags invokeAttr)&#xD;
[xUnit.net 00:01:42.56]         --- End of stack trace from previous location ---&#xD;
[xUnit.net 00:01:42.56]            at Microsoft.AspNetCore.Mvc.Testing.DeferredHostBuilder.DeferredHost.StartAsync(CancellationToken cancellationToken)&#xD;
[xUnit.net 00:01:42.56]            at Microsoft.Extensions.Hosting.HostingAbstractionsHostExtensions.Start(IHost host)&#xD;
[xUnit.net 00:01:42.56]            at Microsoft.AspNetCore.Mvc.Testing.WebApplicationFactory`1.CreateHost(IHostBuilder builder)&#xD;
[xUnit.net 00:01:42.56]            at Microsoft.AspNetCore.Mvc.Testing.WebApplicationFactory`1.ConfigureHostBuilder(IHostBuilder hostBuilder)&#xD;
[xUnit.net 00:01:42.56]            at Microsoft.AspNetCore.Mvc.Testing.WebApplicationFactory`1.EnsureServer()&#xD;
[xUnit.net 00:01:42.56]            at Microsoft.AspNetCore.Mvc.Testing.WebApplicationFactory`1.CreateDefaultClient(DelegatingHandler[] handlers)&#xD;
[xUnit.net 00:01:42.56]            at Microsoft.AspNetCore.Mvc.Testing.WebApplicationFactory`1.CreateDefaultClient(Uri baseAddress, DelegatingHandler[] handlers)&#xD;
[xUnit.net 00:01:42.56]            at Microsoft.AspNetCore.Mvc.Testing.WebApplicationFactory`1.CreateClient(WebApplicationFactoryClientOptions options)&#xD;
[xUnit.net 00:01:42.56]            at Microsoft.AspNetCore.Mvc.Testing.WebApplicationFactory`1.CreateClient()&#xD;
[xUnit.net 00:01:42.56]         C:\Users\Admin\Desktop\Anteproyecto-Verify\src\backend\Api.Tests\ApiStatusTests.cs(20,0): at Api.Tests.ApiStatusTests.Get_ApiStatus_ReturnsSuccessStatusCode()&#xD;
[xUnit.net 00:01:42.56]         --- End of stack trace from previous location ---&#xD;
[xUnit.net 00:01:42.56]       System.InvalidOperationException : Database connection failed after retries.&#xD;
[xUnit.net 00:01:42.56]       Stack Trace:&#xD;
[xUnit.net 00:01:42.56]         C:\Users\Admin\Desktop\Anteproyecto-Verify\src\backend\Api\Program.cs(68,0): at Program.&lt;Main&gt;$(String[] args)&#xD;
[xUnit.net 00:01:42.56]            at Program.&lt;Main&gt;(String[] args)&#xD;
[xUnit.net 00:01:42.56]            at InvokeStub_Program.&lt;Main&gt;(Object, Span`1)&#xD;
[xUnit.net 00:01:42.56]            at System.Reflection.MethodBaseInvoker.InvokeWithOneArg(Object obj, BindingFlags invokeAttr, Binder binder, Object[] parameters, CultureInfo culture)&#xD;
[xUnit.net 00:01:42.56]         --- End of stack trace from previous location ---&#xD;
[xUnit.net 00:01:42.56]            at Microsoft.AspNetCore.Mvc.Testing.DeferredHostBuilder.DeferredHost.StartAsync(CancellationToken cancellationToken)&#xD;
[xUnit.net 00:01:42.56]            at Microsoft.Extensions.Hosting.HostingAbstractionsHostExtensions.Start(IHost host)&#xD;
[xUnit.net 00:01:42.56]            at Microsoft.AspNetCore.Mvc.Testing.WebApplicationFactory`1.CreateHost(IHostBuilder builder)&#xD;
[xUnit.net 00:01:42.56]            at Microsoft.AspNetCore.Mvc.Testing.WebApplicationFactory`1.ConfigureHostBuilder(IHostBuilder hostBuilder)&#xD;
[xUnit.net 00:01:42.56]            at Microsoft.AspNetCore.Mvc.Testing.WebApplicationFactory`1.EnsureServer()&#xD;
[xUnit.net 00:01:42.56]            at Microsoft.AspNetCore.Mvc.Testing.WebApplicationFactory`1.CreateDefaultClient(DelegatingHandler[] handlers)&#xD;
[xUnit.net 00:01:42.56]            at Microsoft.AspNetCore.Mvc.Testing.WebApplicationFactory`1.CreateDefaultClient(Uri baseAddress, DelegatingHandler[] handlers)&#xD;
[xUnit.net 00:01:42.56]            at Microsoft.AspNetCore.Mvc.Testing.WebApplicationFactory`1.CreateClient(WebApplicationFactoryClientOptions options)&#xD;
[xUnit.net 00:01:42.56]            at Microsoft.AspNetCore.Mvc.Testing.WebApplicationFactory`1.CreateClient()&#xD;
[xUnit.net 00:01:42.56]         C:\Users\Admin\Desktop\Anteproyecto-Verify\src\backend\Api.Tests\SwaggerTests.cs(20,0): at Api.Tests.SwaggerTests.Get_SwaggerIndex_ReturnsSuccessStatusCode()&#xD;
[xUnit.net 00:01:42.56]         --- End of stack trace from previous location ---&#xD;
[xUnit.net 00:01:42.56]   Finished:    Api.Tests&#xD;
</StdOut>
    </Output>
    <RunInfos>
      <RunInfo computerName="ALVAGONZ" outcome="Error" timestamp="2026-06-25T09:10:59.6809504-04:00">
        <Text>[xUnit.net 00:00:00.52]     Api.Tests.ResendEmailServiceTests.SendDocumentStatusUpdateAsync_Rejected_UsesCorrectTemplate [FAIL]</Text>
      </RunInfo>
      <RunInfo computerName="ALVAGONZ" outcome="Error" timestamp="2026-06-25T09:10:59.6813347-04:00">
        <Text>[xUnit.net 00:00:00.53]     Api.Tests.ResendEmailServiceTests.SendDocumentStatusUpdateAsync_Approved_UsesCorrectTemplate [FAIL]</Text>
      </RunInfo>
      <RunInfo computerName="ALVAGONZ" outcome="Error" timestamp="2026-06-25T09:12:41.6618137-04:00">
        <Text>[xUnit.net 00:01:42.56]     Api.Tests.ApiStatusTests.Get_ApiStatus_ReturnsSuccessStatusCode [FAIL]</Text>
      </RunInfo>
      <RunInfo computerName="ALVAGONZ" outcome="Error" timestamp="2026-06-25T09:12:41.6637323-04:00">
        <Text>[xUnit.net 00:01:42.56]     Api.Tests.SwaggerTests.Get_SwaggerIndex_ReturnsSuccessStatusCode [FAIL]</Text>
      </RunInfo>
    </RunInfos>
  </ResultSummary>
</TestRun>