<?xml version="1.0" encoding="utf-8"?>
<TestRun id="b247f893-a6ee-451c-ab21-286b931963d5" name="Admin@ALVAGONZ 2026-06-25 10:24:24" runUser="ALVAGONZ\Admin" xmlns="http://microsoft.com/schemas/VisualStudio/TeamTest/2010">
  <Times creation="2026-06-25T10:24:24.1852347-04:00" queuing="2026-06-25T10:24:24.1852355-04:00" start="2026-06-25T10:24:23.0856095-04:00" finish="2026-06-25T10:26:06.0056577-04:00" />
  <TestSettings name="default" id="37954dda-c03b-414b-aaaf-6dda83ef13f4">
    <Deployment runDeploymentRoot="Admin_ALVAGONZ_2026-06-25_10_24_24" />
  </TestSettings>
  <Results>
    <UnitTestResult executionId="97d24712-aa9e-4a8f-aa23-8c2511035c08" testId="7b8a1692-efa4-d511-32d7-4966224f8985" testName="Api.Tests.ResendEmailServiceTests.SendDocumentStatusUpdateAsync_Approved_UsesCorrectTemplate" computerName="ALVAGONZ" duration="00:00:00.0015046" startTime="2026-06-25T10:24:24.1412163-04:00" endTime="2026-06-25T10:24:24.1412164-04:00" testType="13cdc9d9-ddb5-4fa4-a97d-d965ccfc6d4b" outcome="Passed" testListId="8c84fa94-04c1-424b-9868-57a2d4851a1d" relativeResultsDirectory="97d24712-aa9e-4a8f-aa23-8c2511035c08" />
    <UnitTestResult executionId="23c4ebf8-b982-4f55-82e7-5c141977b485" testId="3dbf0911-bb1c-684c-f297-8a1080bd1b71" testName="Api.Tests.GetDocumentDiagnosisQueryHandlerTests.HandleAsync_ProjectNotFound_ThrowsKeyNotFoundException" computerName="ALVAGONZ" duration="00:00:00.0025940" startTime="2026-06-25T10:24:24.1412775-04:00" endTime="2026-06-25T10:24:24.1412776-04:00" testType="13cdc9d9-ddb5-4fa4-a97d-d965ccfc6d4b" outcome="Passed" testListId="8c84fa94-04c1-424b-9868-57a2d4851a1d" relativeResultsDirectory="23c4ebf8-b982-4f55-82e7-5c141977b485" />
    <UnitTestResult executionId="5c39ad8d-12b0-4d95-9a30-c03ebb8a6873" testId="a8a5ed93-5cab-7da6-6bf9-6122f5a5beb8" testName="Api.Tests.ResendEmailServiceTests.SendProjectCreatedAsync_UsesCorrectTemplate" computerName="ALVAGONZ" duration="00:00:00.0023213" startTime="2026-06-25T10:24:24.1410006-04:00" endTime="2026-06-25T10:24:24.1410010-04:00" testType="13cdc9d9-ddb5-4fa4-a97d-d965ccfc6d4b" outcome="Passed" testListId="8c84fa94-04c1-424b-9868-57a2d4851a1d" relativeResultsDirectory="5c39ad8d-12b0-4d95-9a30-c03ebb8a6873" />
    <UnitTestResult executionId="8e0223aa-978c-45a2-94a7-45ed8dc24b74" testId="f0e1e511-e13f-e8d9-e04b-28c87c7fd256" testName="Api.Tests.GetDocumentDiagnosisQueryHandlerTests.HandleAsync_NoDocuments_ReturnsScoreZeroAndDefaultSummary" computerName="ALVAGONZ" duration="00:00:00.0015109" startTime="2026-06-25T10:24:24.1413928-04:00" endTime="2026-06-25T10:24:24.1413929-04:00" testType="13cdc9d9-ddb5-4fa4-a97d-d965ccfc6d4b" outcome="Passed" testListId="8c84fa94-04c1-424b-9868-57a2d4851a1d" relativeResultsDirectory="8e0223aa-978c-45a2-94a7-45ed8dc24b74" />
    <UnitTestResult executionId="15a6e332-2781-44d1-9df7-75d145b92acd" testId="39116a4a-dcfa-62b0-77c9-919eab681596" testName="Api.Tests.ResendEmailServiceTests.SendDocumentStatusUpdateAsync_Rejected_UsesCorrectTemplate" computerName="ALVAGONZ" duration="00:00:00.0028518" startTime="2026-06-25T10:24:24.1040477-04:00" endTime="2026-06-25T10:24:24.1040478-04:00" testType="13cdc9d9-ddb5-4fa4-a97d-d965ccfc6d4b" outcome="Passed" testListId="8c84fa94-04c1-424b-9868-57a2d4851a1d" relativeResultsDirectory="15a6e332-2781-44d1-9df7-75d145b92acd" />
    <UnitTestResult executionId="70ab189a-0fa8-4951-ac9a-911d52d0b457" testId="f94b12e1-cee5-36f3-81e3-df0658a53dcc" testName="Api.Tests.SwaggerTests.Get_SwaggerIndex_ReturnsSuccessStatusCode" computerName="ALVAGONZ" duration="00:01:41.9986584" startTime="2026-06-25T10:26:05.9185659-04:00" endTime="2026-06-25T10:26:05.9185661-04:00" testType="13cdc9d9-ddb5-4fa4-a97d-d965ccfc6d4b" outcome="Failed" testListId="8c84fa94-04c1-424b-9868-57a2d4851a1d" relativeResultsDirectory="70ab189a-0fa8-4951-ac9a-911d52d0b457">
      <Output>
        <ErrorInfo>
          <Message>System.InvalidOperationException : Database connection failed after retries.</Message>
          <StackTrace>   at Program.&lt;Main&gt;$(String[] args) in C:\Users\Admin\Desktop\Anteproyecto-Verify\src\backend\Api\Program.cs:line 68&#xD;
   at Program.&lt;Main&gt;(String[] args)&#xD;
   at InvokeStub_Program.&lt;Main&gt;(Object, Span`1)&#xD;
   at System.Reflection.MethodBaseInvoker.InvokeWithOneArg(Object obj, BindingFlags invokeAttr, Binder binder, Object[] parameters, CultureInfo culture)&#xD;
--- End of stack trace from previous location ---&#xD;
   at Microsoft.AspNetCore.Mvc.Testing.DeferredHostBuilder.DeferredHost.StartAsync(CancellationToken cancellationToken)&#xD;
   at Microsoft.Extensions.Hosting.HostingAbstractionsHostExtensions.Start(IHost host)&#xD;
   at Microsoft.AspNetCore.Mvc.Testing.WebApplicationFactory`1.CreateHost(IHostBuilder builder)&#xD;
   at Microsoft.AspNetCore.Mvc.Testing.WebApplicationFactory`1.ConfigureHostBuilder(IHostBuilder hostBuilder)&#xD;
   at Microsoft.AspNetCore.Mvc.Testing.WebApplicationFactory`1.EnsureServer()&#xD;
   at Microsoft.AspNetCore.Mvc.Testing.WebApplicationFactory`1.CreateDefaultClient(DelegatingHandler[] handlers)&#xD;
   at Microsoft.AspNetCore.Mvc.Testing.WebApplicationFactory`1.CreateDefaultClient(Uri baseAddress, DelegatingHandler[] handlers)&#xD;
   at Microsoft.AspNetCore.Mvc.Testing.WebApplicationFactory`1.CreateClient(WebApplicationFactoryClientOptions options)&#xD;
   at Microsoft.AspNetCore.Mvc.Testing.WebApplicationFactory`1.CreateClient()&#xD;
   at Api.Tests.SwaggerTests.Get_SwaggerIndex_ReturnsSuccessStatusCode() in C:\Users\Admin\Desktop\Anteproyecto-Verify\src\backend\Api.Tests\SwaggerTests.cs:line 20&#xD;
--- End of stack trace from previous location ---</StackTrace>
        </ErrorInfo>
      </Output>
    </UnitTestResult>
    <UnitTestResult executionId="0ce35634-aeac-4982-8fee-0a0a882b47a5" testId="9983a587-9771-0fbd-a017-1bbb600dfa5c" testName="Api.Tests.UnitTest1.Test1" computerName="ALVAGONZ" duration="00:00:00.0023666" startTime="2026-06-25T10:24:23.9118258-04:00" endTime="2026-06-25T10:24:23.9118548-04:00" testType="13cdc9d9-ddb5-4fa4-a97d-d965ccfc6d4b" outcome="Passed" testListId="8c84fa94-04c1-424b-9868-57a2d4851a1d" relativeResultsDirectory="0ce35634-aeac-4982-8fee-0a0a882b47a5" />
    <UnitTestResult executionId="bd20d885-92e7-4beb-b526-8da315fac343" testId="d613d3e3-a00c-805d-8fe8-9f741d534ffe" testName="Api.Tests.GetDocumentDiagnosisQueryHandlerTests.HandleAsync_CalledTwiceWithinOneMinute_ThrowsInvalidOperationException" computerName="ALVAGONZ" duration="00:00:00.2007442" startTime="2026-06-25T10:24:24.1021047-04:00" endTime="2026-06-25T10:24:24.1021049-04:00" testType="13cdc9d9-ddb5-4fa4-a97d-d965ccfc6d4b" outcome="Passed" testListId="8c84fa94-04c1-424b-9868-57a2d4851a1d" relativeResultsDirectory="bd20d885-92e7-4beb-b526-8da315fac343" />
    <UnitTestResult executionId="0a0e7c50-362c-4836-8b71-d1bc48f9b1e2" testId="eff72f46-a3f9-d3a7-ff15-275794af9931" testName="Api.Tests.GetDocumentDiagnosisQueryHandlerTests.HandleAsync_HappyPath_ReturnsExpectedDto" computerName="ALVAGONZ" duration="00:00:00.0040634" startTime="2026-06-25T10:24:24.1413178-04:00" endTime="2026-06-25T10:24:24.1413179-04:00" testType="13cdc9d9-ddb5-4fa4-a97d-d965ccfc6d4b" outcome="Passed" testListId="8c84fa94-04c1-424b-9868-57a2d4851a1d" relativeResultsDirectory="0a0e7c50-362c-4836-8b71-d1bc48f9b1e2" />
    <UnitTestResult executionId="acd821b7-367a-430a-8451-b3abd1bc007b" testId="c0500782-0e63-83fc-9487-18b8746c1627" testName="Api.Tests.GetDocumentDiagnosisQueryHandlerTests.HandleAsync_ValidationError_ThrowsValidationException" computerName="ALVAGONZ" duration="00:00:00.0030474" startTime="2026-06-25T10:24:24.1413587-04:00" endTime="2026-06-25T10:24:24.1413587-04:00" testType="13cdc9d9-ddb5-4fa4-a97d-d965ccfc6d4b" outcome="Passed" testListId="8c84fa94-04c1-424b-9868-57a2d4851a1d" relativeResultsDirectory="acd821b7-367a-430a-8451-b3abd1bc007b" />
    <UnitTestResult executionId="7106418a-f3e2-4080-bad0-884b463506c2" testId="3f4a7373-ae45-356c-273c-1587d600f8fe" testName="Api.Tests.ResendEmailServiceTests.SendEmailAsync_SendsMessageWithCorrectValues" computerName="ALVAGONZ" duration="00:00:00.0034152" startTime="2026-06-25T10:24:24.0966502-04:00" endTime="2026-06-25T10:24:24.0966504-04:00" testType="13cdc9d9-ddb5-4fa4-a97d-d965ccfc6d4b" outcome="Passed" testListId="8c84fa94-04c1-424b-9868-57a2d4851a1d" relativeResultsDirectory="7106418a-f3e2-4080-bad0-884b463506c2" />
    <UnitTestResult executionId="1d6d7254-bea2-4be9-a55f-17a2f5e388e1" testId="2bae8dcb-84de-ee76-203f-153ae7f3e8b4" testName="Api.Tests.ApiStatusTests.Get_ApiStatus_ReturnsSuccessStatusCode" computerName="ALVAGONZ" duration="00:01:41.9986663" startTime="2026-06-25T10:26:05.9166067-04:00" endTime="2026-06-25T10:26:05.9166072-04:00" testType="13cdc9d9-ddb5-4fa4-a97d-d965ccfc6d4b" outcome="Failed" testListId="8c84fa94-04c1-424b-9868-57a2d4851a1d" relativeResultsDirectory="1d6d7254-bea2-4be9-a55f-17a2f5e388e1">
      <Output>
        <ErrorInfo>
          <Message>System.InvalidOperationException : Database connection failed after retries.</Message>
          <StackTrace>   at Program.&lt;Main&gt;$(String[] args) in C:\Users\Admin\Desktop\Anteproyecto-Verify\src\backend\Api\Program.cs:line 68&#xD;
   at Program.&lt;Main&gt;(String[] args)&#xD;
   at System.RuntimeMethodHandle.InvokeMethod(Object target, Void** arguments, Signature sig, Boolean isConstructor)&#xD;
   at System.Reflection.MethodBaseInvoker.InvokeDirectByRefWithFewArgs(Object obj, Span`1 copyOfArgs, BindingFlags invokeAttr)&#xD;
--- End of stack trace from previous location ---&#xD;
   at Microsoft.AspNetCore.Mvc.Testing.DeferredHostBuilder.DeferredHost.StartAsync(CancellationToken cancellationToken)&#xD;
   at Microsoft.Extensions.Hosting.HostingAbstractionsHostExtensions.Start(IHost host)&#xD;
   at Microsoft.AspNetCore.Mvc.Testing.WebApplicationFactory`1.CreateHost(IHostBuilder builder)&#xD;
   at Microsoft.AspNetCore.Mvc.Testing.WebApplicationFactory`1.ConfigureHostBuilder(IHostBuilder hostBuilder)&#xD;
   at Microsoft.AspNetCore.Mvc.Testing.WebApplicationFactory`1.EnsureServer()&#xD;
   at Microsoft.AspNetCore.Mvc.Testing.WebApplicationFactory`1.CreateDefaultClient(DelegatingHandler[] handlers)&#xD;
   at Microsoft.AspNetCore.Mvc.Testing.WebApplicationFactory`1.CreateDefaultClient(Uri baseAddress, DelegatingHandler[] handlers)&#xD;
   at Microsoft.AspNetCore.Mvc.Testing.WebApplicationFactory`1.CreateClient(WebApplicationFactoryClientOptions options)&#xD;
   at Microsoft.AspNetCore.Mvc.Testing.WebApplicationFactory`1.CreateClient()&#xD;
   at Api.Tests.ApiStatusTests.Get_ApiStatus_ReturnsSuccessStatusCode() in C:\Users\Admin\Desktop\Anteproyecto-Verify\src\backend\Api.Tests\ApiStatusTests.cs:line 20&#xD;
--- End of stack trace from previous location ---</StackTrace>
        </ErrorInfo>
      </Output>
    </UnitTestResult>
    <UnitTestResult executionId="3965333f-a96d-42be-b40b-d739278923cb" testId="5380e8c3-5f3f-436c-34df-3b3a96511a9b" testName="Api.Tests.ResendEmailServiceTests.SendDocumentUploadConfirmationAsync_UsesCorrectTemplate" computerName="ALVAGONZ" duration="00:00:00.0042934" startTime="2026-06-25T10:24:24.1010761-04:00" endTime="2026-06-25T10:24:24.1010763-04:00" testType="13cdc9d9-ddb5-4fa4-a97d-d965ccfc6d4b" outcome="Passed" testListId="8c84fa94-04c1-424b-9868-57a2d4851a1d" relativeResultsDirectory="3965333f-a96d-42be-b40b-d739278923cb" />
    <UnitTestResult executionId="6414bd77-b035-4f61-86e4-13c3a2f47560" testId="afdb3f1a-4623-7490-795d-e6837e60c3b8" testName="Api.Tests.GetDocumentDiagnosisQueryHandlerTests.HandleAsync_AiServiceThrows_ReturnsFallbackResult" computerName="ALVAGONZ" duration="00:00:00.0084933" startTime="2026-06-25T10:24:24.1412440-04:00" endTime="2026-06-25T10:24:24.1412441-04:00" testType="13cdc9d9-ddb5-4fa4-a97d-d965ccfc6d4b" outcome="Passed" testListId="8c84fa94-04c1-424b-9868-57a2d4851a1d" relativeResultsDirectory="6414bd77-b035-4f61-86e4-13c3a2f47560" />
    <UnitTestResult executionId="e5b01838-ea7f-44ab-a2aa-b01f4b33eec0" testId="62532f84-b3c3-01cc-4382-d22055358b75" testName="Api.Tests.ResendEmailServiceTests.SendAccountVerificationAsync_UsesCorrectTemplate" computerName="ALVAGONZ" duration="00:00:00.1911856" startTime="2026-06-25T10:24:24.0927292-04:00" endTime="2026-06-25T10:24:24.0927298-04:00" testType="13cdc9d9-ddb5-4fa4-a97d-d965ccfc6d4b" outcome="Passed" testListId="8c84fa94-04c1-424b-9868-57a2d4851a1d" relativeResultsDirectory="e5b01838-ea7f-44ab-a2aa-b01f4b33eec0" />
  </Results>
  <TestDefinitions>
    <UnitTest name="Api.Tests.SwaggerTests.Get_SwaggerIndex_ReturnsSuccessStatusCode" storage="c:\users\admin\desktop\anteproyecto-verify\src\backend\api.tests\bin\debug\net8.0\api.tests.dll" id="f94b12e1-cee5-36f3-81e3-df0658a53dcc">
      <Execution id="70ab189a-0fa8-4951-ac9a-911d52d0b457" />
      <TestMethod codeBase="C:\Users\Admin\Desktop\Anteproyecto-Verify\src\backend\Api.Tests\bin\Debug\net8.0\Api.Tests.dll" adapterTypeName="executor://xunit/VsTestRunner2/netcoreapp" className="Api.Tests.SwaggerTests" name="Get_SwaggerIndex_ReturnsSuccessStatusCode" />
    </UnitTest>
    <UnitTest name="Api.Tests.GetDocumentDiagnosisQueryHandlerTests.HandleAsync_ValidationError_ThrowsValidationException" storage="c:\users\admin\desktop\anteproyecto-verify\src\backend\api.tests\bin\debug\net8.0\api.tests.dll" id="c0500782-0e63-83fc-9487-18b8746c1627">
      <Execution id="acd821b7-367a-430a-8451-b3abd1bc007b" />
      <TestMethod codeBase="C:\Users\Admin\Desktop\Anteproyecto-Verify\src\backend\Api.Tests\bin\Debug\net8.0\Api.Tests.dll" adapterTypeName="executor://xunit/VsTestRunner2/netcoreapp" className="Api.Tests.GetDocumentDiagnosisQueryHandlerTests" name="HandleAsync_ValidationError_ThrowsValidationException" />
    </UnitTest>
    <UnitTest name="Api.Tests.ResendEmailServiceTests.SendAccountVerificationAsync_UsesCorrectTemplate" storage="c:\users\admin\desktop\anteproyecto-verify\src\backend\api.tests\bin\debug\net8.0\api.tests.dll" id="62532f84-b3c3-01cc-4382-d22055358b75">
      <Execution id="e5b01838-ea7f-44ab-a2aa-b01f4b33eec0" />
      <TestMethod codeBase="C:\Users\Admin\Desktop\Anteproyecto-Verify\src\backend\Api.Tests\bin\Debug\net8.0\Api.Tests.dll" adapterTypeName="executor://xunit/VsTestRunner2/netcoreapp" className="Api.Tests.ResendEmailServiceTests" name="SendAccountVerificationAsync_UsesCorrectTemplate" />
    </UnitTest>
    <UnitTest name="Api.Tests.GetDocumentDiagnosisQueryHandlerTests.HandleAsync_ProjectNotFound_ThrowsKeyNotFoundException" storage="c:\users\admin\desktop\anteproyecto-verify\src\backend\api.tests\bin\debug\net8.0\api.tests.dll" id="3dbf0911-bb1c-684c-f297-8a1080bd1b71">
      <Execution id="23c4ebf8-b982-4f55-82e7-5c141977b485" />
      <TestMethod codeBase="C:\Users\Admin\Desktop\Anteproyecto-Verify\src\backend\Api.Tests\bin\Debug\net8.0\Api.Tests.dll" adapterTypeName="executor://xunit/VsTestRunner2/netcoreapp" className="Api.Tests.GetDocumentDiagnosisQueryHandlerTests" name="HandleAsync_ProjectNotFound_ThrowsKeyNotFoundException" />
    </UnitTest>
    <UnitTest name="Api.Tests.ResendEmailServiceTests.SendProjectCreatedAsync_UsesCorrectTemplate" storage="c:\users\admin\desktop\anteproyecto-verify\src\backend\api.tests\bin\debug\net8.0\api.tests.dll" id="a8a5ed93-5cab-7da6-6bf9-6122f5a5beb8">
      <Execution id="5c39ad8d-12b0-4d95-9a30-c03ebb8a6873" />
      <TestMethod codeBase="C:\Users\Admin\Desktop\Anteproyecto-Verify\src\backend\Api.Tests\bin\Debug\net8.0\Api.Tests.dll" adapterTypeName="executor://xunit/VsTestRunner2/netcoreapp" className="Api.Tests.ResendEmailServiceTests" name="SendProjectCreatedAsync_UsesCorrectTemplate" />
    </UnitTest>
    <UnitTest name="Api.Tests.GetDocumentDiagnosisQueryHandlerTests.HandleAsync_HappyPath_ReturnsExpectedDto" storage="c:\users\admin\desktop\anteproyecto-verify\src\backend\api.tests\bin\debug\net8.0\api.tests.dll" id="eff72f46-a3f9-d3a7-ff15-275794af9931">
      <Execution id="0a0e7c50-362c-4836-8b71-d1bc48f9b1e2" />
      <TestMethod codeBase="C:\Users\Admin\Desktop\Anteproyecto-Verify\src\backend\Api.Tests\bin\Debug\net8.0\Api.Tests.dll" adapterTypeName="executor://xunit/VsTestRunner2/netcoreapp" className="Api.Tests.GetDocumentDiagnosisQueryHandlerTests" name="HandleAsync_HappyPath_ReturnsExpectedDto" />
    </UnitTest>
    <UnitTest name="Api.Tests.GetDocumentDiagnosisQueryHandlerTests.HandleAsync_CalledTwiceWithinOneMinute_ThrowsInvalidOperationException" storage="c:\users\admin\desktop\anteproyecto-verify\src\backend\api.tests\bin\debug\net8.0\api.tests.dll" id="d613d3e3-a00c-805d-8fe8-9f741d534ffe">
      <Execution id="bd20d885-92e7-4beb-b526-8da315fac343" />
      <TestMethod codeBase="C:\Users\Admin\Desktop\Anteproyecto-Verify\src\backend\Api.Tests\bin\Debug\net8.0\Api.Tests.dll" adapterTypeName="executor://xunit/VsTestRunner2/netcoreapp" className="Api.Tests.GetDocumentDiagnosisQueryHandlerTests" name="HandleAsync_CalledTwiceWithinOneMinute_ThrowsInvalidOperationException" />
    </UnitTest>
    <UnitTest name="Api.Tests.ResendEmailServiceTests.SendDocumentStatusUpdateAsync_Rejected_UsesCorrectTemplate" storage="c:\users\admin\desktop\anteproyecto-verify\src\backend\api.tests\bin\debug\net8.0\api.tests.dll" id="39116a4a-dcfa-62b0-77c9-919eab681596">
      <Execution id="15a6e332-2781-44d1-9df7-75d145b92acd" />
      <TestMethod codeBase="C:\Users\Admin\Desktop\Anteproyecto-Verify\src\backend\Api.Tests\bin\Debug\net8.0\Api.Tests.dll" adapterTypeName="executor://xunit/VsTestRunner2/netcoreapp" className="Api.Tests.ResendEmailServiceTests" name="SendDocumentStatusUpdateAsync_Rejected_UsesCorrectTemplate" />
    </UnitTest>
    <UnitTest name="Api.Tests.ResendEmailServiceTests.SendEmailAsync_SendsMessageWithCorrectValues" storage="c:\users\admin\desktop\anteproyecto-verify\src\backend\api.tests\bin\debug\net8.0\api.tests.dll" id="3f4a7373-ae45-356c-273c-1587d600f8fe">
      <Execution id="7106418a-f3e2-4080-bad0-884b463506c2" />
      <TestMethod codeBase="C:\Users\Admin\Desktop\Anteproyecto-Verify\src\backend\Api.Tests\bin\Debug\net8.0\Api.Tests.dll" adapterTypeName="executor://xunit/VsTestRunner2/netcoreapp" className="Api.Tests.ResendEmailServiceTests" name="SendEmailAsync_SendsMessageWithCorrectValues" />
    </UnitTest>
    <UnitTest name="Api.Tests.ResendEmailServiceTests.SendDocumentStatusUpdateAsync_Approved_UsesCorrectTemplate" storage="c:\users\admin\desktop\anteproyecto-verify\src\backend\api.tests\bin\debug\net8.0\api.tests.dll" id="7b8a1692-efa4-d511-32d7-4966224f8985">
      <Execution id="97d24712-aa9e-4a8f-aa23-8c2511035c08" />
      <TestMethod codeBase="C:\Users\Admin\Desktop\Anteproyecto-Verify\src\backend\Api.Tests\bin\Debug\net8.0\Api.Tests.dll" adapterTypeName="executor://xunit/VsTestRunner2/netcoreapp" className="Api.Tests.ResendEmailServiceTests" name="SendDocumentStatusUpdateAsync_Approved_UsesCorrectTemplate" />
    </UnitTest>
    <UnitTest name="Api.Tests.ResendEmailServiceTests.SendDocumentUploadConfirmationAsync_UsesCorrectTemplate" storage="c:\users\admin\desktop\anteproyecto-verify\src\backend\api.tests\bin\debug\net8.0\api.tests.dll" id="5380e8c3-5f3f-436c-34df-3b3a96511a9b">
      <Execution id="3965333f-a96d-42be-b40b-d739278923cb" />
      <TestMethod codeBase="C:\Users\Admin\Desktop\Anteproyecto-Verify\src\backend\Api.Tests\bin\Debug\net8.0\Api.Tests.dll" adapterTypeName="executor://xunit/VsTestRunner2/netcoreapp" className="Api.Tests.ResendEmailServiceTests" name="SendDocumentUploadConfirmationAsync_UsesCorrectTemplate" />
    </UnitTest>
    <UnitTest name="Api.Tests.ApiStatusTests.Get_ApiStatus_ReturnsSuccessStatusCode" storage="c:\users\admin\desktop\anteproyecto-verify\src\backend\api.tests\bin\debug\net8.0\api.tests.dll" id="2bae8dcb-84de-ee76-203f-153ae7f3e8b4">
      <Execution id="1d6d7254-bea2-4be9-a55f-17a2f5e388e1" />
      <TestMethod codeBase="C:\Users\Admin\Desktop\Anteproyecto-Verify\src\backend\Api.Tests\bin\Debug\net8.0\Api.Tests.dll" adapterTypeName="executor://xunit/VsTestRunner2/netcoreapp" className="Api.Tests.ApiStatusTests" name="Get_ApiStatus_ReturnsSuccessStatusCode" />
    </UnitTest>
    <UnitTest name="Api.Tests.GetDocumentDiagnosisQueryHandlerTests.HandleAsync_NoDocuments_ReturnsScoreZeroAndDefaultSummary" storage="c:\users\admin\desktop\anteproyecto-verify\src\backend\api.tests\bin\debug\net8.0\api.tests.dll" id="f0e1e511-e13f-e8d9-e04b-28c87c7fd256">
      <Execution id="8e0223aa-978c-45a2-94a7-45ed8dc24b74" />
      <TestMethod codeBase="C:\Users\Admin\Desktop\Anteproyecto-Verify\src\backend\Api.Tests\bin\Debug\net8.0\Api.Tests.dll" adapterTypeName="executor://xunit/VsTestRunner2/netcoreapp" className="Api.Tests.GetDocumentDiagnosisQueryHandlerTests" name="HandleAsync_NoDocuments_ReturnsScoreZeroAndDefaultSummary" />
    </UnitTest>
    <UnitTest name="Api.Tests.GetDocumentDiagnosisQueryHandlerTests.HandleAsync_AiServiceThrows_ReturnsFallbackResult" storage="c:\users\admin\desktop\anteproyecto-verify\src\backend\api.tests\bin\debug\net8.0\api.tests.dll" id="afdb3f1a-4623-7490-795d-e6837e60c3b8">
      <Execution id="6414bd77-b035-4f61-86e4-13c3a2f47560" />
      <TestMethod codeBase="C:\Users\Admin\Desktop\Anteproyecto-Verify\src\backend\Api.Tests\bin\Debug\net8.0\Api.Tests.dll" adapterTypeName="executor://xunit/VsTestRunner2/netcoreapp" className="Api.Tests.GetDocumentDiagnosisQueryHandlerTests" name="HandleAsync_AiServiceThrows_ReturnsFallbackResult" />
    </UnitTest>
    <UnitTest name="Api.Tests.UnitTest1.Test1" storage="c:\users\admin\desktop\anteproyecto-verify\src\backend\api.tests\bin\debug\net8.0\api.tests.dll" id="9983a587-9771-0fbd-a017-1bbb600dfa5c">
      <Execution id="0ce35634-aeac-4982-8fee-0a0a882b47a5" />
      <TestMethod codeBase="C:\Users\Admin\Desktop\Anteproyecto-Verify\src\backend\Api.Tests\bin\Debug\net8.0\Api.Tests.dll" adapterTypeName="executor://xunit/VsTestRunner2/netcoreapp" className="Api.Tests.UnitTest1" name="Test1" />
    </UnitTest>
  </TestDefinitions>
  <TestEntries>
    <TestEntry testId="7b8a1692-efa4-d511-32d7-4966224f8985" executionId="97d24712-aa9e-4a8f-aa23-8c2511035c08" testListId="8c84fa94-04c1-424b-9868-57a2d4851a1d" />
    <TestEntry testId="3dbf0911-bb1c-684c-f297-8a1080bd1b71" executionId="23c4ebf8-b982-4f55-82e7-5c141977b485" testListId="8c84fa94-04c1-424b-9868-57a2d4851a1d" />
    <TestEntry testId="a8a5ed93-5cab-7da6-6bf9-6122f5a5beb8" executionId="5c39ad8d-12b0-4d95-9a30-c03ebb8a6873" testListId="8c84fa94-04c1-424b-9868-57a2d4851a1d" />
    <TestEntry testId="f0e1e511-e13f-e8d9-e04b-28c87c7fd256" executionId="8e0223aa-978c-45a2-94a7-45ed8dc24b74" testListId="8c84fa94-04c1-424b-9868-57a2d4851a1d" />
    <TestEntry testId="39116a4a-dcfa-62b0-77c9-919eab681596" executionId="15a6e332-2781-44d1-9df7-75d145b92acd" testListId="8c84fa94-04c1-424b-9868-57a2d4851a1d" />
    <TestEntry testId="f94b12e1-cee5-36f3-81e3-df0658a53dcc" executionId="70ab189a-0fa8-4951-ac9a-911d52d0b457" testListId="8c84fa94-04c1-424b-9868-57a2d4851a1d" />
    <TestEntry testId="9983a587-9771-0fbd-a017-1bbb600dfa5c" executionId="0ce35634-aeac-4982-8fee-0a0a882b47a5" testListId="8c84fa94-04c1-424b-9868-57a2d4851a1d" />
    <TestEntry testId="d613d3e3-a00c-805d-8fe8-9f741d534ffe" executionId="bd20d885-92e7-4beb-b526-8da315fac343" testListId="8c84fa94-04c1-424b-9868-57a2d4851a1d" />
    <TestEntry testId="eff72f46-a3f9-d3a7-ff15-275794af9931" executionId="0a0e7c50-362c-4836-8b71-d1bc48f9b1e2" testListId="8c84fa94-04c1-424b-9868-57a2d4851a1d" />
    <TestEntry testId="c0500782-0e63-83fc-9487-18b8746c1627" executionId="acd821b7-367a-430a-8451-b3abd1bc007b" testListId="8c84fa94-04c1-424b-9868-57a2d4851a1d" />
    <TestEntry testId="3f4a7373-ae45-356c-273c-1587d600f8fe" executionId="7106418a-f3e2-4080-bad0-884b463506c2" testListId="8c84fa94-04c1-424b-9868-57a2d4851a1d" />
    <TestEntry testId="2bae8dcb-84de-ee76-203f-153ae7f3e8b4" executionId="1d6d7254-bea2-4be9-a55f-17a2f5e388e1" testListId="8c84fa94-04c1-424b-9868-57a2d4851a1d" />
    <TestEntry testId="5380e8c3-5f3f-436c-34df-3b3a96511a9b" executionId="3965333f-a96d-42be-b40b-d739278923cb" testListId="8c84fa94-04c1-424b-9868-57a2d4851a1d" />
    <TestEntry testId="afdb3f1a-4623-7490-795d-e6837e60c3b8" executionId="6414bd77-b035-4f61-86e4-13c3a2f47560" testListId="8c84fa94-04c1-424b-9868-57a2d4851a1d" />
    <TestEntry testId="62532f84-b3c3-01cc-4382-d22055358b75" executionId="e5b01838-ea7f-44ab-a2aa-b01f4b33eec0" testListId="8c84fa94-04c1-424b-9868-57a2d4851a1d" />
  </TestEntries>
  <TestLists>
    <TestList name="Results Not in a List" id="8c84fa94-04c1-424b-9868-57a2d4851a1d" />
    <TestList name="All Loaded Results" id="19431567-8539-422a-85d7-44ee4e166bda" />
  </TestLists>
  <ResultSummary outcome="Failed">
    <Counters total="15" executed="15" passed="13" failed="2" error="0" timeout="0" aborted="0" inconclusive="0" passedButRunAborted="0" notRunnable="0" notExecuted="0" disconnected="0" warning="0" completed="0" inProgress="0" pending="0" />
    <Output>
      <StdOut>[xUnit.net 00:00:00.00] xUnit.net VSTest Adapter v2.5.3.1+6b60a9e56a (64-bit .NET 8.0.25)&#xD;
[xUnit.net 00:00:00.13]   Discovering: Api.Tests&#xD;
[xUnit.net 00:00:00.17]   Discovered:  Api.Tests&#xD;
[xUnit.net 00:00:00.18]   Starting:    Api.Tests&#xD;
warn: Program[0]&#xD;
      Database is not ready yet. Retrying in 2 seconds... (1/30). Error: Cannot open database "VeriFincaDb" requested by the login. The login failed.&#xD;
      Login failed for user 'ALVAGONZ\Admin'.&#xD;
warn: Program[0]&#xD;
      Database is not ready yet. Retrying in 2 seconds... (1/30). Error: Cannot open database "VeriFincaDb" requested by the login. The login failed.&#xD;
      Login failed for user 'ALVAGONZ\Admin'.&#xD;
warn: Program[0]&#xD;
      Database is not ready yet. Retrying in 2 seconds... (2/30). Error: Cannot open database "VeriFincaDb" requested by the login. The login failed.&#xD;
      Login failed for user 'ALVAGONZ\Admin'.&#xD;
warn: Program[0]&#xD;
      Database is not ready yet. Retrying in 2 seconds... (2/30). Error: Cannot open database "VeriFincaDb" requested by the login. The login failed.&#xD;
      Login failed for user 'ALVAGONZ\Admin'.&#xD;
warn: Program[0]&#xD;
      Database is not ready yet. Retrying in 2 seconds... (3/30). Error: Cannot open database "VeriFincaDb" requested by the login. The login failed.&#xD;
      Login failed for user 'ALVAGONZ\Admin'.&#xD;
warn: Program[0]&#xD;
      Database is not ready yet. Retrying in 2 seconds... (3/30). Error: Cannot open database "VeriFincaDb" requested by the login. The login failed.&#xD;
      Login failed for user 'ALVAGONZ\Admin'.&#xD;
warn: Program[0]&#xD;
      Database is not ready yet. Retrying in 2 seconds... (4/30). Error: Cannot open database "VeriFincaDb" requested by the login. The login failed.&#xD;
      Login failed for user 'ALVAGONZ\Admin'.&#xD;
warn: Program[0]&#xD;
      Database is not ready yet. Retrying in 2 seconds... (4/30). Error: Cannot open database "VeriFincaDb" requested by the login. The login failed.&#xD;
      Login failed for user 'ALVAGONZ\Admin'.&#xD;
warn: Program[0]&#xD;
      Database is not ready yet. Retrying in 2 seconds... (5/30). Error: Cannot open database "VeriFincaDb" requested by the login. The login failed.&#xD;
      Login failed for user 'ALVAGONZ\Admin'.&#xD;
warn: Program[0]&#xD;
      Database is not ready yet. Retrying in 2 seconds... (5/30). Error: Cannot open database "VeriFincaDb" requested by the login. The login failed.&#xD;
      Login failed for user 'ALVAGONZ\Admin'.&#xD;
warn: Program[0]&#xD;
      Database is not ready yet. Retrying in 2 seconds... (6/30). Error: Cannot open database "VeriFincaDb" requested by the login. The login failed.&#xD;
      Login failed for user 'ALVAGONZ\Admin'.&#xD;
warn: Program[0]&#xD;
      Database is not ready yet. Retrying in 2 seconds... (6/30). Error: Cannot open database "VeriFincaDb" requested by the login. The login failed.&#xD;
      Login failed for user 'ALVAGONZ\Admin'.&#xD;
warn: Program[0]&#xD;
      Database is not ready yet. Retrying in 2 seconds... (7/30). Error: Cannot open database "VeriFincaDb" requested by the login. The login failed.&#xD;
      Login failed for user 'ALVAGONZ\Admin'.&#xD;
warn: Program[0]&#xD;
      Database is not ready yet. Retrying in 2 seconds... (7/30). Error: Cannot open database "VeriFincaDb" requested by the login. The login failed.&#xD;
      Login failed for user 'ALVAGONZ\Admin'.&#xD;
warn: Program[0]&#xD;
      Database is not ready yet. Retrying in 2 seconds... (8/30). Error: Cannot open database "VeriFincaDb" requested by the login. The login failed.&#xD;
      Login failed for user 'ALVAGONZ\Admin'.&#xD;
warn: Program[0]&#xD;
      Database is not ready yet. Retrying in 2 seconds... (8/30). Error: Cannot open database "VeriFincaDb" requested by the login. The login failed.&#xD;
      Login failed for user 'ALVAGONZ\Admin'.&#xD;
warn: Program[0]&#xD;
      Database is not ready yet. Retrying in 2 seconds... (9/30). Error: Cannot open database "VeriFincaDb" requested by the login. The login failed.&#xD;
      Login failed for user 'ALVAGONZ\Admin'.&#xD;
warn: Program[0]&#xD;
      Database is not ready yet. Retrying in 2 seconds... (9/30). Error: Cannot open database "VeriFincaDb" requested by the login. The login failed.&#xD;
      Login failed for user 'ALVAGONZ\Admin'.&#xD;
warn: Program[0]&#xD;
      Database is not ready yet. Retrying in 2 seconds... (10/30). Error: Cannot open database "VeriFincaDb" requested by the login. The login failed.&#xD;
      Login failed for user 'ALVAGONZ\Admin'.&#xD;
warn: Program[0]&#xD;
      Database is not ready yet. Retrying in 2 seconds... (10/30). Error: Cannot open database "VeriFincaDb" requested by the login. The login failed.&#xD;
      Login failed for user 'ALVAGONZ\Admin'.&#xD;
warn: Program[0]&#xD;
      Database is not ready yet. Retrying in 2 seconds... (11/30). Error: Cannot open database "VeriFincaDb" requested by the login. The login failed.&#xD;
      Login failed for user 'ALVAGONZ\Admin'.&#xD;
warn: Program[0]&#xD;
      Database is not ready yet. Retrying in 2 seconds... (11/30). Error: Cannot open database "VeriFincaDb" requested by the login. The login failed.&#xD;
      Login failed for user 'ALVAGONZ\Admin'.&#xD;
warn: Program[0]&#xD;
      Database is not ready yet. Retrying in 2 seconds... (12/30). Error: Cannot open database "VeriFincaDb" requested by the login. The login failed.&#xD;
      Login failed for user 'ALVAGONZ\Admin'.&#xD;
warn: Program[0]&#xD;
      Database is not ready yet. Retrying in 2 seconds... (12/30). Error: Cannot open database "VeriFincaDb" requested by the login. The login failed.&#xD;
      Login failed for user 'ALVAGONZ\Admin'.&#xD;
warn: Program[0]&#xD;
      Database is not ready yet. Retrying in 2 seconds... (13/30). Error: Cannot open database "VeriFincaDb" requested by the login. The login failed.&#xD;
      Login failed for user 'ALVAGONZ\Admin'.&#xD;
warn: Program[0]&#xD;
      Database is not ready yet. Retrying in 2 seconds... (13/30). Error: Cannot open database "VeriFincaDb" requested by the login. The login failed.&#xD;
      Login failed for user 'ALVAGONZ\Admin'.&#xD;
warn: Program[0]&#xD;
      Database is not ready yet. Retrying in 2 seconds... (14/30). Error: Cannot open database "VeriFincaDb" requested by the login. The login failed.&#xD;
      Login failed for user 'ALVAGONZ\Admin'.&#xD;
warn: Program[0]&#xD;
      Database is not ready yet. Retrying in 2 seconds... (14/30). Error: Cannot open database "VeriFincaDb" requested by the login. The login failed.&#xD;
      Login failed for user 'ALVAGONZ\Admin'.&#xD;
warn: Program[0]&#xD;
      Database is not ready yet. Retrying in 2 seconds... (15/30). Error: Cannot open database "VeriFincaDb" requested by the login. The login failed.&#xD;
      Login failed for user 'ALVAGONZ\Admin'.&#xD;
warn: Program[0]&#xD;
      Database is not ready yet. Retrying in 2 seconds... (15/30). Error: Cannot open database "VeriFincaDb" requested by the login. The login failed.&#xD;
      Login failed for user 'ALVAGONZ\Admin'.&#xD;
warn: Program[0]&#xD;
      Database is not ready yet. Retrying in 2 seconds... (16/30). Error: Cannot open database "VeriFincaDb" requested by the login. The login failed.&#xD;
      Login failed for user 'ALVAGONZ\Admin'.&#xD;
warn: Program[0]&#xD;
      Database is not ready yet. Retrying in 2 seconds... (16/30). Error: Cannot open database "VeriFincaDb" requested by the login. The login failed.&#xD;
      Login failed for user 'ALVAGONZ\Admin'.&#xD;
warn: Program[0]&#xD;
      Database is not ready yet. Retrying in 2 seconds... (17/30). Error: Cannot open database "VeriFincaDb" requested by the login. The login failed.&#xD;
      Login failed for user 'ALVAGONZ\Admin'.&#xD;
warn: Program[0]&#xD;
      Database is not ready yet. Retrying in 2 seconds... (17/30). Error: Cannot open database "VeriFincaDb" requested by the login. The login failed.&#xD;
      Login failed for user 'ALVAGONZ\Admin'.&#xD;
warn: Program[0]&#xD;
      Database is not ready yet. Retrying in 2 seconds... (18/30). Error: Cannot open database "VeriFincaDb" requested by the login. The login failed.&#xD;
      Login failed for user 'ALVAGONZ\Admin'.&#xD;
warn: Program[0]&#xD;
      Database is not ready yet. Retrying in 2 seconds... (18/30). Error: Cannot open database "VeriFincaDb" requested by the login. The login failed.&#xD;
      Login failed for user 'ALVAGONZ\Admin'.&#xD;
warn: Program[0]&#xD;
      Database is not ready yet. Retrying in 2 seconds... (19/30). Error: Cannot open database "VeriFincaDb" requested by the login. The login failed.&#xD;
      Login failed for user 'ALVAGONZ\Admin'.&#xD;
warn: Program[0]&#xD;
      Database is not ready yet. Retrying in 2 seconds... (19/30). Error: Cannot open database "VeriFincaDb" requested by the login. The login failed.&#xD;
      Login failed for user 'ALVAGONZ\Admin'.&#xD;
warn: Program[0]&#xD;
      Database is not ready yet. Retrying in 2 seconds... (20/30). Error: Cannot open database "VeriFincaDb" requested by the login. The login failed.&#xD;
      Login failed for user 'ALVAGONZ\Admin'.&#xD;
warn: Program[0]&#xD;
      Database is not ready yet. Retrying in 2 seconds... (20/30). Error: Cannot open database "VeriFincaDb" requested by the login. The login failed.&#xD;
      Login failed for user 'ALVAGONZ\Admin'.&#xD;
warn: Program[0]&#xD;
      Database is not ready yet. Retrying in 2 seconds... (21/30). Error: Cannot open database "VeriFincaDb" requested by the login. The login failed.&#xD;
      Login failed for user 'ALVAGONZ\Admin'.&#xD;
warn: Program[0]&#xD;
      Database is not ready yet. Retrying in 2 seconds... (21/30). Error: Cannot open database "VeriFincaDb" requested by the login. The login failed.&#xD;
      Login failed for user 'ALVAGONZ\Admin'.&#xD;
warn: Program[0]&#xD;
      Database is not ready yet. Retrying in 2 seconds... (22/30). Error: Cannot open database "VeriFincaDb" requested by the login. The login failed.&#xD;
      Login failed for user 'ALVAGONZ\Admin'.&#xD;
warn: Program[0]&#xD;
      Database is not ready yet. Retrying in 2 seconds... (22/30). Error: Cannot open database "VeriFincaDb" requested by the login. The login failed.&#xD;
      Login failed for user 'ALVAGONZ\Admin'.&#xD;
warn: Program[0]&#xD;
      Database is not ready yet. Retrying in 2 seconds... (23/30). Error: Cannot open database "VeriFincaDb" requested by the login. The login failed.&#xD;
      Login failed for user 'ALVAGONZ\Admin'.&#xD;
warn: Program[0]&#xD;
      Database is not ready yet. Retrying in 2 seconds... (23/30). Error: Cannot open database "VeriFincaDb" requested by the login. The login failed.&#xD;
      Login failed for user 'ALVAGONZ\Admin'.&#xD;
warn: Program[0]&#xD;
      Database is not ready yet. Retrying in 2 seconds... (24/30). Error: Cannot open database "VeriFincaDb" requested by the login. The login failed.&#xD;
      Login failed for user 'ALVAGONZ\Admin'.&#xD;
warn: Program[0]&#xD;
      Database is not ready yet. Retrying in 2 seconds... (24/30). Error: Cannot open database "VeriFincaDb" requested by the login. The login failed.&#xD;
      Login failed for user 'ALVAGONZ\Admin'.&#xD;
warn: Program[0]&#xD;
      Database is not ready yet. Retrying in 2 seconds... (25/30). Error: Cannot open database "VeriFincaDb" requested by the login. The login failed.&#xD;
      Login failed for user 'ALVAGONZ\Admin'.&#xD;
warn: Program[0]&#xD;
      Database is not ready yet. Retrying in 2 seconds... (25/30). Error: Cannot open database "VeriFincaDb" requested by the login. The login failed.&#xD;
      Login failed for user 'ALVAGONZ\Admin'.&#xD;
warn: Program[0]&#xD;
      Database is not ready yet. Retrying in 2 seconds... (26/30). Error: Cannot open database "VeriFincaDb" requested by the login. The login failed.&#xD;
      Login failed for user 'ALVAGONZ\Admin'.&#xD;
warn: Program[0]&#xD;
      Database is not ready yet. Retrying in 2 seconds... (26/30). Error: Cannot open database "VeriFincaDb" requested by the login. The login failed.&#xD;
      Login failed for user 'ALVAGONZ\Admin'.&#xD;
warn: Program[0]&#xD;
      Database is not ready yet. Retrying in 2 seconds... (27/30). Error: Cannot open database "VeriFincaDb" requested by the login. The login failed.&#xD;
      Login failed for user 'ALVAGONZ\Admin'.&#xD;
warn: Program[0]&#xD;
      Database is not ready yet. Retrying in 2 seconds... (27/30). Error: Cannot open database "VeriFincaDb" requested by the login. The login failed.&#xD;
      Login failed for user 'ALVAGONZ\Admin'.&#xD;
warn: Program[0]&#xD;
      Database is not ready yet. Retrying in 2 seconds... (28/30). Error: Cannot open database "VeriFincaDb" requested by the login. The login failed.&#xD;
      Login failed for user 'ALVAGONZ\Admin'.&#xD;
warn: Program[0]&#xD;
      Database is not ready yet. Retrying in 2 seconds... (28/30). Error: Cannot open database "VeriFincaDb" requested by the login. The login failed.&#xD;
      Login failed for user 'ALVAGONZ\Admin'.&#xD;
warn: Program[0]&#xD;
      Database is not ready yet. Retrying in 2 seconds... (29/30). Error: Cannot open database "VeriFincaDb" requested by the login. The login failed.&#xD;
      Login failed for user 'ALVAGONZ\Admin'.&#xD;
warn: Program[0]&#xD;
      Database is not ready yet. Retrying in 2 seconds... (29/30). Error: Cannot open database "VeriFincaDb" requested by the login. The login failed.&#xD;
      Login failed for user 'ALVAGONZ\Admin'.&#xD;
warn: Program[0]&#xD;
      Database is not ready yet. Retrying in 2 seconds... (30/30). Error: Cannot open database "VeriFincaDb" requested by the login. The login failed.&#xD;
      Login failed for user 'ALVAGONZ\Admin'.&#xD;
warn: Program[0]&#xD;
      Database is not ready yet. Retrying in 2 seconds... (30/30). Error: Cannot open database "VeriFincaDb" requested by the login. The login failed.&#xD;
      Login failed for user 'ALVAGONZ\Admin'.&#xD;
fail: Program[0]&#xD;
      Could not connect to database after 30 retries.&#xD;
fail: Program[0]&#xD;
      Could not connect to database after 30 retries.&#xD;
=== FATAL STARTUP CRASH ===&#xD;
=== FATAL STARTUP CRASH ===&#xD;
System.InvalidOperationException: Database connection failed after retries.&#xD;
   at Program.&lt;Main&gt;$(String[] args) in C:\Users\Admin\Desktop\Anteproyecto-Verify\src\backend\Api\Program.cs:line 68&#xD;
System.InvalidOperationException: Database connection failed after retries.&#xD;
   at Program.&lt;Main&gt;$(String[] args) in C:\Users\Admin\Desktop\Anteproyecto-Verify\src\backend\Api\Program.cs:line 68&#xD;
[xUnit.net 00:01:42.24]       System.InvalidOperationException : Database connection failed after retries.&#xD;
[xUnit.net 00:01:42.24]       Stack Trace:&#xD;
[xUnit.net 00:01:42.24]         C:\Users\Admin\Desktop\Anteproyecto-Verify\src\backend\Api\Program.cs(68,0): at Program.&lt;Main&gt;$(String[] args)&#xD;
[xUnit.net 00:01:42.24]            at Program.&lt;Main&gt;(String[] args)&#xD;
[xUnit.net 00:01:42.24]            at System.RuntimeMethodHandle.InvokeMethod(Object target, Void** arguments, Signature sig, Boolean isConstructor)&#xD;
[xUnit.net 00:01:42.24]            at System.Reflection.MethodBaseInvoker.InvokeDirectByRefWithFewArgs(Object obj, Span`1 copyOfArgs, BindingFlags invokeAttr)&#xD;
[xUnit.net 00:01:42.24]         --- End of stack trace from previous location ---&#xD;
[xUnit.net 00:01:42.24]            at Microsoft.AspNetCore.Mvc.Testing.DeferredHostBuilder.DeferredHost.StartAsync(CancellationToken cancellationToken)&#xD;
[xUnit.net 00:01:42.24]            at Microsoft.Extensions.Hosting.HostingAbstractionsHostExtensions.Start(IHost host)&#xD;
[xUnit.net 00:01:42.24]            at Microsoft.AspNetCore.Mvc.Testing.WebApplicationFactory`1.CreateHost(IHostBuilder builder)&#xD;
[xUnit.net 00:01:42.24]            at Microsoft.AspNetCore.Mvc.Testing.WebApplicationFactory`1.ConfigureHostBuilder(IHostBuilder hostBuilder)&#xD;
[xUnit.net 00:01:42.24]            at Microsoft.AspNetCore.Mvc.Testing.WebApplicationFactory`1.EnsureServer()&#xD;
[xUnit.net 00:01:42.24]            at Microsoft.AspNetCore.Mvc.Testing.WebApplicationFactory`1.CreateDefaultClient(DelegatingHandler[] handlers)&#xD;
[xUnit.net 00:01:42.24]            at Microsoft.AspNetCore.Mvc.Testing.WebApplicationFactory`1.CreateDefaultClient(Uri baseAddress, DelegatingHandler[] handlers)&#xD;
[xUnit.net 00:01:42.24]            at Microsoft.AspNetCore.Mvc.Testing.WebApplicationFactory`1.CreateClient(WebApplicationFactoryClientOptions options)&#xD;
[xUnit.net 00:01:42.25]            at Microsoft.AspNetCore.Mvc.Testing.WebApplicationFactory`1.CreateClient()&#xD;
[xUnit.net 00:01:42.25]         C:\Users\Admin\Desktop\Anteproyecto-Verify\src\backend\Api.Tests\ApiStatusTests.cs(20,0): at Api.Tests.ApiStatusTests.Get_ApiStatus_ReturnsSuccessStatusCode()&#xD;
[xUnit.net 00:01:42.25]         --- End of stack trace from previous location ---&#xD;
[xUnit.net 00:01:42.25]       System.InvalidOperationException : Database connection failed after retries.&#xD;
[xUnit.net 00:01:42.25]       Stack Trace:&#xD;
[xUnit.net 00:01:42.25]         C:\Users\Admin\Desktop\Anteproyecto-Verify\src\backend\Api\Program.cs(68,0): at Program.&lt;Main&gt;$(String[] args)&#xD;
[xUnit.net 00:01:42.25]            at Program.&lt;Main&gt;(String[] args)&#xD;
[xUnit.net 00:01:42.25]            at InvokeStub_Program.&lt;Main&gt;(Object, Span`1)&#xD;
[xUnit.net 00:01:42.25]            at System.Reflection.MethodBaseInvoker.InvokeWithOneArg(Object obj, BindingFlags invokeAttr, Binder binder, Object[] parameters, CultureInfo culture)&#xD;
[xUnit.net 00:01:42.25]         --- End of stack trace from previous location ---&#xD;
[xUnit.net 00:01:42.25]            at Microsoft.AspNetCore.Mvc.Testing.DeferredHostBuilder.DeferredHost.StartAsync(CancellationToken cancellationToken)&#xD;
[xUnit.net 00:01:42.25]            at Microsoft.Extensions.Hosting.HostingAbstractionsHostExtensions.Start(IHost host)&#xD;
[xUnit.net 00:01:42.25]            at Microsoft.AspNetCore.Mvc.Testing.WebApplicationFactory`1.CreateHost(IHostBuilder builder)&#xD;
[xUnit.net 00:01:42.25]            at Microsoft.AspNetCore.Mvc.Testing.WebApplicationFactory`1.ConfigureHostBuilder(IHostBuilder hostBuilder)&#xD;
[xUnit.net 00:01:42.25]            at Microsoft.AspNetCore.Mvc.Testing.WebApplicationFactory`1.EnsureServer()&#xD;
[xUnit.net 00:01:42.25]            at Microsoft.AspNetCore.Mvc.Testing.WebApplicationFactory`1.CreateDefaultClient(DelegatingHandler[] handlers)&#xD;
[xUnit.net 00:01:42.25]            at Microsoft.AspNetCore.Mvc.Testing.WebApplicationFactory`1.CreateDefaultClient(Uri baseAddress, DelegatingHandler[] handlers)&#xD;
[xUnit.net 00:01:42.25]            at Microsoft.AspNetCore.Mvc.Testing.WebApplicationFactory`1.CreateClient(WebApplicationFactoryClientOptions options)&#xD;
[xUnit.net 00:01:42.25]            at Microsoft.AspNetCore.Mvc.Testing.WebApplicationFactory`1.CreateClient()&#xD;
[xUnit.net 00:01:42.25]         C:\Users\Admin\Desktop\Anteproyecto-Verify\src\backend\Api.Tests\SwaggerTests.cs(20,0): at Api.Tests.SwaggerTests.Get_SwaggerIndex_ReturnsSuccessStatusCode()&#xD;
[xUnit.net 00:01:42.25]         --- End of stack trace from previous location ---&#xD;
[xUnit.net 00:01:42.25]   Finished:    Api.Tests&#xD;
</StdOut>
    </Output>
    <RunInfos>
      <RunInfo computerName="ALVAGONZ" outcome="Error" timestamp="2026-06-25T10:26:05.9132011-04:00">
        <Text>[xUnit.net 00:01:42.24]     Api.Tests.ApiStatusTests.Get_ApiStatus_ReturnsSuccessStatusCode [FAIL]</Text>
      </RunInfo>
      <RunInfo computerName="ALVAGONZ" outcome="Error" timestamp="2026-06-25T10:26:05.9172094-04:00">
        <Text>[xUnit.net 00:01:42.25]     Api.Tests.SwaggerTests.Get_SwaggerIndex_ReturnsSuccessStatusCode [FAIL]</Text>
      </RunInfo>
    </RunInfos>
  </ResultSummary>
</TestRun>