<?xml version="1.0" encoding="utf-8"?>
<TestRun id="daf76f69-261d-40ee-9094-81b269c2929a" name="Admin@ALVAGONZ 2026-06-25 09:18:04" runUser="ALVAGONZ\Admin" xmlns="http://microsoft.com/schemas/VisualStudio/TeamTest/2010">
  <Times creation="2026-06-25T09:18:04.0493009-04:00" queuing="2026-06-25T09:18:04.0493018-04:00" start="2026-06-25T09:18:02.9562902-04:00" finish="2026-06-25T09:19:45.8241193-04:00" />
  <TestSettings name="default" id="ae873c67-4cc6-4e43-b2dc-41ad60569408">
    <Deployment runDeploymentRoot="Admin_ALVAGONZ_2026-06-25_09_18_04" />
  </TestSettings>
  <Results>
    <UnitTestResult executionId="ae5f56af-d9b4-4bf7-9953-e73e31a4501a" testId="5380e8c3-5f3f-436c-34df-3b3a96511a9b" testName="Api.Tests.ResendEmailServiceTests.SendDocumentUploadConfirmationAsync_UsesCorrectTemplate" computerName="ALVAGONZ" duration="00:00:00.0042669" startTime="2026-06-25T09:18:03.9581543-04:00" endTime="2026-06-25T09:18:03.9581545-04:00" testType="13cdc9d9-ddb5-4fa4-a97d-d965ccfc6d4b" outcome="Passed" testListId="8c84fa94-04c1-424b-9868-57a2d4851a1d" relativeResultsDirectory="ae5f56af-d9b4-4bf7-9953-e73e31a4501a" />
    <UnitTestResult executionId="2aae95fd-7519-4d2f-8773-ec416141b320" testId="f0e1e511-e13f-e8d9-e04b-28c87c7fd256" testName="Api.Tests.GetDocumentDiagnosisQueryHandlerTests.HandleAsync_NoDocuments_ReturnsScoreZeroAndDefaultSummary" computerName="ALVAGONZ" duration="00:00:00.0015680" startTime="2026-06-25T09:18:04.0058579-04:00" endTime="2026-06-25T09:18:04.0058579-04:00" testType="13cdc9d9-ddb5-4fa4-a97d-d965ccfc6d4b" outcome="Passed" testListId="8c84fa94-04c1-424b-9868-57a2d4851a1d" relativeResultsDirectory="2aae95fd-7519-4d2f-8773-ec416141b320" />
    <UnitTestResult executionId="dc21f3d5-ed60-464e-ab80-62d2c3b821a3" testId="7b8a1692-efa4-d511-32d7-4966224f8985" testName="Api.Tests.ResendEmailServiceTests.SendDocumentStatusUpdateAsync_Approved_UsesCorrectTemplate" computerName="ALVAGONZ" duration="00:00:00.0015877" startTime="2026-06-25T09:18:04.0123901-04:00" endTime="2026-06-25T09:18:04.0123903-04:00" testType="13cdc9d9-ddb5-4fa4-a97d-d965ccfc6d4b" outcome="Failed" testListId="8c84fa94-04c1-424b-9868-57a2d4851a1d" relativeResultsDirectory="dc21f3d5-ed60-464e-ab80-62d2c3b821a3">
      <Output>
        <ErrorInfo>
          <Message>Assert.Contains() Failure: Sub-string not found&#xD;
String:    "&lt;!DOCTYPE html&gt;\r\n&lt;html lang="es" xmlns="h"···&#xD;
Not found: "badge-verified"</Message>
          <StackTrace>   at Api.Tests.ResendEmailServiceTests.SendDocumentStatusUpdateAsync_Approved_UsesCorrectTemplate() in C:\Users\Admin\Desktop\Anteproyecto-Verify\src\backend\Api.Tests\ResendEmailServiceTests.cs:line 145&#xD;
--- End of stack trace from previous location ---</StackTrace>
        </ErrorInfo>
      </Output>
    </UnitTestResult>
    <UnitTestResult executionId="e53ff12f-490b-4bf3-9913-6e4cdd38bb40" testId="eff72f46-a3f9-d3a7-ff15-275794af9931" testName="Api.Tests.GetDocumentDiagnosisQueryHandlerTests.HandleAsync_HappyPath_ReturnsExpectedDto" computerName="ALVAGONZ" duration="00:00:00.0049861" startTime="2026-06-25T09:18:04.0057744-04:00" endTime="2026-06-25T09:18:04.0057745-04:00" testType="13cdc9d9-ddb5-4fa4-a97d-d965ccfc6d4b" outcome="Passed" testListId="8c84fa94-04c1-424b-9868-57a2d4851a1d" relativeResultsDirectory="e53ff12f-490b-4bf3-9913-6e4cdd38bb40" />
    <UnitTestResult executionId="85282d79-ee1a-4f90-8be8-7cea90f16b34" testId="2bae8dcb-84de-ee76-203f-153ae7f3e8b4" testName="Api.Tests.ApiStatusTests.Get_ApiStatus_ReturnsSuccessStatusCode" computerName="ALVAGONZ" duration="00:01:41.9589903" startTime="2026-06-25T09:19:45.7421882-04:00" endTime="2026-06-25T09:19:45.7421886-04:00" testType="13cdc9d9-ddb5-4fa4-a97d-d965ccfc6d4b" outcome="Failed" testListId="8c84fa94-04c1-424b-9868-57a2d4851a1d" relativeResultsDirectory="85282d79-ee1a-4f90-8be8-7cea90f16b34">
      <Output>
        <ErrorInfo>
          <Message>System.InvalidOperationException : Database connection failed after retries.</Message>
          <StackTrace>   at Program.&lt;Main&gt;$(String[] args) in C:\Users\Admin\Desktop\Anteproyecto-Verify\src\backend\Api\Program.cs:line 68&#xD;
   at Program.&lt;Main&gt;(String[] args)&#xD;
   at System.RuntimeMethodHandle.InvokeMethod(Object target, Void** arguments, Signature sig, Boolean isConstructor)&#xD;
   at System.Reflection.MethodBaseInvoker.InvokeDirectByRefWithFewArgs(Object obj, Span`1 copyOfArgs, BindingFlags invokeAttr)&#xD;
--- End of stack trace from previous location ---&#xD;
   at Microsoft.AspNetCore.Mvc.Testing.DeferredHostBuilder.DeferredHost.StartAsync(CancellationToken cancellationToken)&#xD;
   at Microsoft.Extensions.Hosting.HostingAbstractionsHostExtensions.Start(IHost host)&#xD;
   at Microsoft.AspNetCore.Mvc.Testing.WebApplicationFactory`1.CreateHost(IHostBuilder builder)&#xD;
   at Microsoft.AspNetCore.Mvc.Testing.WebApplicationFactory`1.ConfigureHostBuilder(IHostBuilder hostBuilder)&#xD;
   at Microsoft.AspNetCore.Mvc.Testing.WebApplicationFactory`1.EnsureServer()&#xD;
   at Microsoft.AspNetCore.Mvc.Testing.WebApplicationFactory`1.CreateDefaultClient(DelegatingHandler[] handlers)&#xD;
   at Microsoft.AspNetCore.Mvc.Testing.WebApplicationFactory`1.CreateDefaultClient(Uri baseAddress, DelegatingHandler[] handlers)&#xD;
   at Microsoft.AspNetCore.Mvc.Testing.WebApplicationFactory`1.CreateClient(WebApplicationFactoryClientOptions options)&#xD;
   at Microsoft.AspNetCore.Mvc.Testing.WebApplicationFactory`1.CreateClient()&#xD;
   at Api.Tests.ApiStatusTests.Get_ApiStatus_ReturnsSuccessStatusCode() in C:\Users\Admin\Desktop\Anteproyecto-Verify\src\backend\Api.Tests\ApiStatusTests.cs:line 20&#xD;
--- End of stack trace from previous location ---</StackTrace>
        </ErrorInfo>
      </Output>
    </UnitTestResult>
    <UnitTestResult executionId="9f6878b6-22bf-4ef6-a5fa-3753fc72f4ee" testId="afdb3f1a-4623-7490-795d-e6837e60c3b8" testName="Api.Tests.GetDocumentDiagnosisQueryHandlerTests.HandleAsync_AiServiceThrows_ReturnsFallbackResult" computerName="ALVAGONZ" duration="00:00:00.0069314" startTime="2026-06-25T09:18:03.9594801-04:00" endTime="2026-06-25T09:18:03.9594802-04:00" testType="13cdc9d9-ddb5-4fa4-a97d-d965ccfc6d4b" outcome="Passed" testListId="8c84fa94-04c1-424b-9868-57a2d4851a1d" relativeResultsDirectory="9f6878b6-22bf-4ef6-a5fa-3753fc72f4ee" />
    <UnitTestResult executionId="3498bbd6-b71c-440e-8490-872ed3e8015d" testId="d613d3e3-a00c-805d-8fe8-9f741d534ffe" testName="Api.Tests.GetDocumentDiagnosisQueryHandlerTests.HandleAsync_CalledTwiceWithinOneMinute_ThrowsInvalidOperationException" computerName="ALVAGONZ" duration="00:00:00.1762770" startTime="2026-06-25T09:18:03.9524261-04:00" endTime="2026-06-25T09:18:03.9524265-04:00" testType="13cdc9d9-ddb5-4fa4-a97d-d965ccfc6d4b" outcome="Passed" testListId="8c84fa94-04c1-424b-9868-57a2d4851a1d" relativeResultsDirectory="3498bbd6-b71c-440e-8490-872ed3e8015d" />
    <UnitTestResult executionId="3120482a-f1da-450d-a260-7c029022c0d4" testId="62532f84-b3c3-01cc-4382-d22055358b75" testName="Api.Tests.ResendEmailServiceTests.SendAccountVerificationAsync_UsesCorrectTemplate" computerName="ALVAGONZ" duration="00:00:00.1740302" startTime="2026-06-25T09:18:03.9503462-04:00" endTime="2026-06-25T09:18:03.9503468-04:00" testType="13cdc9d9-ddb5-4fa4-a97d-d965ccfc6d4b" outcome="Passed" testListId="8c84fa94-04c1-424b-9868-57a2d4851a1d" relativeResultsDirectory="3120482a-f1da-450d-a260-7c029022c0d4" />
    <UnitTestResult executionId="61896f41-99c2-440f-b227-bce194ded6fb" testId="f94b12e1-cee5-36f3-81e3-df0658a53dcc" testName="Api.Tests.SwaggerTests.Get_SwaggerIndex_ReturnsSuccessStatusCode" computerName="ALVAGONZ" duration="00:01:41.9589531" startTime="2026-06-25T09:19:45.7435026-04:00" endTime="2026-06-25T09:19:45.7435029-04:00" testType="13cdc9d9-ddb5-4fa4-a97d-d965ccfc6d4b" outcome="Failed" testListId="8c84fa94-04c1-424b-9868-57a2d4851a1d" relativeResultsDirectory="61896f41-99c2-440f-b227-bce194ded6fb">
      <Output>
        <ErrorInfo>
          <Message>System.InvalidOperationException : Database connection failed after retries.</Message>
          <StackTrace>   at Program.&lt;Main&gt;$(String[] args) in C:\Users\Admin\Desktop\Anteproyecto-Verify\src\backend\Api\Program.cs:line 68&#xD;
   at Program.&lt;Main&gt;(String[] args)&#xD;
   at System.RuntimeMethodHandle.InvokeMethod(Object target, Void** arguments, Signature sig, Boolean isConstructor)&#xD;
   at System.Reflection.MethodBaseInvoker.InvokeDirectByRefWithFewArgs(Object obj, Span`1 copyOfArgs, BindingFlags invokeAttr)&#xD;
--- End of stack trace from previous location ---&#xD;
   at Microsoft.AspNetCore.Mvc.Testing.DeferredHostBuilder.DeferredHost.StartAsync(CancellationToken cancellationToken)&#xD;
   at Microsoft.Extensions.Hosting.HostingAbstractionsHostExtensions.Start(IHost host)&#xD;
   at Microsoft.AspNetCore.Mvc.Testing.WebApplicationFactory`1.CreateHost(IHostBuilder builder)&#xD;
   at Microsoft.AspNetCore.Mvc.Testing.WebApplicationFactory`1.ConfigureHostBuilder(IHostBuilder hostBuilder)&#xD;
   at Microsoft.AspNetCore.Mvc.Testing.WebApplicationFactory`1.EnsureServer()&#xD;
   at Microsoft.AspNetCore.Mvc.Testing.WebApplicationFactory`1.CreateDefaultClient(DelegatingHandler[] handlers)&#xD;
   at Microsoft.AspNetCore.Mvc.Testing.WebApplicationFactory`1.CreateDefaultClient(Uri baseAddress, DelegatingHandler[] handlers)&#xD;
   at Microsoft.AspNetCore.Mvc.Testing.WebApplicationFactory`1.CreateClient(WebApplicationFactoryClientOptions options)&#xD;
   at Microsoft.AspNetCore.Mvc.Testing.WebApplicationFactory`1.CreateClient()&#xD;
   at Api.Tests.SwaggerTests.Get_SwaggerIndex_ReturnsSuccessStatusCode() in C:\Users\Admin\Desktop\Anteproyecto-Verify\src\backend\Api.Tests\SwaggerTests.cs:line 20&#xD;
--- End of stack trace from previous location ---</StackTrace>
        </ErrorInfo>
      </Output>
    </UnitTestResult>
    <UnitTestResult executionId="5fa05967-7fb3-4017-a099-44626afe7a64" testId="a8a5ed93-5cab-7da6-6bf9-6122f5a5beb8" testName="Api.Tests.ResendEmailServiceTests.SendProjectCreatedAsync_UsesCorrectTemplate" computerName="ALVAGONZ" duration="00:00:00.0023904" startTime="2026-06-25T09:18:04.0117420-04:00" endTime="2026-06-25T09:18:04.0117422-04:00" testType="13cdc9d9-ddb5-4fa4-a97d-d965ccfc6d4b" outcome="Passed" testListId="8c84fa94-04c1-424b-9868-57a2d4851a1d" relativeResultsDirectory="5fa05967-7fb3-4017-a099-44626afe7a64" />
    <UnitTestResult executionId="2f81845d-a941-44c8-beb2-5ee1e67b5ba2" testId="3dbf0911-bb1c-684c-f297-8a1080bd1b71" testName="Api.Tests.GetDocumentDiagnosisQueryHandlerTests.HandleAsync_ProjectNotFound_ThrowsKeyNotFoundException" computerName="ALVAGONZ" duration="00:00:00.0028625" startTime="2026-06-25T09:18:04.0055295-04:00" endTime="2026-06-25T09:18:04.0055297-04:00" testType="13cdc9d9-ddb5-4fa4-a97d-d965ccfc6d4b" outcome="Passed" testListId="8c84fa94-04c1-424b-9868-57a2d4851a1d" relativeResultsDirectory="2f81845d-a941-44c8-beb2-5ee1e67b5ba2" />
    <UnitTestResult executionId="aea68b4b-8cd8-45eb-89ae-ea58f7c23759" testId="c0500782-0e63-83fc-9487-18b8746c1627" testName="Api.Tests.GetDocumentDiagnosisQueryHandlerTests.HandleAsync_ValidationError_ThrowsValidationException" computerName="ALVAGONZ" duration="00:00:00.0026128" startTime="2026-06-25T09:18:04.0058205-04:00" endTime="2026-06-25T09:18:04.0058205-04:00" testType="13cdc9d9-ddb5-4fa4-a97d-d965ccfc6d4b" outcome="Passed" testListId="8c84fa94-04c1-424b-9868-57a2d4851a1d" relativeResultsDirectory="aea68b4b-8cd8-45eb-89ae-ea58f7c23759" />
    <UnitTestResult executionId="1a6a967b-b9f9-4aae-801b-863cd5b6fe9d" testId="3f4a7373-ae45-356c-273c-1587d600f8fe" testName="Api.Tests.ResendEmailServiceTests.SendEmailAsync_SendsMessageWithCorrectValues" computerName="ALVAGONZ" duration="00:00:00.0033437" startTime="2026-06-25T09:18:03.9537550-04:00" endTime="2026-06-25T09:18:03.9537554-04:00" testType="13cdc9d9-ddb5-4fa4-a97d-d965ccfc6d4b" outcome="Passed" testListId="8c84fa94-04c1-424b-9868-57a2d4851a1d" relativeResultsDirectory="1a6a967b-b9f9-4aae-801b-863cd5b6fe9d" />
    <UnitTestResult executionId="8a9e93f9-697b-4928-a327-a75fe319cf9f" testId="9983a587-9771-0fbd-a017-1bbb600dfa5c" testName="Api.Tests.UnitTest1.Test1" computerName="ALVAGONZ" duration="00:00:00.0028257" startTime="2026-06-25T09:18:03.7864712-04:00" endTime="2026-06-25T09:18:03.7865123-04:00" testType="13cdc9d9-ddb5-4fa4-a97d-d965ccfc6d4b" outcome="Passed" testListId="8c84fa94-04c1-424b-9868-57a2d4851a1d" relativeResultsDirectory="8a9e93f9-697b-4928-a327-a75fe319cf9f" />
    <UnitTestResult executionId="3b45b927-d017-46e3-b539-435322bbb936" testId="39116a4a-dcfa-62b0-77c9-919eab681596" testName="Api.Tests.ResendEmailServiceTests.SendDocumentStatusUpdateAsync_Rejected_UsesCorrectTemplate" computerName="ALVAGONZ" duration="00:00:00.0048410" startTime="2026-06-25T09:18:04.0113651-04:00" endTime="2026-06-25T09:18:04.0113653-04:00" testType="13cdc9d9-ddb5-4fa4-a97d-d965ccfc6d4b" outcome="Failed" testListId="8c84fa94-04c1-424b-9868-57a2d4851a1d" relativeResultsDirectory="3b45b927-d017-46e3-b539-435322bbb936">
      <Output>
        <ErrorInfo>
          <Message>Assert.Contains() Failure: Sub-string not found&#xD;
String:    "&lt;!DOCTYPE html&gt;\r\n&lt;html lang="es" xmlns="h"···&#xD;
Not found: "badge-rejected"</Message>
          <StackTrace>   at Api.Tests.ResendEmailServiceTests.SendDocumentStatusUpdateAsync_Rejected_UsesCorrectTemplate() in C:\Users\Admin\Desktop\Anteproyecto-Verify\src\backend\Api.Tests\ResendEmailServiceTests.cs:line 172&#xD;
--- End of stack trace from previous location ---</StackTrace>
        </ErrorInfo>
      </Output>
    </UnitTestResult>
  </Results>
  <TestDefinitions>
    <UnitTest name="Api.Tests.SwaggerTests.Get_SwaggerIndex_ReturnsSuccessStatusCode" storage="c:\users\admin\desktop\anteproyecto-verify\src\backend\api.tests\bin\debug\net8.0\api.tests.dll" id="f94b12e1-cee5-36f3-81e3-df0658a53dcc">
      <Execution id="61896f41-99c2-440f-b227-bce194ded6fb" />
      <TestMethod codeBase="C:\Users\Admin\Desktop\Anteproyecto-Verify\src\backend\Api.Tests\bin\Debug\net8.0\Api.Tests.dll" adapterTypeName="executor://xunit/VsTestRunner2/netcoreapp" className="Api.Tests.SwaggerTests" name="Get_SwaggerIndex_ReturnsSuccessStatusCode" />
    </UnitTest>
    <UnitTest name="Api.Tests.GetDocumentDiagnosisQueryHandlerTests.HandleAsync_ValidationError_ThrowsValidationException" storage="c:\users\admin\desktop\anteproyecto-verify\src\backend\api.tests\bin\debug\net8.0\api.tests.dll" id="c0500782-0e63-83fc-9487-18b8746c1627">
      <Execution id="aea68b4b-8cd8-45eb-89ae-ea58f7c23759" />
      <TestMethod codeBase="C:\Users\Admin\Desktop\Anteproyecto-Verify\src\backend\Api.Tests\bin\Debug\net8.0\Api.Tests.dll" adapterTypeName="executor://xunit/VsTestRunner2/netcoreapp" className="Api.Tests.GetDocumentDiagnosisQueryHandlerTests" name="HandleAsync_ValidationError_ThrowsValidationException" />
    </UnitTest>
    <UnitTest name="Api.Tests.ResendEmailServiceTests.SendAccountVerificationAsync_UsesCorrectTemplate" storage="c:\users\admin\desktop\anteproyecto-verify\src\backend\api.tests\bin\debug\net8.0\api.tests.dll" id="62532f84-b3c3-01cc-4382-d22055358b75">
      <Execution id="3120482a-f1da-450d-a260-7c029022c0d4" />
      <TestMethod codeBase="C:\Users\Admin\Desktop\Anteproyecto-Verify\src\backend\Api.Tests\bin\Debug\net8.0\Api.Tests.dll" adapterTypeName="executor://xunit/VsTestRunner2/netcoreapp" className="Api.Tests.ResendEmailServiceTests" name="SendAccountVerificationAsync_UsesCorrectTemplate" />
    </UnitTest>
    <UnitTest name="Api.Tests.GetDocumentDiagnosisQueryHandlerTests.HandleAsync_ProjectNotFound_ThrowsKeyNotFoundException" storage="c:\users\admin\desktop\anteproyecto-verify\src\backend\api.tests\bin\debug\net8.0\api.tests.dll" id="3dbf0911-bb1c-684c-f297-8a1080bd1b71">
      <Execution id="2f81845d-a941-44c8-beb2-5ee1e67b5ba2" />
      <TestMethod codeBase="C:\Users\Admin\Desktop\Anteproyecto-Verify\src\backend\Api.Tests\bin\Debug\net8.0\Api.Tests.dll" adapterTypeName="executor://xunit/VsTestRunner2/netcoreapp" className="Api.Tests.GetDocumentDiagnosisQueryHandlerTests" name="HandleAsync_ProjectNotFound_ThrowsKeyNotFoundException" />
    </UnitTest>
    <UnitTest name="Api.Tests.ResendEmailServiceTests.SendProjectCreatedAsync_UsesCorrectTemplate" storage="c:\users\admin\desktop\anteproyecto-verify\src\backend\api.tests\bin\debug\net8.0\api.tests.dll" id="a8a5ed93-5cab-7da6-6bf9-6122f5a5beb8">
      <Execution id="5fa05967-7fb3-4017-a099-44626afe7a64" />
      <TestMethod codeBase="C:\Users\Admin\Desktop\Anteproyecto-Verify\src\backend\Api.Tests\bin\Debug\net8.0\Api.Tests.dll" adapterTypeName="executor://xunit/VsTestRunner2/netcoreapp" className="Api.Tests.ResendEmailServiceTests" name="SendProjectCreatedAsync_UsesCorrectTemplate" />
    </UnitTest>
    <UnitTest name="Api.Tests.GetDocumentDiagnosisQueryHandlerTests.HandleAsync_HappyPath_ReturnsExpectedDto" storage="c:\users\admin\desktop\anteproyecto-verify\src\backend\api.tests\bin\debug\net8.0\api.tests.dll" id="eff72f46-a3f9-d3a7-ff15-275794af9931">
      <Execution id="e53ff12f-490b-4bf3-9913-6e4cdd38bb40" />
      <TestMethod codeBase="C:\Users\Admin\Desktop\Anteproyecto-Verify\src\backend\Api.Tests\bin\Debug\net8.0\Api.Tests.dll" adapterTypeName="executor://xunit/VsTestRunner2/netcoreapp" className="Api.Tests.GetDocumentDiagnosisQueryHandlerTests" name="HandleAsync_HappyPath_ReturnsExpectedDto" />
    </UnitTest>
    <UnitTest name="Api.Tests.GetDocumentDiagnosisQueryHandlerTests.HandleAsync_CalledTwiceWithinOneMinute_ThrowsInvalidOperationException" storage="c:\users\admin\desktop\anteproyecto-verify\src\backend\api.tests\bin\debug\net8.0\api.tests.dll" id="d613d3e3-a00c-805d-8fe8-9f741d534ffe">
      <Execution id="3498bbd6-b71c-440e-8490-872ed3e8015d" />
      <TestMethod codeBase="C:\Users\Admin\Desktop\Anteproyecto-Verify\src\backend\Api.Tests\bin\Debug\net8.0\Api.Tests.dll" adapterTypeName="executor://xunit/VsTestRunner2/netcoreapp" className="Api.Tests.GetDocumentDiagnosisQueryHandlerTests" name="HandleAsync_CalledTwiceWithinOneMinute_ThrowsInvalidOperationException" />
    </UnitTest>
    <UnitTest name="Api.Tests.ResendEmailServiceTests.SendDocumentStatusUpdateAsync_Rejected_UsesCorrectTemplate" storage="c:\users\admin\desktop\anteproyecto-verify\src\backend\api.tests\bin\debug\net8.0\api.tests.dll" id="39116a4a-dcfa-62b0-77c9-919eab681596">
      <Execution id="3b45b927-d017-46e3-b539-435322bbb936" />
      <TestMethod codeBase="C:\Users\Admin\Desktop\Anteproyecto-Verify\src\backend\Api.Tests\bin\Debug\net8.0\Api.Tests.dll" adapterTypeName="executor://xunit/VsTestRunner2/netcoreapp" className="Api.Tests.ResendEmailServiceTests" name="SendDocumentStatusUpdateAsync_Rejected_UsesCorrectTemplate" />
    </UnitTest>
    <UnitTest name="Api.Tests.ResendEmailServiceTests.SendEmailAsync_SendsMessageWithCorrectValues" storage="c:\users\admin\desktop\anteproyecto-verify\src\backend\api.tests\bin\debug\net8.0\api.tests.dll" id="3f4a7373-ae45-356c-273c-1587d600f8fe">
      <Execution id="1a6a967b-b9f9-4aae-801b-863cd5b6fe9d" />
      <TestMethod codeBase="C:\Users\Admin\Desktop\Anteproyecto-Verify\src\backend\Api.Tests\bin\Debug\net8.0\Api.Tests.dll" adapterTypeName="executor://xunit/VsTestRunner2/netcoreapp" className="Api.Tests.ResendEmailServiceTests" name="SendEmailAsync_SendsMessageWithCorrectValues" />
    </UnitTest>
    <UnitTest name="Api.Tests.ResendEmailServiceTests.SendDocumentStatusUpdateAsync_Approved_UsesCorrectTemplate" storage="c:\users\admin\desktop\anteproyecto-verify\src\backend\api.tests\bin\debug\net8.0\api.tests.dll" id="7b8a1692-efa4-d511-32d7-4966224f8985">
      <Execution id="dc21f3d5-ed60-464e-ab80-62d2c3b821a3" />
      <TestMethod codeBase="C:\Users\Admin\Desktop\Anteproyecto-Verify\src\backend\Api.Tests\bin\Debug\net8.0\Api.Tests.dll" adapterTypeName="executor://xunit/VsTestRunner2/netcoreapp" className="Api.Tests.ResendEmailServiceTests" name="SendDocumentStatusUpdateAsync_Approved_UsesCorrectTemplate" />
    </UnitTest>
    <UnitTest name="Api.Tests.ResendEmailServiceTests.SendDocumentUploadConfirmationAsync_UsesCorrectTemplate" storage="c:\users\admin\desktop\anteproyecto-verify\src\backend\api.tests\bin\debug\net8.0\api.tests.dll" id="5380e8c3-5f3f-436c-34df-3b3a96511a9b">
      <Execution id="ae5f56af-d9b4-4bf7-9953-e73e31a4501a" />
      <TestMethod codeBase="C:\Users\Admin\Desktop\Anteproyecto-Verify\src\backend\Api.Tests\bin\Debug\net8.0\Api.Tests.dll" adapterTypeName="executor://xunit/VsTestRunner2/netcoreapp" className="Api.Tests.ResendEmailServiceTests" name="SendDocumentUploadConfirmationAsync_UsesCorrectTemplate" />
    </UnitTest>
    <UnitTest name="Api.Tests.ApiStatusTests.Get_ApiStatus_ReturnsSuccessStatusCode" storage="c:\users\admin\desktop\anteproyecto-verify\src\backend\api.tests\bin\debug\net8.0\api.tests.dll" id="2bae8dcb-84de-ee76-203f-153ae7f3e8b4">
      <Execution id="85282d79-ee1a-4f90-8be8-7cea90f16b34" />
      <TestMethod codeBase="C:\Users\Admin\Desktop\Anteproyecto-Verify\src\backend\Api.Tests\bin\Debug\net8.0\Api.Tests.dll" adapterTypeName="executor://xunit/VsTestRunner2/netcoreapp" className="Api.Tests.ApiStatusTests" name="Get_ApiStatus_ReturnsSuccessStatusCode" />
    </UnitTest>
    <UnitTest name="Api.Tests.GetDocumentDiagnosisQueryHandlerTests.HandleAsync_NoDocuments_ReturnsScoreZeroAndDefaultSummary" storage="c:\users\admin\desktop\anteproyecto-verify\src\backend\api.tests\bin\debug\net8.0\api.tests.dll" id="f0e1e511-e13f-e8d9-e04b-28c87c7fd256">
      <Execution id="2aae95fd-7519-4d2f-8773-ec416141b320" />
      <TestMethod codeBase="C:\Users\Admin\Desktop\Anteproyecto-Verify\src\backend\Api.Tests\bin\Debug\net8.0\Api.Tests.dll" adapterTypeName="executor://xunit/VsTestRunner2/netcoreapp" className="Api.Tests.GetDocumentDiagnosisQueryHandlerTests" name="HandleAsync_NoDocuments_ReturnsScoreZeroAndDefaultSummary" />
    </UnitTest>
    <UnitTest name="Api.Tests.GetDocumentDiagnosisQueryHandlerTests.HandleAsync_AiServiceThrows_ReturnsFallbackResult" storage="c:\users\admin\desktop\anteproyecto-verify\src\backend\api.tests\bin\debug\net8.0\api.tests.dll" id="afdb3f1a-4623-7490-795d-e6837e60c3b8">
      <Execution id="9f6878b6-22bf-4ef6-a5fa-3753fc72f4ee" />
      <TestMethod codeBase="C:\Users\Admin\Desktop\Anteproyecto-Verify\src\backend\Api.Tests\bin\Debug\net8.0\Api.Tests.dll" adapterTypeName="executor://xunit/VsTestRunner2/netcoreapp" className="Api.Tests.GetDocumentDiagnosisQueryHandlerTests" name="HandleAsync_AiServiceThrows_ReturnsFallbackResult" />
    </UnitTest>
    <UnitTest name="Api.Tests.UnitTest1.Test1" storage="c:\users\admin\desktop\anteproyecto-verify\src\backend\api.tests\bin\debug\net8.0\api.tests.dll" id="9983a587-9771-0fbd-a017-1bbb600dfa5c">
      <Execution id="8a9e93f9-697b-4928-a327-a75fe319cf9f" />
      <TestMethod codeBase="C:\Users\Admin\Desktop\Anteproyecto-Verify\src\backend\Api.Tests\bin\Debug\net8.0\Api.Tests.dll" adapterTypeName="executor://xunit/VsTestRunner2/netcoreapp" className="Api.Tests.UnitTest1" name="Test1" />
    </UnitTest>
  </TestDefinitions>
  <TestEntries>
    <TestEntry testId="5380e8c3-5f3f-436c-34df-3b3a96511a9b" executionId="ae5f56af-d9b4-4bf7-9953-e73e31a4501a" testListId="8c84fa94-04c1-424b-9868-57a2d4851a1d" />
    <TestEntry testId="f0e1e511-e13f-e8d9-e04b-28c87c7fd256" executionId="2aae95fd-7519-4d2f-8773-ec416141b320" testListId="8c84fa94-04c1-424b-9868-57a2d4851a1d" />
    <TestEntry testId="7b8a1692-efa4-d511-32d7-4966224f8985" executionId="dc21f3d5-ed60-464e-ab80-62d2c3b821a3" testListId="8c84fa94-04c1-424b-9868-57a2d4851a1d" />
    <TestEntry testId="eff72f46-a3f9-d3a7-ff15-275794af9931" executionId="e53ff12f-490b-4bf3-9913-6e4cdd38bb40" testListId="8c84fa94-04c1-424b-9868-57a2d4851a1d" />
    <TestEntry testId="2bae8dcb-84de-ee76-203f-153ae7f3e8b4" executionId="85282d79-ee1a-4f90-8be8-7cea90f16b34" testListId="8c84fa94-04c1-424b-9868-57a2d4851a1d" />
    <TestEntry testId="afdb3f1a-4623-7490-795d-e6837e60c3b8" executionId="9f6878b6-22bf-4ef6-a5fa-3753fc72f4ee" testListId="8c84fa94-04c1-424b-9868-57a2d4851a1d" />
    <TestEntry testId="d613d3e3-a00c-805d-8fe8-9f741d534ffe" executionId="3498bbd6-b71c-440e-8490-872ed3e8015d" testListId="8c84fa94-04c1-424b-9868-57a2d4851a1d" />
    <TestEntry testId="62532f84-b3c3-01cc-4382-d22055358b75" executionId="3120482a-f1da-450d-a260-7c029022c0d4" testListId="8c84fa94-04c1-424b-9868-57a2d4851a1d" />
    <TestEntry testId="f94b12e1-cee5-36f3-81e3-df0658a53dcc" executionId="61896f41-99c2-440f-b227-bce194ded6fb" testListId="8c84fa94-04c1-424b-9868-57a2d4851a1d" />
    <TestEntry testId="a8a5ed93-5cab-7da6-6bf9-6122f5a5beb8" executionId="5fa05967-7fb3-4017-a099-44626afe7a64" testListId="8c84fa94-04c1-424b-9868-57a2d4851a1d" />
    <TestEntry testId="3dbf0911-bb1c-684c-f297-8a1080bd1b71" executionId="2f81845d-a941-44c8-beb2-5ee1e67b5ba2" testListId="8c84fa94-04c1-424b-9868-57a2d4851a1d" />
    <TestEntry testId="c0500782-0e63-83fc-9487-18b8746c1627" executionId="aea68b4b-8cd8-45eb-89ae-ea58f7c23759" testListId="8c84fa94-04c1-424b-9868-57a2d4851a1d" />
    <TestEntry testId="3f4a7373-ae45-356c-273c-1587d600f8fe" executionId="1a6a967b-b9f9-4aae-801b-863cd5b6fe9d" testListId="8c84fa94-04c1-424b-9868-57a2d4851a1d" />
    <TestEntry testId="9983a587-9771-0fbd-a017-1bbb600dfa5c" executionId="8a9e93f9-697b-4928-a327-a75fe319cf9f" testListId="8c84fa94-04c1-424b-9868-57a2d4851a1d" />
    <TestEntry testId="39116a4a-dcfa-62b0-77c9-919eab681596" executionId="3b45b927-d017-46e3-b539-435322bbb936" testListId="8c84fa94-04c1-424b-9868-57a2d4851a1d" />
  </TestEntries>
  <TestLists>
    <TestList name="Results Not in a List" id="8c84fa94-04c1-424b-9868-57a2d4851a1d" />
    <TestList name="All Loaded Results" id="19431567-8539-422a-85d7-44ee4e166bda" />
  </TestLists>
  <ResultSummary outcome="Failed">
    <Counters total="15" executed="15" passed="11" failed="4" error="0" timeout="0" aborted="0" inconclusive="0" passedButRunAborted="0" notRunnable="0" notExecuted="0" disconnected="0" warning="0" completed="0" inProgress="0" pending="0" />
    <Output>
      <StdOut>[xUnit.net 00:00:00.00] xUnit.net VSTest Adapter v2.5.3.1+6b60a9e56a (64-bit .NET 8.0.25)&#xD;
[xUnit.net 00:00:00.14]   Discovering: Api.Tests&#xD;
[xUnit.net 00:00:00.18]   Discovered:  Api.Tests&#xD;
[xUnit.net 00:00:00.18]   Starting:    Api.Tests&#xD;
[xUnit.net 00:00:00.47]       Assert.Contains() Failure: Sub-string not found&#xD;
[xUnit.net 00:00:00.47]       String:    "&lt;!DOCTYPE html&gt;\r\n&lt;html lang="es" xmlns="h"···&#xD;
[xUnit.net 00:00:00.47]       Not found: "badge-rejected"&#xD;
[xUnit.net 00:00:00.47]       Stack Trace:&#xD;
[xUnit.net 00:00:00.47]         C:\Users\Admin\Desktop\Anteproyecto-Verify\src\backend\Api.Tests\ResendEmailServiceTests.cs(172,0): at Api.Tests.ResendEmailServiceTests.SendDocumentStatusUpdateAsync_Rejected_UsesCorrectTemplate()&#xD;
[xUnit.net 00:00:00.47]         --- End of stack trace from previous location ---&#xD;
[xUnit.net 00:00:00.47]       Assert.Contains() Failure: Sub-string not found&#xD;
[xUnit.net 00:00:00.47]       String:    "&lt;!DOCTYPE html&gt;\r\n&lt;html lang="es" xmlns="h"···&#xD;
[xUnit.net 00:00:00.47]       Not found: "badge-verified"&#xD;
[xUnit.net 00:00:00.47]       Stack Trace:&#xD;
[xUnit.net 00:00:00.47]         C:\Users\Admin\Desktop\Anteproyecto-Verify\src\backend\Api.Tests\ResendEmailServiceTests.cs(145,0): at Api.Tests.ResendEmailServiceTests.SendDocumentStatusUpdateAsync_Approved_UsesCorrectTemplate()&#xD;
[xUnit.net 00:00:00.47]         --- End of stack trace from previous location ---&#xD;
warn: Program[0]&#xD;
      Database is not ready yet. Retrying in 2 seconds... (1/30). Error: Cannot open database "VeriFincaDb_Test2" requested by the login. The login failed.&#xD;
      Login failed for user 'ALVAGONZ\Admin'.&#xD;
warn: Program[0]&#xD;
      Database is not ready yet. Retrying in 2 seconds... (1/30). Error: Cannot open database "VeriFincaDb_Test2" requested by the login. The login failed.&#xD;
      Login failed for user 'ALVAGONZ\Admin'.&#xD;
warn: Program[0]&#xD;
      Database is not ready yet. Retrying in 2 seconds... (2/30). Error: Cannot open database "VeriFincaDb_Test2" requested by the login. The login failed.&#xD;
      Login failed for user 'ALVAGONZ\Admin'.&#xD;
warn: Program[0]&#xD;
      Database is not ready yet. Retrying in 2 seconds... (2/30). Error: Cannot open database "VeriFincaDb_Test2" requested by the login. The login failed.&#xD;
      Login failed for user 'ALVAGONZ\Admin'.&#xD;
warn: Program[0]&#xD;
      Database is not ready yet. Retrying in 2 seconds... (3/30). Error: Cannot open database "VeriFincaDb_Test2" requested by the login. The login failed.&#xD;
      Login failed for user 'ALVAGONZ\Admin'.&#xD;
warn: Program[0]&#xD;
      Database is not ready yet. Retrying in 2 seconds... (3/30). Error: Cannot open database "VeriFincaDb_Test2" requested by the login. The login failed.&#xD;
      Login failed for user 'ALVAGONZ\Admin'.&#xD;
warn: Program[0]&#xD;
      Database is not ready yet. Retrying in 2 seconds... (4/30). Error: Cannot open database "VeriFincaDb_Test2" requested by the login. The login failed.&#xD;
      Login failed for user 'ALVAGONZ\Admin'.&#xD;
warn: Program[0]&#xD;
      Database is not ready yet. Retrying in 2 seconds... (4/30). Error: Cannot open database "VeriFincaDb_Test2" requested by the login. The login failed.&#xD;
      Login failed for user 'ALVAGONZ\Admin'.&#xD;
warn: Program[0]&#xD;
      Database is not ready yet. Retrying in 2 seconds... (5/30). Error: Cannot open database "VeriFincaDb_Test2" requested by the login. The login failed.&#xD;
      Login failed for user 'ALVAGONZ\Admin'.&#xD;
warn: Program[0]&#xD;
      Database is not ready yet. Retrying in 2 seconds... (5/30). Error: Cannot open database "VeriFincaDb_Test2" requested by the login. The login failed.&#xD;
      Login failed for user 'ALVAGONZ\Admin'.&#xD;
warn: Program[0]&#xD;
      Database is not ready yet. Retrying in 2 seconds... (6/30). Error: Cannot open database "VeriFincaDb_Test2" requested by the login. The login failed.&#xD;
      Login failed for user 'ALVAGONZ\Admin'.&#xD;
warn: Program[0]&#xD;
      Database is not ready yet. Retrying in 2 seconds... (6/30). Error: Cannot open database "VeriFincaDb_Test2" requested by the login. The login failed.&#xD;
      Login failed for user 'ALVAGONZ\Admin'.&#xD;
warn: Program[0]&#xD;
      Database is not ready yet. Retrying in 2 seconds... (7/30). Error: Cannot open database "VeriFincaDb_Test2" requested by the login. The login failed.&#xD;
      Login failed for user 'ALVAGONZ\Admin'.&#xD;
warn: Program[0]&#xD;
      Database is not ready yet. Retrying in 2 seconds... (7/30). Error: Cannot open database "VeriFincaDb_Test2" requested by the login. The login failed.&#xD;
      Login failed for user 'ALVAGONZ\Admin'.&#xD;
warn: Program[0]&#xD;
      Database is not ready yet. Retrying in 2 seconds... (8/30). Error: Cannot open database "VeriFincaDb_Test2" requested by the login. The login failed.&#xD;
      Login failed for user 'ALVAGONZ\Admin'.&#xD;
warn: Program[0]&#xD;
      Database is not ready yet. Retrying in 2 seconds... (8/30). Error: Cannot open database "VeriFincaDb_Test2" requested by the login. The login failed.&#xD;
      Login failed for user 'ALVAGONZ\Admin'.&#xD;
warn: Program[0]&#xD;
      Database is not ready yet. Retrying in 2 seconds... (9/30). Error: Cannot open database "VeriFincaDb_Test2" requested by the login. The login failed.&#xD;
      Login failed for user 'ALVAGONZ\Admin'.&#xD;
warn: Program[0]&#xD;
      Database is not ready yet. Retrying in 2 seconds... (9/30). Error: Cannot open database "VeriFincaDb_Test2" requested by the login. The login failed.&#xD;
      Login failed for user 'ALVAGONZ\Admin'.&#xD;
warn: Program[0]&#xD;
      Database is not ready yet. Retrying in 2 seconds... (10/30). Error: Cannot open database "VeriFincaDb_Test2" requested by the login. The login failed.&#xD;
      Login failed for user 'ALVAGONZ\Admin'.&#xD;
warn: Program[0]&#xD;
      Database is not ready yet. Retrying in 2 seconds... (10/30). Error: Cannot open database "VeriFincaDb_Test2" requested by the login. The login failed.&#xD;
      Login failed for user 'ALVAGONZ\Admin'.&#xD;
warn: Program[0]&#xD;
      Database is not ready yet. Retrying in 2 seconds... (11/30). Error: Cannot open database "VeriFincaDb_Test2" requested by the login. The login failed.&#xD;
      Login failed for user 'ALVAGONZ\Admin'.&#xD;
warn: Program[0]&#xD;
      Database is not ready yet. Retrying in 2 seconds... (11/30). Error: Cannot open database "VeriFincaDb_Test2" requested by the login. The login failed.&#xD;
      Login failed for user 'ALVAGONZ\Admin'.&#xD;
warn: Program[0]&#xD;
      Database is not ready yet. Retrying in 2 seconds... (12/30). Error: Cannot open database "VeriFincaDb_Test2" requested by the login. The login failed.&#xD;
      Login failed for user 'ALVAGONZ\Admin'.&#xD;
warn: Program[0]&#xD;
      Database is not ready yet. Retrying in 2 seconds... (12/30). Error: Cannot open database "VeriFincaDb_Test2" requested by the login. The login failed.&#xD;
      Login failed for user 'ALVAGONZ\Admin'.&#xD;
warn: Program[0]&#xD;
      Database is not ready yet. Retrying in 2 seconds... (13/30). Error: Cannot open database "VeriFincaDb_Test2" requested by the login. The login failed.&#xD;
      Login failed for user 'ALVAGONZ\Admin'.&#xD;
warn: Program[0]&#xD;
      Database is not ready yet. Retrying in 2 seconds... (13/30). Error: Cannot open database "VeriFincaDb_Test2" requested by the login. The login failed.&#xD;
      Login failed for user 'ALVAGONZ\Admin'.&#xD;
warn: Program[0]&#xD;
      Database is not ready yet. Retrying in 2 seconds... (14/30). Error: Cannot open database "VeriFincaDb_Test2" requested by the login. The login failed.&#xD;
      Login failed for user 'ALVAGONZ\Admin'.&#xD;
warn: Program[0]&#xD;
      Database is not ready yet. Retrying in 2 seconds... (14/30). Error: Cannot open database "VeriFincaDb_Test2" requested by the login. The login failed.&#xD;
      Login failed for user 'ALVAGONZ\Admin'.&#xD;
warn: Program[0]&#xD;
      Database is not ready yet. Retrying in 2 seconds... (15/30). Error: Cannot open database "VeriFincaDb_Test2" requested by the login. The login failed.&#xD;
      Login failed for user 'ALVAGONZ\Admin'.&#xD;
warn: Program[0]&#xD;
      Database is not ready yet. Retrying in 2 seconds... (15/30). Error: Cannot open database "VeriFincaDb_Test2" requested by the login. The login failed.&#xD;
      Login failed for user 'ALVAGONZ\Admin'.&#xD;
warn: Program[0]&#xD;
      Database is not ready yet. Retrying in 2 seconds... (16/30). Error: Cannot open database "VeriFincaDb_Test2" requested by the login. The login failed.&#xD;
      Login failed for user 'ALVAGONZ\Admin'.&#xD;
warn: Program[0]&#xD;
      Database is not ready yet. Retrying in 2 seconds... (16/30). Error: Cannot open database "VeriFincaDb_Test2" requested by the login. The login failed.&#xD;
      Login failed for user 'ALVAGONZ\Admin'.&#xD;
warn: Program[0]&#xD;
      Database is not ready yet. Retrying in 2 seconds... (17/30). Error: Cannot open database "VeriFincaDb_Test2" requested by the login. The login failed.&#xD;
      Login failed for user 'ALVAGONZ\Admin'.&#xD;
warn: Program[0]&#xD;
      Database is not ready yet. Retrying in 2 seconds... (17/30). Error: Cannot open database "VeriFincaDb_Test2" requested by the login. The login failed.&#xD;
      Login failed for user 'ALVAGONZ\Admin'.&#xD;
warn: Program[0]&#xD;
      Database is not ready yet. Retrying in 2 seconds... (18/30). Error: Cannot open database "VeriFincaDb_Test2" requested by the login. The login failed.&#xD;
      Login failed for user 'ALVAGONZ\Admin'.&#xD;
warn: Program[0]&#xD;
      Database is not ready yet. Retrying in 2 seconds... (18/30). Error: Cannot open database "VeriFincaDb_Test2" requested by the login. The login failed.&#xD;
      Login failed for user 'ALVAGONZ\Admin'.&#xD;
warn: Program[0]&#xD;
      Database is not ready yet. Retrying in 2 seconds... (19/30). Error: Cannot open database "VeriFincaDb_Test2" requested by the login. The login failed.&#xD;
      Login failed for user 'ALVAGONZ\Admin'.&#xD;
warn: Program[0]&#xD;
      Database is not ready yet. Retrying in 2 seconds... (19/30). Error: Cannot open database "VeriFincaDb_Test2" requested by the login. The login failed.&#xD;
      Login failed for user 'ALVAGONZ\Admin'.&#xD;
warn: Program[0]&#xD;
      Database is not ready yet. Retrying in 2 seconds... (20/30). Error: Cannot open database "VeriFincaDb_Test2" requested by the login. The login failed.&#xD;
      Login failed for user 'ALVAGONZ\Admin'.&#xD;
warn: Program[0]&#xD;
      Database is not ready yet. Retrying in 2 seconds... (20/30). Error: Cannot open database "VeriFincaDb_Test2" requested by the login. The login failed.&#xD;
      Login failed for user 'ALVAGONZ\Admin'.&#xD;
warn: Program[0]&#xD;
      Database is not ready yet. Retrying in 2 seconds... (21/30). Error: Cannot open database "VeriFincaDb_Test2" requested by the login. The login failed.&#xD;
      Login failed for user 'ALVAGONZ\Admin'.&#xD;
warn: Program[0]&#xD;
      Database is not ready yet. Retrying in 2 seconds... (21/30). Error: Cannot open database "VeriFincaDb_Test2" requested by the login. The login failed.&#xD;
      Login failed for user 'ALVAGONZ\Admin'.&#xD;
warn: Program[0]&#xD;
      Database is not ready yet. Retrying in 2 seconds... (22/30). Error: Cannot open database "VeriFincaDb_Test2" requested by the login. The login failed.&#xD;
      Login failed for user 'ALVAGONZ\Admin'.&#xD;
warn: Program[0]&#xD;
      Database is not ready yet. Retrying in 2 seconds... (22/30). Error: Cannot open database "VeriFincaDb_Test2" requested by the login. The login failed.&#xD;
      Login failed for user 'ALVAGONZ\Admin'.&#xD;
warn: Program[0]&#xD;
      Database is not ready yet. Retrying in 2 seconds... (23/30). Error: Cannot open database "VeriFincaDb_Test2" requested by the login. The login failed.&#xD;
      Login failed for user 'ALVAGONZ\Admin'.&#xD;
warn: Program[0]&#xD;
      Database is not ready yet. Retrying in 2 seconds... (23/30). Error: Cannot open database "VeriFincaDb_Test2" requested by the login. The login failed.&#xD;
      Login failed for user 'ALVAGONZ\Admin'.&#xD;
warn: Program[0]&#xD;
      Database is not ready yet. Retrying in 2 seconds... (24/30). Error: Cannot open database "VeriFincaDb_Test2" requested by the login. The login failed.&#xD;
      Login failed for user 'ALVAGONZ\Admin'.&#xD;
warn: Program[0]&#xD;
      Database is not ready yet. Retrying in 2 seconds... (24/30). Error: Cannot open database "VeriFincaDb_Test2" requested by the login. The login failed.&#xD;
      Login failed for user 'ALVAGONZ\Admin'.&#xD;
warn: Program[0]&#xD;
      Database is not ready yet. Retrying in 2 seconds... (25/30). Error: Cannot open database "VeriFincaDb_Test2" requested by the login. The login failed.&#xD;
      Login failed for user 'ALVAGONZ\Admin'.&#xD;
warn: Program[0]&#xD;
      Database is not ready yet. Retrying in 2 seconds... (25/30). Error: Cannot open database "VeriFincaDb_Test2" requested by the login. The login failed.&#xD;
      Login failed for user 'ALVAGONZ\Admin'.&#xD;
warn: Program[0]&#xD;
      Database is not ready yet. Retrying in 2 seconds... (26/30). Error: Cannot open database "VeriFincaDb_Test2" requested by the login. The login failed.&#xD;
      Login failed for user 'ALVAGONZ\Admin'.&#xD;
warn: Program[0]&#xD;
      Database is not ready yet. Retrying in 2 seconds... (26/30). Error: Cannot open database "VeriFincaDb_Test2" requested by the login. The login failed.&#xD;
      Login failed for user 'ALVAGONZ\Admin'.&#xD;
warn: Program[0]&#xD;
      Database is not ready yet. Retrying in 2 seconds... (27/30). Error: Cannot open database "VeriFincaDb_Test2" requested by the login. The login failed.&#xD;
      Login failed for user 'ALVAGONZ\Admin'.&#xD;
warn: Program[0]&#xD;
      Database is not ready yet. Retrying in 2 seconds... (27/30). Error: Cannot open database "VeriFincaDb_Test2" requested by the login. The login failed.&#xD;
      Login failed for user 'ALVAGONZ\Admin'.&#xD;
warn: Program[0]&#xD;
      Database is not ready yet. Retrying in 2 seconds... (28/30). Error: Cannot open database "VeriFincaDb_Test2" requested by the login. The login failed.&#xD;
      Login failed for user 'ALVAGONZ\Admin'.&#xD;
warn: Program[0]&#xD;
      Database is not ready yet. Retrying in 2 seconds... (28/30). Error: Cannot open database "VeriFincaDb_Test2" requested by the login. The login failed.&#xD;
      Login failed for user 'ALVAGONZ\Admin'.&#xD;
warn: Program[0]&#xD;
      Database is not ready yet. Retrying in 2 seconds... (29/30). Error: Cannot open database "VeriFincaDb_Test2" requested by the login. The login failed.&#xD;
      Login failed for user 'ALVAGONZ\Admin'.&#xD;
warn: Program[0]&#xD;
      Database is not ready yet. Retrying in 2 seconds... (29/30). Error: Cannot open database "VeriFincaDb_Test2" requested by the login. The login failed.&#xD;
      Login failed for user 'ALVAGONZ\Admin'.&#xD;
warn: Program[0]&#xD;
      Database is not ready yet. Retrying in 2 seconds... (30/30). Error: Cannot open database "VeriFincaDb_Test2" requested by the login. The login failed.&#xD;
      Login failed for user 'ALVAGONZ\Admin'.&#xD;
warn: Program[0]&#xD;
      Database is not ready yet. Retrying in 2 seconds... (30/30). Error: Cannot open database "VeriFincaDb_Test2" requested by the login. The login failed.&#xD;
      Login failed for user 'ALVAGONZ\Admin'.&#xD;
fail: Program[0]&#xD;
      Could not connect to database after 30 retries.&#xD;
fail: Program[0]&#xD;
      Could not connect to database after 30 retries.&#xD;
=== FATAL STARTUP CRASH ===&#xD;
=== FATAL STARTUP CRASH ===&#xD;
System.InvalidOperationException: Database connection failed after retries.&#xD;
   at Program.&lt;Main&gt;$(String[] args) in C:\Users\Admin\Desktop\Anteproyecto-Verify\src\backend\Api\Program.cs:line 68&#xD;
System.InvalidOperationException: Database connection failed after retries.&#xD;
   at Program.&lt;Main&gt;$(String[] args) in C:\Users\Admin\Desktop\Anteproyecto-Verify\src\backend\Api\Program.cs:line 68&#xD;
[xUnit.net 00:01:42.20]       System.InvalidOperationException : Database connection failed after retries.&#xD;
[xUnit.net 00:01:42.20]       Stack Trace:&#xD;
[xUnit.net 00:01:42.20]         C:\Users\Admin\Desktop\Anteproyecto-Verify\src\backend\Api\Program.cs(68,0): at Program.&lt;Main&gt;$(String[] args)&#xD;
[xUnit.net 00:01:42.20]            at Program.&lt;Main&gt;(String[] args)&#xD;
[xUnit.net 00:01:42.20]            at System.RuntimeMethodHandle.InvokeMethod(Object target, Void** arguments, Signature sig, Boolean isConstructor)&#xD;
[xUnit.net 00:01:42.20]            at System.Reflection.MethodBaseInvoker.InvokeDirectByRefWithFewArgs(Object obj, Span`1 copyOfArgs, BindingFlags invokeAttr)&#xD;
[xUnit.net 00:01:42.20]         --- End of stack trace from previous location ---&#xD;
[xUnit.net 00:01:42.20]            at Microsoft.AspNetCore.Mvc.Testing.DeferredHostBuilder.DeferredHost.StartAsync(CancellationToken cancellationToken)&#xD;
[xUnit.net 00:01:42.20]            at Microsoft.Extensions.Hosting.HostingAbstractionsHostExtensions.Start(IHost host)&#xD;
[xUnit.net 00:01:42.20]            at Microsoft.AspNetCore.Mvc.Testing.WebApplicationFactory`1.CreateHost(IHostBuilder builder)&#xD;
[xUnit.net 00:01:42.20]            at Microsoft.AspNetCore.Mvc.Testing.WebApplicationFactory`1.ConfigureHostBuilder(IHostBuilder hostBuilder)&#xD;
[xUnit.net 00:01:42.20]            at Microsoft.AspNetCore.Mvc.Testing.WebApplicationFactory`1.EnsureServer()&#xD;
[xUnit.net 00:01:42.20]            at Microsoft.AspNetCore.Mvc.Testing.WebApplicationFactory`1.CreateDefaultClient(DelegatingHandler[] handlers)&#xD;
[xUnit.net 00:01:42.20]            at Microsoft.AspNetCore.Mvc.Testing.WebApplicationFactory`1.CreateDefaultClient(Uri baseAddress, DelegatingHandler[] handlers)&#xD;
[xUnit.net 00:01:42.20]            at Microsoft.AspNetCore.Mvc.Testing.WebApplicationFactory`1.CreateClient(WebApplicationFactoryClientOptions options)&#xD;
[xUnit.net 00:01:42.20]            at Microsoft.AspNetCore.Mvc.Testing.WebApplicationFactory`1.CreateClient()&#xD;
[xUnit.net 00:01:42.20]         C:\Users\Admin\Desktop\Anteproyecto-Verify\src\backend\Api.Tests\ApiStatusTests.cs(20,0): at Api.Tests.ApiStatusTests.Get_ApiStatus_ReturnsSuccessStatusCode()&#xD;
[xUnit.net 00:01:42.20]         --- End of stack trace from previous location ---&#xD;
[xUnit.net 00:01:42.20]       System.InvalidOperationException : Database connection failed after retries.&#xD;
[xUnit.net 00:01:42.20]       Stack Trace:&#xD;
[xUnit.net 00:01:42.20]         C:\Users\Admin\Desktop\Anteproyecto-Verify\src\backend\Api\Program.cs(68,0): at Program.&lt;Main&gt;$(String[] args)&#xD;
[xUnit.net 00:01:42.20]            at Program.&lt;Main&gt;(String[] args)&#xD;
[xUnit.net 00:01:42.20]            at System.RuntimeMethodHandle.InvokeMethod(Object target, Void** arguments, Signature sig, Boolean isConstructor)&#xD;
[xUnit.net 00:01:42.20]            at System.Reflection.MethodBaseInvoker.InvokeDirectByRefWithFewArgs(Object obj, Span`1 copyOfArgs, BindingFlags invokeAttr)&#xD;
[xUnit.net 00:01:42.20]         --- End of stack trace from previous location ---&#xD;
[xUnit.net 00:01:42.20]            at Microsoft.AspNetCore.Mvc.Testing.DeferredHostBuilder.DeferredHost.StartAsync(CancellationToken cancellationToken)&#xD;
[xUnit.net 00:01:42.20]            at Microsoft.Extensions.Hosting.HostingAbstractionsHostExtensions.Start(IHost host)&#xD;
[xUnit.net 00:01:42.20]            at Microsoft.AspNetCore.Mvc.Testing.WebApplicationFactory`1.CreateHost(IHostBuilder builder)&#xD;
[xUnit.net 00:01:42.20]            at Microsoft.AspNetCore.Mvc.Testing.WebApplicationFactory`1.ConfigureHostBuilder(IHostBuilder hostBuilder)&#xD;
[xUnit.net 00:01:42.20]            at Microsoft.AspNetCore.Mvc.Testing.WebApplicationFactory`1.EnsureServer()&#xD;
[xUnit.net 00:01:42.20]            at Microsoft.AspNetCore.Mvc.Testing.WebApplicationFactory`1.CreateDefaultClient(DelegatingHandler[] handlers)&#xD;
[xUnit.net 00:01:42.20]            at Microsoft.AspNetCore.Mvc.Testing.WebApplicationFactory`1.CreateDefaultClient(Uri baseAddress, DelegatingHandler[] handlers)&#xD;
[xUnit.net 00:01:42.20]            at Microsoft.AspNetCore.Mvc.Testing.WebApplicationFactory`1.CreateClient(WebApplicationFactoryClientOptions options)&#xD;
[xUnit.net 00:01:42.20]            at Microsoft.AspNetCore.Mvc.Testing.WebApplicationFactory`1.CreateClient()&#xD;
[xUnit.net 00:01:42.20]         C:\Users\Admin\Desktop\Anteproyecto-Verify\src\backend\Api.Tests\SwaggerTests.cs(20,0): at Api.Tests.SwaggerTests.Get_SwaggerIndex_ReturnsSuccessStatusCode()&#xD;
[xUnit.net 00:01:42.20]         --- End of stack trace from previous location ---&#xD;
[xUnit.net 00:01:42.21]   Finished:    Api.Tests&#xD;
</StdOut>
    </Output>
    <RunInfos>
      <RunInfo computerName="ALVAGONZ" outcome="Error" timestamp="2026-06-25T09:18:04.0590093-04:00">
        <Text>[xUnit.net 00:00:00.47]     Api.Tests.ResendEmailServiceTests.SendDocumentStatusUpdateAsync_Rejected_UsesCorrectTemplate [FAIL]</Text>
      </RunInfo>
      <RunInfo computerName="ALVAGONZ" outcome="Error" timestamp="2026-06-25T09:18:04.0595122-04:00">
        <Text>[xUnit.net 00:00:00.47]     Api.Tests.ResendEmailServiceTests.SendDocumentStatusUpdateAsync_Approved_UsesCorrectTemplate [FAIL]</Text>
      </RunInfo>
      <RunInfo computerName="ALVAGONZ" outcome="Error" timestamp="2026-06-25T09:19:45.7404146-04:00">
        <Text>[xUnit.net 00:01:42.20]     Api.Tests.ApiStatusTests.Get_ApiStatus_ReturnsSuccessStatusCode [FAIL]</Text>
      </RunInfo>
      <RunInfo computerName="ALVAGONZ" outcome="Error" timestamp="2026-06-25T09:19:45.7424418-04:00">
        <Text>[xUnit.net 00:01:42.20]     Api.Tests.SwaggerTests.Get_SwaggerIndex_ReturnsSuccessStatusCode [FAIL]</Text>
      </RunInfo>
    </RunInfos>
  </ResultSummary>
</TestRun>